[2025-06-28T00:50:33.476+0000] {processor.py:157} INFO - Started process (PID=10984) to work on /opt/airflow/dags/redditdag.py
[2025-06-28T00:50:33.477+0000] {processor.py:829} INFO - Processing file /opt/airflow/dags/redditdag.py for tasks to queue
[2025-06-28T00:50:33.491+0000] {logging_mixin.py:151} INFO - [2025-06-28T00:50:33.490+0000] {dagbag.py:536} INFO - Filling up the DagBag from /opt/airflow/dags/redditdag.py
[2025-06-28T00:50:33.497+0000] {logging_mixin.py:151} INFO - [2025-06-28T00:50:33.495+0000] {dagbag.py:346} ERROR - Failed to import: /opt/airflow/dags/redditdag.py
Traceback (most recent call last):
  File "/home/airflow/.local/lib/python3.9/site-packages/airflow/models/dagbag.py", line 342, in parse
    loader.exec_module(new_module)
  File "<frozen importlib._bootstrap_external>", line 850, in exec_module
  File "<frozen importlib._bootstrap>", line 228, in _call_with_frames_removed
  File "/opt/airflow/dags/redditdag.py", line 5, in <module>
    from airflow.providers.standard.operators.python import PythonOperator
ModuleNotFoundError: No module named 'airflow.providers.standard'
[2025-06-28T00:50:33.498+0000] {processor.py:841} WARNING - No viable dags retrieved from /opt/airflow/dags/redditdag.py
[2025-06-28T00:50:33.528+0000] {processor.py:179} INFO - Processing /opt/airflow/dags/redditdag.py took 0.063 seconds
[2025-06-28T04:17:25.108+0000] {processor.py:157} INFO - Started process (PID=10985) to work on /opt/airflow/dags/redditdag.py
[2025-06-28T04:17:25.110+0000] {processor.py:829} INFO - Processing file /opt/airflow/dags/redditdag.py for tasks to queue
[2025-06-28T04:17:25.117+0000] {logging_mixin.py:151} INFO - [2025-06-28T04:17:25.117+0000] {dagbag.py:536} INFO - Filling up the DagBag from /opt/airflow/dags/redditdag.py
[2025-06-28T04:17:25.125+0000] {logging_mixin.py:151} INFO - [2025-06-28T04:17:25.123+0000] {dagbag.py:346} ERROR - Failed to import: /opt/airflow/dags/redditdag.py
Traceback (most recent call last):
  File "/home/airflow/.local/lib/python3.9/site-packages/airflow/models/dagbag.py", line 342, in parse
    loader.exec_module(new_module)
  File "<frozen importlib._bootstrap_external>", line 850, in exec_module
  File "<frozen importlib._bootstrap>", line 228, in _call_with_frames_removed
  File "/opt/airflow/dags/redditdag.py", line 5, in <module>
    from airflow.providers.standard.operators.python import PythonOperator
ModuleNotFoundError: No module named 'airflow.providers.standard'
[2025-06-28T04:17:25.126+0000] {processor.py:841} WARNING - No viable dags retrieved from /opt/airflow/dags/redditdag.py
[2025-06-28T04:17:25.164+0000] {processor.py:179} INFO - Processing /opt/airflow/dags/redditdag.py took 0.063 seconds
[2025-06-28T07:19:32.673+0000] {processor.py:157} INFO - Started process (PID=10986) to work on /opt/airflow/dags/redditdag.py
[2025-06-28T07:19:32.675+0000] {processor.py:829} INFO - Processing file /opt/airflow/dags/redditdag.py for tasks to queue
[2025-06-28T07:19:32.680+0000] {logging_mixin.py:151} INFO - [2025-06-28T07:19:32.679+0000] {dagbag.py:536} INFO - Filling up the DagBag from /opt/airflow/dags/redditdag.py
[2025-06-28T07:19:32.686+0000] {logging_mixin.py:151} INFO - [2025-06-28T07:19:32.684+0000] {dagbag.py:346} ERROR - Failed to import: /opt/airflow/dags/redditdag.py
Traceback (most recent call last):
  File "/home/airflow/.local/lib/python3.9/site-packages/airflow/models/dagbag.py", line 342, in parse
    loader.exec_module(new_module)
  File "<frozen importlib._bootstrap_external>", line 850, in exec_module
  File "<frozen importlib._bootstrap>", line 228, in _call_with_frames_removed
  File "/opt/airflow/dags/redditdag.py", line 5, in <module>
    from airflow.providers.standard.operators.python import PythonOperator
ModuleNotFoundError: No module named 'airflow.providers.standard'
[2025-06-28T07:19:32.686+0000] {processor.py:841} WARNING - No viable dags retrieved from /opt/airflow/dags/redditdag.py
[2025-06-28T07:19:32.703+0000] {processor.py:179} INFO - Processing /opt/airflow/dags/redditdag.py took 0.035 seconds
[2025-06-28T07:31:50.952+0000] {processor.py:157} INFO - Started process (PID=10987) to work on /opt/airflow/dags/redditdag.py
[2025-06-28T07:31:50.953+0000] {processor.py:829} INFO - Processing file /opt/airflow/dags/redditdag.py for tasks to queue
[2025-06-28T07:31:50.971+0000] {logging_mixin.py:151} INFO - [2025-06-28T07:31:50.971+0000] {dagbag.py:536} INFO - Filling up the DagBag from /opt/airflow/dags/redditdag.py
[2025-06-28T07:31:51.010+0000] {logging_mixin.py:151} INFO - [2025-06-28T07:31:51.006+0000] {dagbag.py:346} ERROR - Failed to import: /opt/airflow/dags/redditdag.py
Traceback (most recent call last):
  File "/home/airflow/.local/lib/python3.9/site-packages/airflow/models/dagbag.py", line 342, in parse
    loader.exec_module(new_module)
  File "<frozen importlib._bootstrap_external>", line 850, in exec_module
  File "<frozen importlib._bootstrap>", line 228, in _call_with_frames_removed
  File "/opt/airflow/dags/redditdag.py", line 5, in <module>
    from airflow.providers.standard.operators.python import PythonOperator
ModuleNotFoundError: No module named 'airflow.providers.standard'
[2025-06-28T07:31:51.010+0000] {processor.py:841} WARNING - No viable dags retrieved from /opt/airflow/dags/redditdag.py
[2025-06-28T07:31:51.336+0000] {processor.py:179} INFO - Processing /opt/airflow/dags/redditdag.py took 0.391 seconds
[2025-06-28T09:21:43.321+0000] {processor.py:157} INFO - Started process (PID=10988) to work on /opt/airflow/dags/redditdag.py
[2025-06-28T09:21:43.322+0000] {processor.py:829} INFO - Processing file /opt/airflow/dags/redditdag.py for tasks to queue
[2025-06-28T09:21:43.329+0000] {logging_mixin.py:151} INFO - [2025-06-28T09:21:43.329+0000] {dagbag.py:536} INFO - Filling up the DagBag from /opt/airflow/dags/redditdag.py
[2025-06-28T09:21:43.337+0000] {logging_mixin.py:151} INFO - [2025-06-28T09:21:43.335+0000] {dagbag.py:346} ERROR - Failed to import: /opt/airflow/dags/redditdag.py
Traceback (most recent call last):
  File "/home/airflow/.local/lib/python3.9/site-packages/airflow/models/dagbag.py", line 342, in parse
    loader.exec_module(new_module)
  File "<frozen importlib._bootstrap_external>", line 850, in exec_module
  File "<frozen importlib._bootstrap>", line 228, in _call_with_frames_removed
  File "/opt/airflow/dags/redditdag.py", line 5, in <module>
    from airflow.providers.standard.operators.python import PythonOperator
ModuleNotFoundError: No module named 'airflow.providers.standard'
[2025-06-28T09:21:43.338+0000] {processor.py:841} WARNING - No viable dags retrieved from /opt/airflow/dags/redditdag.py
[2025-06-28T09:21:43.379+0000] {processor.py:179} INFO - Processing /opt/airflow/dags/redditdag.py took 0.066 seconds
[2025-06-28T12:07:34.929+0000] {processor.py:157} INFO - Started process (PID=10989) to work on /opt/airflow/dags/redditdag.py
[2025-06-28T12:07:34.931+0000] {processor.py:829} INFO - Processing file /opt/airflow/dags/redditdag.py for tasks to queue
[2025-06-28T12:07:34.937+0000] {logging_mixin.py:151} INFO - [2025-06-28T12:07:34.937+0000] {dagbag.py:536} INFO - Filling up the DagBag from /opt/airflow/dags/redditdag.py
[2025-06-28T12:07:34.945+0000] {logging_mixin.py:151} INFO - [2025-06-28T12:07:34.943+0000] {dagbag.py:346} ERROR - Failed to import: /opt/airflow/dags/redditdag.py
Traceback (most recent call last):
  File "/home/airflow/.local/lib/python3.9/site-packages/airflow/models/dagbag.py", line 342, in parse
    loader.exec_module(new_module)
  File "<frozen importlib._bootstrap_external>", line 850, in exec_module
  File "<frozen importlib._bootstrap>", line 228, in _call_with_frames_removed
  File "/opt/airflow/dags/redditdag.py", line 5, in <module>
    from airflow.providers.standard.operators.python import PythonOperator
ModuleNotFoundError: No module named 'airflow.providers.standard'
[2025-06-28T12:07:34.945+0000] {processor.py:841} WARNING - No viable dags retrieved from /opt/airflow/dags/redditdag.py
[2025-06-28T12:07:34.968+0000] {processor.py:179} INFO - Processing /opt/airflow/dags/redditdag.py took 0.060 seconds
[2025-06-28T14:14:33.019+0000] {processor.py:157} INFO - Started process (PID=10990) to work on /opt/airflow/dags/redditdag.py
[2025-06-28T14:14:33.021+0000] {processor.py:829} INFO - Processing file /opt/airflow/dags/redditdag.py for tasks to queue
[2025-06-28T14:14:33.026+0000] {logging_mixin.py:151} INFO - [2025-06-28T14:14:33.025+0000] {dagbag.py:536} INFO - Filling up the DagBag from /opt/airflow/dags/redditdag.py
[2025-06-28T14:14:33.033+0000] {logging_mixin.py:151} INFO - [2025-06-28T14:14:33.031+0000] {dagbag.py:346} ERROR - Failed to import: /opt/airflow/dags/redditdag.py
Traceback (most recent call last):
  File "/home/airflow/.local/lib/python3.9/site-packages/airflow/models/dagbag.py", line 342, in parse
    loader.exec_module(new_module)
  File "<frozen importlib._bootstrap_external>", line 850, in exec_module
  File "<frozen importlib._bootstrap>", line 228, in _call_with_frames_removed
  File "/opt/airflow/dags/redditdag.py", line 5, in <module>
    from airflow.providers.standard.operators.python import PythonOperator
ModuleNotFoundError: No module named 'airflow.providers.standard'
[2025-06-28T14:14:33.033+0000] {processor.py:841} WARNING - No viable dags retrieved from /opt/airflow/dags/redditdag.py
[2025-06-28T14:14:33.066+0000] {processor.py:179} INFO - Processing /opt/airflow/dags/redditdag.py took 0.052 seconds
[2025-06-28T16:27:30.927+0000] {processor.py:157} INFO - Started process (PID=10991) to work on /opt/airflow/dags/redditdag.py
[2025-06-28T16:27:30.931+0000] {processor.py:829} INFO - Processing file /opt/airflow/dags/redditdag.py for tasks to queue
[2025-06-28T16:27:30.944+0000] {logging_mixin.py:151} INFO - [2025-06-28T16:27:30.941+0000] {dagbag.py:536} INFO - Filling up the DagBag from /opt/airflow/dags/redditdag.py
[2025-06-28T16:27:30.983+0000] {logging_mixin.py:151} INFO - [2025-06-28T16:27:30.980+0000] {dagbag.py:346} ERROR - Failed to import: /opt/airflow/dags/redditdag.py
Traceback (most recent call last):
  File "/home/airflow/.local/lib/python3.9/site-packages/airflow/models/dagbag.py", line 342, in parse
    loader.exec_module(new_module)
  File "<frozen importlib._bootstrap_external>", line 850, in exec_module
  File "<frozen importlib._bootstrap>", line 228, in _call_with_frames_removed
  File "/opt/airflow/dags/redditdag.py", line 5, in <module>
    from airflow.providers.standard.operators.python import PythonOperator
ModuleNotFoundError: No module named 'airflow.providers.standard'
[2025-06-28T16:27:30.984+0000] {processor.py:841} WARNING - No viable dags retrieved from /opt/airflow/dags/redditdag.py
[2025-06-28T16:27:31.033+0000] {processor.py:179} INFO - Processing /opt/airflow/dags/redditdag.py took 0.116 seconds
[2025-06-28T19:32:29.043+0000] {processor.py:157} INFO - Started process (PID=10992) to work on /opt/airflow/dags/redditdag.py
[2025-06-28T19:32:29.044+0000] {processor.py:829} INFO - Processing file /opt/airflow/dags/redditdag.py for tasks to queue
[2025-06-28T19:32:29.050+0000] {logging_mixin.py:151} INFO - [2025-06-28T19:32:29.049+0000] {dagbag.py:536} INFO - Filling up the DagBag from /opt/airflow/dags/redditdag.py
[2025-06-28T19:32:29.057+0000] {logging_mixin.py:151} INFO - [2025-06-28T19:32:29.055+0000] {dagbag.py:346} ERROR - Failed to import: /opt/airflow/dags/redditdag.py
Traceback (most recent call last):
  File "/home/airflow/.local/lib/python3.9/site-packages/airflow/models/dagbag.py", line 342, in parse
    loader.exec_module(new_module)
  File "<frozen importlib._bootstrap_external>", line 850, in exec_module
  File "<frozen importlib._bootstrap>", line 228, in _call_with_frames_removed
  File "/opt/airflow/dags/redditdag.py", line 5, in <module>
    from airflow.providers.standard.operators.python import PythonOperator
ModuleNotFoundError: No module named 'airflow.providers.standard'
[2025-06-28T19:32:29.057+0000] {processor.py:841} WARNING - No viable dags retrieved from /opt/airflow/dags/redditdag.py
[2025-06-28T19:32:29.100+0000] {processor.py:179} INFO - Processing /opt/airflow/dags/redditdag.py took 0.067 seconds
[2025-06-28T22:17:36.984+0000] {processor.py:157} INFO - Started process (PID=10993) to work on /opt/airflow/dags/redditdag.py
[2025-06-28T22:17:36.986+0000] {processor.py:829} INFO - Processing file /opt/airflow/dags/redditdag.py for tasks to queue
[2025-06-28T22:17:36.990+0000] {logging_mixin.py:151} INFO - [2025-06-28T22:17:36.990+0000] {dagbag.py:536} INFO - Filling up the DagBag from /opt/airflow/dags/redditdag.py
[2025-06-28T22:17:36.998+0000] {logging_mixin.py:151} INFO - [2025-06-28T22:17:36.997+0000] {dagbag.py:346} ERROR - Failed to import: /opt/airflow/dags/redditdag.py
Traceback (most recent call last):
  File "/home/airflow/.local/lib/python3.9/site-packages/airflow/models/dagbag.py", line 342, in parse
    loader.exec_module(new_module)
  File "<frozen importlib._bootstrap_external>", line 850, in exec_module
  File "<frozen importlib._bootstrap>", line 228, in _call_with_frames_removed
  File "/opt/airflow/dags/redditdag.py", line 5, in <module>
    from airflow.providers.standard.operators.python import PythonOperator
ModuleNotFoundError: No module named 'airflow.providers.standard'
[2025-06-28T22:17:36.999+0000] {processor.py:841} WARNING - No viable dags retrieved from /opt/airflow/dags/redditdag.py
[2025-06-28T22:17:37.037+0000] {processor.py:179} INFO - Processing /opt/airflow/dags/redditdag.py took 0.059 seconds
