[2025-06-27T01:39:17.249+0000] {processor.py:157} INFO - Started process (PID=10942) to work on /opt/airflow/dags/redditdag.py
[2025-06-27T01:39:17.250+0000] {processor.py:829} INFO - Processing file /opt/airflow/dags/redditdag.py for tasks to queue
[2025-06-27T01:39:17.255+0000] {logging_mixin.py:151} INFO - [2025-06-27T01:39:17.254+0000] {dagbag.py:536} INFO - Filling up the DagBag from /opt/airflow/dags/redditdag.py
[2025-06-27T01:39:17.262+0000] {logging_mixin.py:151} INFO - [2025-06-27T01:39:17.261+0000] {dagbag.py:346} ERROR - Failed to import: /opt/airflow/dags/redditdag.py
Traceback (most recent call last):
  File "/home/airflow/.local/lib/python3.9/site-packages/airflow/models/dagbag.py", line 342, in parse
    loader.exec_module(new_module)
  File "<frozen importlib._bootstrap_external>", line 850, in exec_module
  File "<frozen importlib._bootstrap>", line 228, in _call_with_frames_removed
  File "/opt/airflow/dags/redditdag.py", line 5, in <module>
    from airflow.providers.standard.operators.python import PythonOperator
ModuleNotFoundError: No module named 'airflow.providers.standard'
[2025-06-27T01:39:17.262+0000] {processor.py:841} WARNING - No viable dags retrieved from /opt/airflow/dags/redditdag.py
[2025-06-27T01:39:17.284+0000] {processor.py:179} INFO - Processing /opt/airflow/dags/redditdag.py took 0.043 seconds
[2025-06-27T05:16:41.446+0000] {processor.py:157} INFO - Started process (PID=10943) to work on /opt/airflow/dags/redditdag.py
[2025-06-27T05:16:41.448+0000] {processor.py:829} INFO - Processing file /opt/airflow/dags/redditdag.py for tasks to queue
[2025-06-27T05:16:41.471+0000] {logging_mixin.py:151} INFO - [2025-06-27T05:16:41.471+0000] {dagbag.py:536} INFO - Filling up the DagBag from /opt/airflow/dags/redditdag.py
[2025-06-27T05:16:41.478+0000] {logging_mixin.py:151} INFO - [2025-06-27T05:16:41.476+0000] {dagbag.py:346} ERROR - Failed to import: /opt/airflow/dags/redditdag.py
Traceback (most recent call last):
  File "/home/airflow/.local/lib/python3.9/site-packages/airflow/models/dagbag.py", line 342, in parse
    loader.exec_module(new_module)
  File "<frozen importlib._bootstrap_external>", line 850, in exec_module
  File "<frozen importlib._bootstrap>", line 228, in _call_with_frames_removed
  File "/opt/airflow/dags/redditdag.py", line 5, in <module>
    from airflow.providers.standard.operators.python import PythonOperator
ModuleNotFoundError: No module named 'airflow.providers.standard'
[2025-06-27T05:16:41.478+0000] {processor.py:841} WARNING - No viable dags retrieved from /opt/airflow/dags/redditdag.py
[2025-06-27T05:16:41.498+0000] {processor.py:179} INFO - Processing /opt/airflow/dags/redditdag.py took 0.058 seconds
[2025-06-27T09:13:12.450+0000] {processor.py:157} INFO - Started process (PID=10944) to work on /opt/airflow/dags/redditdag.py
[2025-06-27T09:13:12.452+0000] {processor.py:829} INFO - Processing file /opt/airflow/dags/redditdag.py for tasks to queue
[2025-06-27T09:13:12.461+0000] {logging_mixin.py:151} INFO - [2025-06-27T09:13:12.460+0000] {dagbag.py:536} INFO - Filling up the DagBag from /opt/airflow/dags/redditdag.py
[2025-06-27T09:13:12.474+0000] {logging_mixin.py:151} INFO - [2025-06-27T09:13:12.471+0000] {dagbag.py:346} ERROR - Failed to import: /opt/airflow/dags/redditdag.py
Traceback (most recent call last):
  File "/home/airflow/.local/lib/python3.9/site-packages/airflow/models/dagbag.py", line 342, in parse
    loader.exec_module(new_module)
  File "<frozen importlib._bootstrap_external>", line 850, in exec_module
  File "<frozen importlib._bootstrap>", line 228, in _call_with_frames_removed
  File "/opt/airflow/dags/redditdag.py", line 5, in <module>
    from airflow.providers.standard.operators.python import PythonOperator
ModuleNotFoundError: No module named 'airflow.providers.standard'
[2025-06-27T09:13:12.475+0000] {processor.py:841} WARNING - No viable dags retrieved from /opt/airflow/dags/redditdag.py
[2025-06-27T09:13:12.520+0000] {processor.py:179} INFO - Processing /opt/airflow/dags/redditdag.py took 0.078 seconds
[2025-06-27T12:48:59.631+0000] {processor.py:157} INFO - Started process (PID=10945) to work on /opt/airflow/dags/redditdag.py
[2025-06-27T12:48:59.633+0000] {processor.py:829} INFO - Processing file /opt/airflow/dags/redditdag.py for tasks to queue
[2025-06-27T12:48:59.647+0000] {logging_mixin.py:151} INFO - [2025-06-27T12:48:59.640+0000] {dagbag.py:536} INFO - Filling up the DagBag from /opt/airflow/dags/redditdag.py
[2025-06-27T12:48:59.667+0000] {logging_mixin.py:151} INFO - [2025-06-27T12:48:59.664+0000] {dagbag.py:346} ERROR - Failed to import: /opt/airflow/dags/redditdag.py
Traceback (most recent call last):
  File "/home/airflow/.local/lib/python3.9/site-packages/airflow/models/dagbag.py", line 342, in parse
    loader.exec_module(new_module)
  File "<frozen importlib._bootstrap_external>", line 850, in exec_module
  File "<frozen importlib._bootstrap>", line 228, in _call_with_frames_removed
  File "/opt/airflow/dags/redditdag.py", line 5, in <module>
    from airflow.providers.standard.operators.python import PythonOperator
ModuleNotFoundError: No module named 'airflow.providers.standard'
[2025-06-27T12:48:59.667+0000] {processor.py:841} WARNING - No viable dags retrieved from /opt/airflow/dags/redditdag.py
[2025-06-27T12:48:59.698+0000] {processor.py:179} INFO - Processing /opt/airflow/dags/redditdag.py took 0.075 seconds
[2025-06-27T12:49:31.086+0000] {processor.py:157} INFO - Started process (PID=10946) to work on /opt/airflow/dags/redditdag.py
[2025-06-27T12:49:31.091+0000] {processor.py:829} INFO - Processing file /opt/airflow/dags/redditdag.py for tasks to queue
[2025-06-27T12:49:31.099+0000] {logging_mixin.py:151} INFO - [2025-06-27T12:49:31.099+0000] {dagbag.py:536} INFO - Filling up the DagBag from /opt/airflow/dags/redditdag.py
[2025-06-27T12:49:31.110+0000] {logging_mixin.py:151} INFO - [2025-06-27T12:49:31.107+0000] {dagbag.py:346} ERROR - Failed to import: /opt/airflow/dags/redditdag.py
Traceback (most recent call last):
  File "/home/airflow/.local/lib/python3.9/site-packages/airflow/models/dagbag.py", line 342, in parse
    loader.exec_module(new_module)
  File "<frozen importlib._bootstrap_external>", line 850, in exec_module
  File "<frozen importlib._bootstrap>", line 228, in _call_with_frames_removed
  File "/opt/airflow/dags/redditdag.py", line 5, in <module>
    from airflow.providers.standard.operators.python import PythonOperator
ModuleNotFoundError: No module named 'airflow.providers.standard'
[2025-06-27T12:49:31.110+0000] {processor.py:841} WARNING - No viable dags retrieved from /opt/airflow/dags/redditdag.py
[2025-06-27T12:49:31.165+0000] {processor.py:179} INFO - Processing /opt/airflow/dags/redditdag.py took 0.088 seconds
[2025-06-27T12:50:02.009+0000] {processor.py:157} INFO - Started process (PID=10947) to work on /opt/airflow/dags/redditdag.py
[2025-06-27T12:50:02.011+0000] {processor.py:829} INFO - Processing file /opt/airflow/dags/redditdag.py for tasks to queue
[2025-06-27T12:50:02.026+0000] {logging_mixin.py:151} INFO - [2025-06-27T12:50:02.025+0000] {dagbag.py:536} INFO - Filling up the DagBag from /opt/airflow/dags/redditdag.py
[2025-06-27T12:50:02.049+0000] {logging_mixin.py:151} INFO - [2025-06-27T12:50:02.046+0000] {dagbag.py:346} ERROR - Failed to import: /opt/airflow/dags/redditdag.py
Traceback (most recent call last):
  File "/home/airflow/.local/lib/python3.9/site-packages/airflow/models/dagbag.py", line 342, in parse
    loader.exec_module(new_module)
  File "<frozen importlib._bootstrap_external>", line 850, in exec_module
  File "<frozen importlib._bootstrap>", line 228, in _call_with_frames_removed
  File "/opt/airflow/dags/redditdag.py", line 5, in <module>
    from airflow.providers.standard.operators.python import PythonOperator
ModuleNotFoundError: No module named 'airflow.providers.standard'
[2025-06-27T12:50:02.050+0000] {processor.py:841} WARNING - No viable dags retrieved from /opt/airflow/dags/redditdag.py
[2025-06-27T12:50:02.102+0000] {processor.py:179} INFO - Processing /opt/airflow/dags/redditdag.py took 0.126 seconds
[2025-06-27T12:50:32.640+0000] {processor.py:157} INFO - Started process (PID=10948) to work on /opt/airflow/dags/redditdag.py
[2025-06-27T12:50:32.643+0000] {processor.py:829} INFO - Processing file /opt/airflow/dags/redditdag.py for tasks to queue
[2025-06-27T12:50:32.651+0000] {logging_mixin.py:151} INFO - [2025-06-27T12:50:32.650+0000] {dagbag.py:536} INFO - Filling up the DagBag from /opt/airflow/dags/redditdag.py
[2025-06-27T12:50:32.661+0000] {logging_mixin.py:151} INFO - [2025-06-27T12:50:32.658+0000] {dagbag.py:346} ERROR - Failed to import: /opt/airflow/dags/redditdag.py
Traceback (most recent call last):
  File "/home/airflow/.local/lib/python3.9/site-packages/airflow/models/dagbag.py", line 342, in parse
    loader.exec_module(new_module)
  File "<frozen importlib._bootstrap_external>", line 850, in exec_module
  File "<frozen importlib._bootstrap>", line 228, in _call_with_frames_removed
  File "/opt/airflow/dags/redditdag.py", line 5, in <module>
    from airflow.providers.standard.operators.python import PythonOperator
ModuleNotFoundError: No module named 'airflow.providers.standard'
[2025-06-27T12:50:32.661+0000] {processor.py:841} WARNING - No viable dags retrieved from /opt/airflow/dags/redditdag.py
[2025-06-27T12:50:32.713+0000] {processor.py:179} INFO - Processing /opt/airflow/dags/redditdag.py took 0.091 seconds
[2025-06-27T12:51:03.123+0000] {processor.py:157} INFO - Started process (PID=10949) to work on /opt/airflow/dags/redditdag.py
[2025-06-27T12:51:03.127+0000] {processor.py:829} INFO - Processing file /opt/airflow/dags/redditdag.py for tasks to queue
[2025-06-27T12:51:03.135+0000] {logging_mixin.py:151} INFO - [2025-06-27T12:51:03.134+0000] {dagbag.py:536} INFO - Filling up the DagBag from /opt/airflow/dags/redditdag.py
[2025-06-27T12:51:03.145+0000] {logging_mixin.py:151} INFO - [2025-06-27T12:51:03.143+0000] {dagbag.py:346} ERROR - Failed to import: /opt/airflow/dags/redditdag.py
Traceback (most recent call last):
  File "/home/airflow/.local/lib/python3.9/site-packages/airflow/models/dagbag.py", line 342, in parse
    loader.exec_module(new_module)
  File "<frozen importlib._bootstrap_external>", line 850, in exec_module
  File "<frozen importlib._bootstrap>", line 228, in _call_with_frames_removed
  File "/opt/airflow/dags/redditdag.py", line 5, in <module>
    from airflow.providers.standard.operators.python import PythonOperator
ModuleNotFoundError: No module named 'airflow.providers.standard'
[2025-06-27T12:51:03.146+0000] {processor.py:841} WARNING - No viable dags retrieved from /opt/airflow/dags/redditdag.py
[2025-06-27T12:51:03.366+0000] {processor.py:179} INFO - Processing /opt/airflow/dags/redditdag.py took 0.255 seconds
[2025-06-27T12:51:33.573+0000] {processor.py:157} INFO - Started process (PID=10950) to work on /opt/airflow/dags/redditdag.py
[2025-06-27T12:51:33.577+0000] {processor.py:829} INFO - Processing file /opt/airflow/dags/redditdag.py for tasks to queue
[2025-06-27T12:51:33.595+0000] {logging_mixin.py:151} INFO - [2025-06-27T12:51:33.592+0000] {dagbag.py:536} INFO - Filling up the DagBag from /opt/airflow/dags/redditdag.py
[2025-06-27T12:51:33.606+0000] {logging_mixin.py:151} INFO - [2025-06-27T12:51:33.604+0000] {dagbag.py:346} ERROR - Failed to import: /opt/airflow/dags/redditdag.py
Traceback (most recent call last):
  File "/home/airflow/.local/lib/python3.9/site-packages/airflow/models/dagbag.py", line 342, in parse
    loader.exec_module(new_module)
  File "<frozen importlib._bootstrap_external>", line 850, in exec_module
  File "<frozen importlib._bootstrap>", line 228, in _call_with_frames_removed
  File "/opt/airflow/dags/redditdag.py", line 5, in <module>
    from airflow.providers.standard.operators.python import PythonOperator
ModuleNotFoundError: No module named 'airflow.providers.standard'
[2025-06-27T12:51:33.606+0000] {processor.py:841} WARNING - No viable dags retrieved from /opt/airflow/dags/redditdag.py
[2025-06-27T12:51:33.657+0000] {processor.py:179} INFO - Processing /opt/airflow/dags/redditdag.py took 0.093 seconds
[2025-06-27T12:52:04.146+0000] {processor.py:157} INFO - Started process (PID=10951) to work on /opt/airflow/dags/redditdag.py
[2025-06-27T12:52:04.186+0000] {processor.py:829} INFO - Processing file /opt/airflow/dags/redditdag.py for tasks to queue
[2025-06-27T12:52:04.201+0000] {logging_mixin.py:151} INFO - [2025-06-27T12:52:04.200+0000] {dagbag.py:536} INFO - Filling up the DagBag from /opt/airflow/dags/redditdag.py
[2025-06-27T12:52:04.211+0000] {logging_mixin.py:151} INFO - [2025-06-27T12:52:04.209+0000] {dagbag.py:346} ERROR - Failed to import: /opt/airflow/dags/redditdag.py
Traceback (most recent call last):
  File "/home/airflow/.local/lib/python3.9/site-packages/airflow/models/dagbag.py", line 342, in parse
    loader.exec_module(new_module)
  File "<frozen importlib._bootstrap_external>", line 850, in exec_module
  File "<frozen importlib._bootstrap>", line 228, in _call_with_frames_removed
  File "/opt/airflow/dags/redditdag.py", line 5, in <module>
    from airflow.providers.standard.operators.python import PythonOperator
ModuleNotFoundError: No module named 'airflow.providers.standard'
[2025-06-27T12:52:04.211+0000] {processor.py:841} WARNING - No viable dags retrieved from /opt/airflow/dags/redditdag.py
[2025-06-27T12:52:04.268+0000] {processor.py:179} INFO - Processing /opt/airflow/dags/redditdag.py took 0.132 seconds
[2025-06-27T12:52:35.011+0000] {processor.py:157} INFO - Started process (PID=10952) to work on /opt/airflow/dags/redditdag.py
[2025-06-27T12:52:35.013+0000] {processor.py:829} INFO - Processing file /opt/airflow/dags/redditdag.py for tasks to queue
[2025-06-27T12:52:35.021+0000] {logging_mixin.py:151} INFO - [2025-06-27T12:52:35.020+0000] {dagbag.py:536} INFO - Filling up the DagBag from /opt/airflow/dags/redditdag.py
[2025-06-27T12:52:35.057+0000] {logging_mixin.py:151} INFO - [2025-06-27T12:52:35.044+0000] {dagbag.py:346} ERROR - Failed to import: /opt/airflow/dags/redditdag.py
Traceback (most recent call last):
  File "/home/airflow/.local/lib/python3.9/site-packages/airflow/models/dagbag.py", line 342, in parse
    loader.exec_module(new_module)
  File "<frozen importlib._bootstrap_external>", line 850, in exec_module
  File "<frozen importlib._bootstrap>", line 228, in _call_with_frames_removed
  File "/opt/airflow/dags/redditdag.py", line 5, in <module>
    from airflow.providers.standard.operators.python import PythonOperator
ModuleNotFoundError: No module named 'airflow.providers.standard'
[2025-06-27T12:52:35.058+0000] {processor.py:841} WARNING - No viable dags retrieved from /opt/airflow/dags/redditdag.py
[2025-06-27T12:52:35.236+0000] {processor.py:179} INFO - Processing /opt/airflow/dags/redditdag.py took 0.236 seconds
[2025-06-27T12:53:05.458+0000] {processor.py:157} INFO - Started process (PID=10953) to work on /opt/airflow/dags/redditdag.py
[2025-06-27T12:53:05.459+0000] {processor.py:829} INFO - Processing file /opt/airflow/dags/redditdag.py for tasks to queue
[2025-06-27T12:53:05.475+0000] {logging_mixin.py:151} INFO - [2025-06-27T12:53:05.474+0000] {dagbag.py:536} INFO - Filling up the DagBag from /opt/airflow/dags/redditdag.py
[2025-06-27T12:53:05.484+0000] {logging_mixin.py:151} INFO - [2025-06-27T12:53:05.482+0000] {dagbag.py:346} ERROR - Failed to import: /opt/airflow/dags/redditdag.py
Traceback (most recent call last):
  File "/home/airflow/.local/lib/python3.9/site-packages/airflow/models/dagbag.py", line 342, in parse
    loader.exec_module(new_module)
  File "<frozen importlib._bootstrap_external>", line 850, in exec_module
  File "<frozen importlib._bootstrap>", line 228, in _call_with_frames_removed
  File "/opt/airflow/dags/redditdag.py", line 5, in <module>
    from airflow.providers.standard.operators.python import PythonOperator
ModuleNotFoundError: No module named 'airflow.providers.standard'
[2025-06-27T12:53:05.484+0000] {processor.py:841} WARNING - No viable dags retrieved from /opt/airflow/dags/redditdag.py
[2025-06-27T12:53:05.539+0000] {processor.py:179} INFO - Processing /opt/airflow/dags/redditdag.py took 0.090 seconds
[2025-06-27T12:53:35.966+0000] {processor.py:157} INFO - Started process (PID=10954) to work on /opt/airflow/dags/redditdag.py
[2025-06-27T12:53:35.968+0000] {processor.py:829} INFO - Processing file /opt/airflow/dags/redditdag.py for tasks to queue
[2025-06-27T12:53:35.973+0000] {logging_mixin.py:151} INFO - [2025-06-27T12:53:35.973+0000] {dagbag.py:536} INFO - Filling up the DagBag from /opt/airflow/dags/redditdag.py
[2025-06-27T12:53:35.982+0000] {logging_mixin.py:151} INFO - [2025-06-27T12:53:35.980+0000] {dagbag.py:346} ERROR - Failed to import: /opt/airflow/dags/redditdag.py
Traceback (most recent call last):
  File "/home/airflow/.local/lib/python3.9/site-packages/airflow/models/dagbag.py", line 342, in parse
    loader.exec_module(new_module)
  File "<frozen importlib._bootstrap_external>", line 850, in exec_module
  File "<frozen importlib._bootstrap>", line 228, in _call_with_frames_removed
  File "/opt/airflow/dags/redditdag.py", line 5, in <module>
    from airflow.providers.standard.operators.python import PythonOperator
ModuleNotFoundError: No module named 'airflow.providers.standard'
[2025-06-27T12:53:35.982+0000] {processor.py:841} WARNING - No viable dags retrieved from /opt/airflow/dags/redditdag.py
[2025-06-27T12:53:36.020+0000] {processor.py:179} INFO - Processing /opt/airflow/dags/redditdag.py took 0.074 seconds
[2025-06-27T12:54:06.531+0000] {processor.py:157} INFO - Started process (PID=10955) to work on /opt/airflow/dags/redditdag.py
[2025-06-27T12:54:06.532+0000] {processor.py:829} INFO - Processing file /opt/airflow/dags/redditdag.py for tasks to queue
[2025-06-27T12:54:06.540+0000] {logging_mixin.py:151} INFO - [2025-06-27T12:54:06.539+0000] {dagbag.py:536} INFO - Filling up the DagBag from /opt/airflow/dags/redditdag.py
[2025-06-27T12:54:06.548+0000] {logging_mixin.py:151} INFO - [2025-06-27T12:54:06.546+0000] {dagbag.py:346} ERROR - Failed to import: /opt/airflow/dags/redditdag.py
Traceback (most recent call last):
  File "/home/airflow/.local/lib/python3.9/site-packages/airflow/models/dagbag.py", line 342, in parse
    loader.exec_module(new_module)
  File "<frozen importlib._bootstrap_external>", line 850, in exec_module
  File "<frozen importlib._bootstrap>", line 228, in _call_with_frames_removed
  File "/opt/airflow/dags/redditdag.py", line 5, in <module>
    from airflow.providers.standard.operators.python import PythonOperator
ModuleNotFoundError: No module named 'airflow.providers.standard'
[2025-06-27T12:54:06.548+0000] {processor.py:841} WARNING - No viable dags retrieved from /opt/airflow/dags/redditdag.py
[2025-06-27T12:54:06.593+0000] {processor.py:179} INFO - Processing /opt/airflow/dags/redditdag.py took 0.070 seconds
[2025-06-27T12:54:37.048+0000] {processor.py:157} INFO - Started process (PID=10956) to work on /opt/airflow/dags/redditdag.py
[2025-06-27T12:54:37.049+0000] {processor.py:829} INFO - Processing file /opt/airflow/dags/redditdag.py for tasks to queue
[2025-06-27T12:54:37.054+0000] {logging_mixin.py:151} INFO - [2025-06-27T12:54:37.054+0000] {dagbag.py:536} INFO - Filling up the DagBag from /opt/airflow/dags/redditdag.py
[2025-06-27T12:54:37.062+0000] {logging_mixin.py:151} INFO - [2025-06-27T12:54:37.060+0000] {dagbag.py:346} ERROR - Failed to import: /opt/airflow/dags/redditdag.py
Traceback (most recent call last):
  File "/home/airflow/.local/lib/python3.9/site-packages/airflow/models/dagbag.py", line 342, in parse
    loader.exec_module(new_module)
  File "<frozen importlib._bootstrap_external>", line 850, in exec_module
  File "<frozen importlib._bootstrap>", line 228, in _call_with_frames_removed
  File "/opt/airflow/dags/redditdag.py", line 5, in <module>
    from airflow.providers.standard.operators.python import PythonOperator
ModuleNotFoundError: No module named 'airflow.providers.standard'
[2025-06-27T12:54:37.062+0000] {processor.py:841} WARNING - No viable dags retrieved from /opt/airflow/dags/redditdag.py
[2025-06-27T12:54:37.089+0000] {processor.py:179} INFO - Processing /opt/airflow/dags/redditdag.py took 0.069 seconds
[2025-06-27T12:55:07.597+0000] {processor.py:157} INFO - Started process (PID=10957) to work on /opt/airflow/dags/redditdag.py
[2025-06-27T12:55:07.599+0000] {processor.py:829} INFO - Processing file /opt/airflow/dags/redditdag.py for tasks to queue
[2025-06-27T12:55:07.604+0000] {logging_mixin.py:151} INFO - [2025-06-27T12:55:07.604+0000] {dagbag.py:536} INFO - Filling up the DagBag from /opt/airflow/dags/redditdag.py
[2025-06-27T12:55:07.612+0000] {logging_mixin.py:151} INFO - [2025-06-27T12:55:07.610+0000] {dagbag.py:346} ERROR - Failed to import: /opt/airflow/dags/redditdag.py
Traceback (most recent call last):
  File "/home/airflow/.local/lib/python3.9/site-packages/airflow/models/dagbag.py", line 342, in parse
    loader.exec_module(new_module)
  File "<frozen importlib._bootstrap_external>", line 850, in exec_module
  File "<frozen importlib._bootstrap>", line 228, in _call_with_frames_removed
  File "/opt/airflow/dags/redditdag.py", line 5, in <module>
    from airflow.providers.standard.operators.python import PythonOperator
ModuleNotFoundError: No module named 'airflow.providers.standard'
[2025-06-27T12:55:07.613+0000] {processor.py:841} WARNING - No viable dags retrieved from /opt/airflow/dags/redditdag.py
[2025-06-27T12:55:07.649+0000] {processor.py:179} INFO - Processing /opt/airflow/dags/redditdag.py took 0.068 seconds
[2025-06-27T12:55:38.042+0000] {processor.py:157} INFO - Started process (PID=10958) to work on /opt/airflow/dags/redditdag.py
[2025-06-27T12:55:38.044+0000] {processor.py:829} INFO - Processing file /opt/airflow/dags/redditdag.py for tasks to queue
[2025-06-27T12:55:38.051+0000] {logging_mixin.py:151} INFO - [2025-06-27T12:55:38.050+0000] {dagbag.py:536} INFO - Filling up the DagBag from /opt/airflow/dags/redditdag.py
[2025-06-27T12:55:38.059+0000] {logging_mixin.py:151} INFO - [2025-06-27T12:55:38.057+0000] {dagbag.py:346} ERROR - Failed to import: /opt/airflow/dags/redditdag.py
Traceback (most recent call last):
  File "/home/airflow/.local/lib/python3.9/site-packages/airflow/models/dagbag.py", line 342, in parse
    loader.exec_module(new_module)
  File "<frozen importlib._bootstrap_external>", line 850, in exec_module
  File "<frozen importlib._bootstrap>", line 228, in _call_with_frames_removed
  File "/opt/airflow/dags/redditdag.py", line 5, in <module>
    from airflow.providers.standard.operators.python import PythonOperator
ModuleNotFoundError: No module named 'airflow.providers.standard'
[2025-06-27T12:55:38.060+0000] {processor.py:841} WARNING - No viable dags retrieved from /opt/airflow/dags/redditdag.py
[2025-06-27T12:55:38.110+0000] {processor.py:179} INFO - Processing /opt/airflow/dags/redditdag.py took 0.075 seconds
[2025-06-27T12:56:08.486+0000] {processor.py:157} INFO - Started process (PID=10959) to work on /opt/airflow/dags/redditdag.py
[2025-06-27T12:56:08.488+0000] {processor.py:829} INFO - Processing file /opt/airflow/dags/redditdag.py for tasks to queue
[2025-06-27T12:56:08.494+0000] {logging_mixin.py:151} INFO - [2025-06-27T12:56:08.493+0000] {dagbag.py:536} INFO - Filling up the DagBag from /opt/airflow/dags/redditdag.py
[2025-06-27T12:56:08.501+0000] {logging_mixin.py:151} INFO - [2025-06-27T12:56:08.500+0000] {dagbag.py:346} ERROR - Failed to import: /opt/airflow/dags/redditdag.py
Traceback (most recent call last):
  File "/home/airflow/.local/lib/python3.9/site-packages/airflow/models/dagbag.py", line 342, in parse
    loader.exec_module(new_module)
  File "<frozen importlib._bootstrap_external>", line 850, in exec_module
  File "<frozen importlib._bootstrap>", line 228, in _call_with_frames_removed
  File "/opt/airflow/dags/redditdag.py", line 5, in <module>
    from airflow.providers.standard.operators.python import PythonOperator
ModuleNotFoundError: No module named 'airflow.providers.standard'
[2025-06-27T12:56:08.502+0000] {processor.py:841} WARNING - No viable dags retrieved from /opt/airflow/dags/redditdag.py
[2025-06-27T12:56:08.536+0000] {processor.py:179} INFO - Processing /opt/airflow/dags/redditdag.py took 0.059 seconds
[2025-06-27T12:56:38.908+0000] {processor.py:157} INFO - Started process (PID=10960) to work on /opt/airflow/dags/redditdag.py
[2025-06-27T12:56:38.914+0000] {processor.py:829} INFO - Processing file /opt/airflow/dags/redditdag.py for tasks to queue
[2025-06-27T12:56:38.925+0000] {logging_mixin.py:151} INFO - [2025-06-27T12:56:38.925+0000] {dagbag.py:536} INFO - Filling up the DagBag from /opt/airflow/dags/redditdag.py
[2025-06-27T12:56:38.933+0000] {logging_mixin.py:151} INFO - [2025-06-27T12:56:38.931+0000] {dagbag.py:346} ERROR - Failed to import: /opt/airflow/dags/redditdag.py
Traceback (most recent call last):
  File "/home/airflow/.local/lib/python3.9/site-packages/airflow/models/dagbag.py", line 342, in parse
    loader.exec_module(new_module)
  File "<frozen importlib._bootstrap_external>", line 850, in exec_module
  File "<frozen importlib._bootstrap>", line 228, in _call_with_frames_removed
  File "/opt/airflow/dags/redditdag.py", line 5, in <module>
    from airflow.providers.standard.operators.python import PythonOperator
ModuleNotFoundError: No module named 'airflow.providers.standard'
[2025-06-27T12:56:38.933+0000] {processor.py:841} WARNING - No viable dags retrieved from /opt/airflow/dags/redditdag.py
[2025-06-27T12:56:38.979+0000] {processor.py:179} INFO - Processing /opt/airflow/dags/redditdag.py took 0.081 seconds
[2025-06-27T12:57:09.363+0000] {processor.py:157} INFO - Started process (PID=10961) to work on /opt/airflow/dags/redditdag.py
[2025-06-27T12:57:09.370+0000] {processor.py:829} INFO - Processing file /opt/airflow/dags/redditdag.py for tasks to queue
[2025-06-27T12:57:09.376+0000] {logging_mixin.py:151} INFO - [2025-06-27T12:57:09.376+0000] {dagbag.py:536} INFO - Filling up the DagBag from /opt/airflow/dags/redditdag.py
[2025-06-27T12:57:09.384+0000] {logging_mixin.py:151} INFO - [2025-06-27T12:57:09.383+0000] {dagbag.py:346} ERROR - Failed to import: /opt/airflow/dags/redditdag.py
Traceback (most recent call last):
  File "/home/airflow/.local/lib/python3.9/site-packages/airflow/models/dagbag.py", line 342, in parse
    loader.exec_module(new_module)
  File "<frozen importlib._bootstrap_external>", line 850, in exec_module
  File "<frozen importlib._bootstrap>", line 228, in _call_with_frames_removed
  File "/opt/airflow/dags/redditdag.py", line 5, in <module>
    from airflow.providers.standard.operators.python import PythonOperator
ModuleNotFoundError: No module named 'airflow.providers.standard'
[2025-06-27T12:57:09.385+0000] {processor.py:841} WARNING - No viable dags retrieved from /opt/airflow/dags/redditdag.py
[2025-06-27T12:57:09.421+0000] {processor.py:179} INFO - Processing /opt/airflow/dags/redditdag.py took 0.099 seconds
[2025-06-27T12:57:39.743+0000] {processor.py:157} INFO - Started process (PID=10962) to work on /opt/airflow/dags/redditdag.py
[2025-06-27T12:57:39.745+0000] {processor.py:829} INFO - Processing file /opt/airflow/dags/redditdag.py for tasks to queue
[2025-06-27T12:57:39.750+0000] {logging_mixin.py:151} INFO - [2025-06-27T12:57:39.749+0000] {dagbag.py:536} INFO - Filling up the DagBag from /opt/airflow/dags/redditdag.py
[2025-06-27T12:57:39.754+0000] {logging_mixin.py:151} INFO - [2025-06-27T12:57:39.753+0000] {dagbag.py:346} ERROR - Failed to import: /opt/airflow/dags/redditdag.py
Traceback (most recent call last):
  File "/home/airflow/.local/lib/python3.9/site-packages/airflow/models/dagbag.py", line 342, in parse
    loader.exec_module(new_module)
  File "<frozen importlib._bootstrap_external>", line 850, in exec_module
  File "<frozen importlib._bootstrap>", line 228, in _call_with_frames_removed
  File "/opt/airflow/dags/redditdag.py", line 5, in <module>
    from airflow.providers.standard.operators.python import PythonOperator
ModuleNotFoundError: No module named 'airflow.providers.standard'
[2025-06-27T12:57:39.755+0000] {processor.py:841} WARNING - No viable dags retrieved from /opt/airflow/dags/redditdag.py
[2025-06-27T12:57:39.779+0000] {processor.py:179} INFO - Processing /opt/airflow/dags/redditdag.py took 0.044 seconds
[2025-06-27T12:58:10.226+0000] {processor.py:157} INFO - Started process (PID=10963) to work on /opt/airflow/dags/redditdag.py
[2025-06-27T12:58:10.228+0000] {processor.py:829} INFO - Processing file /opt/airflow/dags/redditdag.py for tasks to queue
[2025-06-27T12:58:10.234+0000] {logging_mixin.py:151} INFO - [2025-06-27T12:58:10.234+0000] {dagbag.py:536} INFO - Filling up the DagBag from /opt/airflow/dags/redditdag.py
[2025-06-27T12:58:10.241+0000] {logging_mixin.py:151} INFO - [2025-06-27T12:58:10.240+0000] {dagbag.py:346} ERROR - Failed to import: /opt/airflow/dags/redditdag.py
Traceback (most recent call last):
  File "/home/airflow/.local/lib/python3.9/site-packages/airflow/models/dagbag.py", line 342, in parse
    loader.exec_module(new_module)
  File "<frozen importlib._bootstrap_external>", line 850, in exec_module
  File "<frozen importlib._bootstrap>", line 228, in _call_with_frames_removed
  File "/opt/airflow/dags/redditdag.py", line 5, in <module>
    from airflow.providers.standard.operators.python import PythonOperator
ModuleNotFoundError: No module named 'airflow.providers.standard'
[2025-06-27T12:58:10.242+0000] {processor.py:841} WARNING - No viable dags retrieved from /opt/airflow/dags/redditdag.py
[2025-06-27T12:58:10.275+0000] {processor.py:179} INFO - Processing /opt/airflow/dags/redditdag.py took 0.058 seconds
[2025-06-27T12:58:40.597+0000] {processor.py:157} INFO - Started process (PID=10964) to work on /opt/airflow/dags/redditdag.py
[2025-06-27T12:58:40.600+0000] {processor.py:829} INFO - Processing file /opt/airflow/dags/redditdag.py for tasks to queue
[2025-06-27T12:58:40.605+0000] {logging_mixin.py:151} INFO - [2025-06-27T12:58:40.605+0000] {dagbag.py:536} INFO - Filling up the DagBag from /opt/airflow/dags/redditdag.py
[2025-06-27T12:58:40.610+0000] {logging_mixin.py:151} INFO - [2025-06-27T12:58:40.609+0000] {dagbag.py:346} ERROR - Failed to import: /opt/airflow/dags/redditdag.py
Traceback (most recent call last):
  File "/home/airflow/.local/lib/python3.9/site-packages/airflow/models/dagbag.py", line 342, in parse
    loader.exec_module(new_module)
  File "<frozen importlib._bootstrap_external>", line 850, in exec_module
  File "<frozen importlib._bootstrap>", line 228, in _call_with_frames_removed
  File "/opt/airflow/dags/redditdag.py", line 5, in <module>
    from airflow.providers.standard.operators.python import PythonOperator
ModuleNotFoundError: No module named 'airflow.providers.standard'
[2025-06-27T12:58:40.611+0000] {processor.py:841} WARNING - No viable dags retrieved from /opt/airflow/dags/redditdag.py
[2025-06-27T12:58:40.627+0000] {processor.py:179} INFO - Processing /opt/airflow/dags/redditdag.py took 0.040 seconds
[2025-06-27T12:59:11.121+0000] {processor.py:157} INFO - Started process (PID=10965) to work on /opt/airflow/dags/redditdag.py
[2025-06-27T12:59:11.124+0000] {processor.py:829} INFO - Processing file /opt/airflow/dags/redditdag.py for tasks to queue
[2025-06-27T12:59:11.138+0000] {logging_mixin.py:151} INFO - [2025-06-27T12:59:11.137+0000] {dagbag.py:536} INFO - Filling up the DagBag from /opt/airflow/dags/redditdag.py
[2025-06-27T12:59:11.145+0000] {logging_mixin.py:151} INFO - [2025-06-27T12:59:11.143+0000] {dagbag.py:346} ERROR - Failed to import: /opt/airflow/dags/redditdag.py
Traceback (most recent call last):
  File "/home/airflow/.local/lib/python3.9/site-packages/airflow/models/dagbag.py", line 342, in parse
    loader.exec_module(new_module)
  File "<frozen importlib._bootstrap_external>", line 850, in exec_module
  File "<frozen importlib._bootstrap>", line 228, in _call_with_frames_removed
  File "/opt/airflow/dags/redditdag.py", line 5, in <module>
    from airflow.providers.standard.operators.python import PythonOperator
ModuleNotFoundError: No module named 'airflow.providers.standard'
[2025-06-27T12:59:11.146+0000] {processor.py:841} WARNING - No viable dags retrieved from /opt/airflow/dags/redditdag.py
[2025-06-27T12:59:11.171+0000] {processor.py:179} INFO - Processing /opt/airflow/dags/redditdag.py took 0.062 seconds
[2025-06-27T12:59:41.495+0000] {processor.py:157} INFO - Started process (PID=10966) to work on /opt/airflow/dags/redditdag.py
[2025-06-27T12:59:41.498+0000] {processor.py:829} INFO - Processing file /opt/airflow/dags/redditdag.py for tasks to queue
[2025-06-27T12:59:41.504+0000] {logging_mixin.py:151} INFO - [2025-06-27T12:59:41.503+0000] {dagbag.py:536} INFO - Filling up the DagBag from /opt/airflow/dags/redditdag.py
[2025-06-27T12:59:41.513+0000] {logging_mixin.py:151} INFO - [2025-06-27T12:59:41.511+0000] {dagbag.py:346} ERROR - Failed to import: /opt/airflow/dags/redditdag.py
Traceback (most recent call last):
  File "/home/airflow/.local/lib/python3.9/site-packages/airflow/models/dagbag.py", line 342, in parse
    loader.exec_module(new_module)
  File "<frozen importlib._bootstrap_external>", line 850, in exec_module
  File "<frozen importlib._bootstrap>", line 228, in _call_with_frames_removed
  File "/opt/airflow/dags/redditdag.py", line 5, in <module>
    from airflow.providers.standard.operators.python import PythonOperator
ModuleNotFoundError: No module named 'airflow.providers.standard'
[2025-06-27T12:59:41.513+0000] {processor.py:841} WARNING - No viable dags retrieved from /opt/airflow/dags/redditdag.py
[2025-06-27T12:59:41.594+0000] {processor.py:179} INFO - Processing /opt/airflow/dags/redditdag.py took 0.107 seconds
[2025-06-27T13:00:11.982+0000] {processor.py:157} INFO - Started process (PID=10967) to work on /opt/airflow/dags/redditdag.py
[2025-06-27T13:00:11.984+0000] {processor.py:829} INFO - Processing file /opt/airflow/dags/redditdag.py for tasks to queue
[2025-06-27T13:00:11.989+0000] {logging_mixin.py:151} INFO - [2025-06-27T13:00:11.988+0000] {dagbag.py:536} INFO - Filling up the DagBag from /opt/airflow/dags/redditdag.py
[2025-06-27T13:00:11.996+0000] {logging_mixin.py:151} INFO - [2025-06-27T13:00:11.995+0000] {dagbag.py:346} ERROR - Failed to import: /opt/airflow/dags/redditdag.py
Traceback (most recent call last):
  File "/home/airflow/.local/lib/python3.9/site-packages/airflow/models/dagbag.py", line 342, in parse
    loader.exec_module(new_module)
  File "<frozen importlib._bootstrap_external>", line 850, in exec_module
  File "<frozen importlib._bootstrap>", line 228, in _call_with_frames_removed
  File "/opt/airflow/dags/redditdag.py", line 5, in <module>
    from airflow.providers.standard.operators.python import PythonOperator
ModuleNotFoundError: No module named 'airflow.providers.standard'
[2025-06-27T13:00:11.996+0000] {processor.py:841} WARNING - No viable dags retrieved from /opt/airflow/dags/redditdag.py
[2025-06-27T13:00:12.024+0000] {processor.py:179} INFO - Processing /opt/airflow/dags/redditdag.py took 0.056 seconds
[2025-06-27T13:00:42.398+0000] {processor.py:157} INFO - Started process (PID=10968) to work on /opt/airflow/dags/redditdag.py
[2025-06-27T13:00:42.401+0000] {processor.py:829} INFO - Processing file /opt/airflow/dags/redditdag.py for tasks to queue
[2025-06-27T13:00:42.415+0000] {logging_mixin.py:151} INFO - [2025-06-27T13:00:42.413+0000] {dagbag.py:536} INFO - Filling up the DagBag from /opt/airflow/dags/redditdag.py
[2025-06-27T13:00:42.434+0000] {logging_mixin.py:151} INFO - [2025-06-27T13:00:42.432+0000] {dagbag.py:346} ERROR - Failed to import: /opt/airflow/dags/redditdag.py
Traceback (most recent call last):
  File "/home/airflow/.local/lib/python3.9/site-packages/airflow/models/dagbag.py", line 342, in parse
    loader.exec_module(new_module)
  File "<frozen importlib._bootstrap_external>", line 850, in exec_module
  File "<frozen importlib._bootstrap>", line 228, in _call_with_frames_removed
  File "/opt/airflow/dags/redditdag.py", line 5, in <module>
    from airflow.providers.standard.operators.python import PythonOperator
ModuleNotFoundError: No module named 'airflow.providers.standard'
[2025-06-27T13:00:42.434+0000] {processor.py:841} WARNING - No viable dags retrieved from /opt/airflow/dags/redditdag.py
[2025-06-27T13:00:42.464+0000] {processor.py:179} INFO - Processing /opt/airflow/dags/redditdag.py took 0.074 seconds
[2025-06-27T13:01:13.172+0000] {processor.py:157} INFO - Started process (PID=10969) to work on /opt/airflow/dags/redditdag.py
[2025-06-27T13:01:13.174+0000] {processor.py:829} INFO - Processing file /opt/airflow/dags/redditdag.py for tasks to queue
[2025-06-27T13:01:13.181+0000] {logging_mixin.py:151} INFO - [2025-06-27T13:01:13.180+0000] {dagbag.py:536} INFO - Filling up the DagBag from /opt/airflow/dags/redditdag.py
[2025-06-27T13:01:13.193+0000] {logging_mixin.py:151} INFO - [2025-06-27T13:01:13.190+0000] {dagbag.py:346} ERROR - Failed to import: /opt/airflow/dags/redditdag.py
Traceback (most recent call last):
  File "/home/airflow/.local/lib/python3.9/site-packages/airflow/models/dagbag.py", line 342, in parse
    loader.exec_module(new_module)
  File "<frozen importlib._bootstrap_external>", line 850, in exec_module
  File "<frozen importlib._bootstrap>", line 228, in _call_with_frames_removed
  File "/opt/airflow/dags/redditdag.py", line 5, in <module>
    from airflow.providers.standard.operators.python import PythonOperator
ModuleNotFoundError: No module named 'airflow.providers.standard'
[2025-06-27T13:01:13.194+0000] {processor.py:841} WARNING - No viable dags retrieved from /opt/airflow/dags/redditdag.py
[2025-06-27T13:01:13.248+0000] {processor.py:179} INFO - Processing /opt/airflow/dags/redditdag.py took 0.093 seconds
[2025-06-27T13:01:43.605+0000] {processor.py:157} INFO - Started process (PID=10970) to work on /opt/airflow/dags/redditdag.py
[2025-06-27T13:01:43.608+0000] {processor.py:829} INFO - Processing file /opt/airflow/dags/redditdag.py for tasks to queue
[2025-06-27T13:01:43.616+0000] {logging_mixin.py:151} INFO - [2025-06-27T13:01:43.615+0000] {dagbag.py:536} INFO - Filling up the DagBag from /opt/airflow/dags/redditdag.py
[2025-06-27T13:01:43.625+0000] {logging_mixin.py:151} INFO - [2025-06-27T13:01:43.623+0000] {dagbag.py:346} ERROR - Failed to import: /opt/airflow/dags/redditdag.py
Traceback (most recent call last):
  File "/home/airflow/.local/lib/python3.9/site-packages/airflow/models/dagbag.py", line 342, in parse
    loader.exec_module(new_module)
  File "<frozen importlib._bootstrap_external>", line 850, in exec_module
  File "<frozen importlib._bootstrap>", line 228, in _call_with_frames_removed
  File "/opt/airflow/dags/redditdag.py", line 5, in <module>
    from airflow.providers.standard.operators.python import PythonOperator
ModuleNotFoundError: No module named 'airflow.providers.standard'
[2025-06-27T13:01:43.625+0000] {processor.py:841} WARNING - No viable dags retrieved from /opt/airflow/dags/redditdag.py
[2025-06-27T13:01:43.677+0000] {processor.py:179} INFO - Processing /opt/airflow/dags/redditdag.py took 0.082 seconds
[2025-06-27T13:02:14.299+0000] {processor.py:157} INFO - Started process (PID=10971) to work on /opt/airflow/dags/redditdag.py
[2025-06-27T13:02:14.309+0000] {processor.py:829} INFO - Processing file /opt/airflow/dags/redditdag.py for tasks to queue
[2025-06-27T13:02:14.317+0000] {logging_mixin.py:151} INFO - [2025-06-27T13:02:14.316+0000] {dagbag.py:536} INFO - Filling up the DagBag from /opt/airflow/dags/redditdag.py
[2025-06-27T13:02:14.326+0000] {logging_mixin.py:151} INFO - [2025-06-27T13:02:14.323+0000] {dagbag.py:346} ERROR - Failed to import: /opt/airflow/dags/redditdag.py
Traceback (most recent call last):
  File "/home/airflow/.local/lib/python3.9/site-packages/airflow/models/dagbag.py", line 342, in parse
    loader.exec_module(new_module)
  File "<frozen importlib._bootstrap_external>", line 850, in exec_module
  File "<frozen importlib._bootstrap>", line 228, in _call_with_frames_removed
  File "/opt/airflow/dags/redditdag.py", line 5, in <module>
    from airflow.providers.standard.operators.python import PythonOperator
ModuleNotFoundError: No module named 'airflow.providers.standard'
[2025-06-27T13:02:14.326+0000] {processor.py:841} WARNING - No viable dags retrieved from /opt/airflow/dags/redditdag.py
[2025-06-27T13:02:14.401+0000] {processor.py:179} INFO - Processing /opt/airflow/dags/redditdag.py took 0.116 seconds
[2025-06-27T13:02:44.674+0000] {processor.py:157} INFO - Started process (PID=10972) to work on /opt/airflow/dags/redditdag.py
[2025-06-27T13:02:44.676+0000] {processor.py:829} INFO - Processing file /opt/airflow/dags/redditdag.py for tasks to queue
[2025-06-27T13:02:44.683+0000] {logging_mixin.py:151} INFO - [2025-06-27T13:02:44.683+0000] {dagbag.py:536} INFO - Filling up the DagBag from /opt/airflow/dags/redditdag.py
[2025-06-27T13:02:44.691+0000] {logging_mixin.py:151} INFO - [2025-06-27T13:02:44.689+0000] {dagbag.py:346} ERROR - Failed to import: /opt/airflow/dags/redditdag.py
Traceback (most recent call last):
  File "/home/airflow/.local/lib/python3.9/site-packages/airflow/models/dagbag.py", line 342, in parse
    loader.exec_module(new_module)
  File "<frozen importlib._bootstrap_external>", line 850, in exec_module
  File "<frozen importlib._bootstrap>", line 228, in _call_with_frames_removed
  File "/opt/airflow/dags/redditdag.py", line 5, in <module>
    from airflow.providers.standard.operators.python import PythonOperator
ModuleNotFoundError: No module named 'airflow.providers.standard'
[2025-06-27T13:02:44.691+0000] {processor.py:841} WARNING - No viable dags retrieved from /opt/airflow/dags/redditdag.py
[2025-06-27T13:02:44.717+0000] {processor.py:179} INFO - Processing /opt/airflow/dags/redditdag.py took 0.052 seconds
[2025-06-27T13:03:15.070+0000] {processor.py:157} INFO - Started process (PID=10973) to work on /opt/airflow/dags/redditdag.py
[2025-06-27T13:03:15.072+0000] {processor.py:829} INFO - Processing file /opt/airflow/dags/redditdag.py for tasks to queue
[2025-06-27T13:03:15.078+0000] {logging_mixin.py:151} INFO - [2025-06-27T13:03:15.077+0000] {dagbag.py:536} INFO - Filling up the DagBag from /opt/airflow/dags/redditdag.py
[2025-06-27T13:03:15.086+0000] {logging_mixin.py:151} INFO - [2025-06-27T13:03:15.085+0000] {dagbag.py:346} ERROR - Failed to import: /opt/airflow/dags/redditdag.py
Traceback (most recent call last):
  File "/home/airflow/.local/lib/python3.9/site-packages/airflow/models/dagbag.py", line 342, in parse
    loader.exec_module(new_module)
  File "<frozen importlib._bootstrap_external>", line 850, in exec_module
  File "<frozen importlib._bootstrap>", line 228, in _call_with_frames_removed
  File "/opt/airflow/dags/redditdag.py", line 5, in <module>
    from airflow.providers.standard.operators.python import PythonOperator
ModuleNotFoundError: No module named 'airflow.providers.standard'
[2025-06-27T13:03:15.087+0000] {processor.py:841} WARNING - No viable dags retrieved from /opt/airflow/dags/redditdag.py
[2025-06-27T13:03:15.141+0000] {processor.py:179} INFO - Processing /opt/airflow/dags/redditdag.py took 0.094 seconds
[2025-06-27T13:03:45.475+0000] {processor.py:157} INFO - Started process (PID=10974) to work on /opt/airflow/dags/redditdag.py
[2025-06-27T13:03:45.476+0000] {processor.py:829} INFO - Processing file /opt/airflow/dags/redditdag.py for tasks to queue
[2025-06-27T13:03:45.482+0000] {logging_mixin.py:151} INFO - [2025-06-27T13:03:45.481+0000] {dagbag.py:536} INFO - Filling up the DagBag from /opt/airflow/dags/redditdag.py
[2025-06-27T13:03:45.490+0000] {logging_mixin.py:151} INFO - [2025-06-27T13:03:45.488+0000] {dagbag.py:346} ERROR - Failed to import: /opt/airflow/dags/redditdag.py
Traceback (most recent call last):
  File "/home/airflow/.local/lib/python3.9/site-packages/airflow/models/dagbag.py", line 342, in parse
    loader.exec_module(new_module)
  File "<frozen importlib._bootstrap_external>", line 850, in exec_module
  File "<frozen importlib._bootstrap>", line 228, in _call_with_frames_removed
  File "/opt/airflow/dags/redditdag.py", line 5, in <module>
    from airflow.providers.standard.operators.python import PythonOperator
ModuleNotFoundError: No module named 'airflow.providers.standard'
[2025-06-27T13:03:45.490+0000] {processor.py:841} WARNING - No viable dags retrieved from /opt/airflow/dags/redditdag.py
[2025-06-27T13:03:45.518+0000] {processor.py:179} INFO - Processing /opt/airflow/dags/redditdag.py took 0.049 seconds
[2025-06-27T13:04:15.970+0000] {processor.py:157} INFO - Started process (PID=10975) to work on /opt/airflow/dags/redditdag.py
[2025-06-27T13:04:15.972+0000] {processor.py:829} INFO - Processing file /opt/airflow/dags/redditdag.py for tasks to queue
[2025-06-27T13:04:15.977+0000] {logging_mixin.py:151} INFO - [2025-06-27T13:04:15.977+0000] {dagbag.py:536} INFO - Filling up the DagBag from /opt/airflow/dags/redditdag.py
[2025-06-27T13:04:15.985+0000] {logging_mixin.py:151} INFO - [2025-06-27T13:04:15.983+0000] {dagbag.py:346} ERROR - Failed to import: /opt/airflow/dags/redditdag.py
Traceback (most recent call last):
  File "/home/airflow/.local/lib/python3.9/site-packages/airflow/models/dagbag.py", line 342, in parse
    loader.exec_module(new_module)
  File "<frozen importlib._bootstrap_external>", line 850, in exec_module
  File "<frozen importlib._bootstrap>", line 228, in _call_with_frames_removed
  File "/opt/airflow/dags/redditdag.py", line 5, in <module>
    from airflow.providers.standard.operators.python import PythonOperator
ModuleNotFoundError: No module named 'airflow.providers.standard'
[2025-06-27T13:04:15.985+0000] {processor.py:841} WARNING - No viable dags retrieved from /opt/airflow/dags/redditdag.py
[2025-06-27T13:04:16.008+0000] {processor.py:179} INFO - Processing /opt/airflow/dags/redditdag.py took 0.045 seconds
[2025-06-27T13:04:46.321+0000] {processor.py:157} INFO - Started process (PID=10976) to work on /opt/airflow/dags/redditdag.py
[2025-06-27T13:04:46.322+0000] {processor.py:829} INFO - Processing file /opt/airflow/dags/redditdag.py for tasks to queue
[2025-06-27T13:04:46.324+0000] {logging_mixin.py:151} INFO - [2025-06-27T13:04:46.324+0000] {dagbag.py:536} INFO - Filling up the DagBag from /opt/airflow/dags/redditdag.py
[2025-06-27T13:04:46.327+0000] {logging_mixin.py:151} INFO - [2025-06-27T13:04:46.326+0000] {dagbag.py:346} ERROR - Failed to import: /opt/airflow/dags/redditdag.py
Traceback (most recent call last):
  File "/home/airflow/.local/lib/python3.9/site-packages/airflow/models/dagbag.py", line 342, in parse
    loader.exec_module(new_module)
  File "<frozen importlib._bootstrap_external>", line 850, in exec_module
  File "<frozen importlib._bootstrap>", line 228, in _call_with_frames_removed
  File "/opt/airflow/dags/redditdag.py", line 5, in <module>
    from airflow.providers.standard.operators.python import PythonOperator
ModuleNotFoundError: No module named 'airflow.providers.standard'
[2025-06-27T13:04:46.327+0000] {processor.py:841} WARNING - No viable dags retrieved from /opt/airflow/dags/redditdag.py
[2025-06-27T13:04:46.341+0000] {processor.py:179} INFO - Processing /opt/airflow/dags/redditdag.py took 0.025 seconds
[2025-06-27T13:05:16.712+0000] {processor.py:157} INFO - Started process (PID=10977) to work on /opt/airflow/dags/redditdag.py
[2025-06-27T13:05:16.713+0000] {processor.py:829} INFO - Processing file /opt/airflow/dags/redditdag.py for tasks to queue
[2025-06-27T13:05:16.720+0000] {logging_mixin.py:151} INFO - [2025-06-27T13:05:16.719+0000] {dagbag.py:536} INFO - Filling up the DagBag from /opt/airflow/dags/redditdag.py
[2025-06-27T13:05:16.727+0000] {logging_mixin.py:151} INFO - [2025-06-27T13:05:16.726+0000] {dagbag.py:346} ERROR - Failed to import: /opt/airflow/dags/redditdag.py
Traceback (most recent call last):
  File "/home/airflow/.local/lib/python3.9/site-packages/airflow/models/dagbag.py", line 342, in parse
    loader.exec_module(new_module)
  File "<frozen importlib._bootstrap_external>", line 850, in exec_module
  File "<frozen importlib._bootstrap>", line 228, in _call_with_frames_removed
  File "/opt/airflow/dags/redditdag.py", line 5, in <module>
    from airflow.providers.standard.operators.python import PythonOperator
ModuleNotFoundError: No module named 'airflow.providers.standard'
[2025-06-27T13:05:16.728+0000] {processor.py:841} WARNING - No viable dags retrieved from /opt/airflow/dags/redditdag.py
[2025-06-27T13:05:16.754+0000] {processor.py:179} INFO - Processing /opt/airflow/dags/redditdag.py took 0.060 seconds
[2025-06-27T13:05:47.141+0000] {processor.py:157} INFO - Started process (PID=10978) to work on /opt/airflow/dags/redditdag.py
[2025-06-27T13:05:47.143+0000] {processor.py:829} INFO - Processing file /opt/airflow/dags/redditdag.py for tasks to queue
[2025-06-27T13:05:47.151+0000] {logging_mixin.py:151} INFO - [2025-06-27T13:05:47.149+0000] {dagbag.py:536} INFO - Filling up the DagBag from /opt/airflow/dags/redditdag.py
[2025-06-27T13:05:47.167+0000] {logging_mixin.py:151} INFO - [2025-06-27T13:05:47.165+0000] {dagbag.py:346} ERROR - Failed to import: /opt/airflow/dags/redditdag.py
Traceback (most recent call last):
  File "/home/airflow/.local/lib/python3.9/site-packages/airflow/models/dagbag.py", line 342, in parse
    loader.exec_module(new_module)
  File "<frozen importlib._bootstrap_external>", line 850, in exec_module
  File "<frozen importlib._bootstrap>", line 228, in _call_with_frames_removed
  File "/opt/airflow/dags/redditdag.py", line 5, in <module>
    from airflow.providers.standard.operators.python import PythonOperator
ModuleNotFoundError: No module named 'airflow.providers.standard'
[2025-06-27T13:05:47.167+0000] {processor.py:841} WARNING - No viable dags retrieved from /opt/airflow/dags/redditdag.py
[2025-06-27T13:05:47.196+0000] {processor.py:179} INFO - Processing /opt/airflow/dags/redditdag.py took 0.062 seconds
[2025-06-27T13:06:17.634+0000] {processor.py:157} INFO - Started process (PID=10979) to work on /opt/airflow/dags/redditdag.py
[2025-06-27T13:06:17.636+0000] {processor.py:829} INFO - Processing file /opt/airflow/dags/redditdag.py for tasks to queue
[2025-06-27T13:06:17.649+0000] {logging_mixin.py:151} INFO - [2025-06-27T13:06:17.645+0000] {dagbag.py:536} INFO - Filling up the DagBag from /opt/airflow/dags/redditdag.py
[2025-06-27T13:06:17.666+0000] {logging_mixin.py:151} INFO - [2025-06-27T13:06:17.664+0000] {dagbag.py:346} ERROR - Failed to import: /opt/airflow/dags/redditdag.py
Traceback (most recent call last):
  File "/home/airflow/.local/lib/python3.9/site-packages/airflow/models/dagbag.py", line 342, in parse
    loader.exec_module(new_module)
  File "<frozen importlib._bootstrap_external>", line 850, in exec_module
  File "<frozen importlib._bootstrap>", line 228, in _call_with_frames_removed
  File "/opt/airflow/dags/redditdag.py", line 5, in <module>
    from airflow.providers.standard.operators.python import PythonOperator
ModuleNotFoundError: No module named 'airflow.providers.standard'
[2025-06-27T13:06:17.667+0000] {processor.py:841} WARNING - No viable dags retrieved from /opt/airflow/dags/redditdag.py
[2025-06-27T13:06:17.709+0000] {processor.py:179} INFO - Processing /opt/airflow/dags/redditdag.py took 0.085 seconds
[2025-06-27T13:13:59.571+0000] {processor.py:157} INFO - Started process (PID=10980) to work on /opt/airflow/dags/redditdag.py
[2025-06-27T13:13:59.573+0000] {processor.py:829} INFO - Processing file /opt/airflow/dags/redditdag.py for tasks to queue
[2025-06-27T13:13:59.592+0000] {logging_mixin.py:151} INFO - [2025-06-27T13:13:59.592+0000] {dagbag.py:536} INFO - Filling up the DagBag from /opt/airflow/dags/redditdag.py
[2025-06-27T13:13:59.601+0000] {logging_mixin.py:151} INFO - [2025-06-27T13:13:59.599+0000] {dagbag.py:346} ERROR - Failed to import: /opt/airflow/dags/redditdag.py
Traceback (most recent call last):
  File "/home/airflow/.local/lib/python3.9/site-packages/airflow/models/dagbag.py", line 342, in parse
    loader.exec_module(new_module)
  File "<frozen importlib._bootstrap_external>", line 850, in exec_module
  File "<frozen importlib._bootstrap>", line 228, in _call_with_frames_removed
  File "/opt/airflow/dags/redditdag.py", line 5, in <module>
    from airflow.providers.standard.operators.python import PythonOperator
ModuleNotFoundError: No module named 'airflow.providers.standard'
[2025-06-27T13:13:59.602+0000] {processor.py:841} WARNING - No viable dags retrieved from /opt/airflow/dags/redditdag.py
[2025-06-27T13:13:59.657+0000] {processor.py:179} INFO - Processing /opt/airflow/dags/redditdag.py took 0.127 seconds
[2025-06-27T16:08:24.464+0000] {processor.py:157} INFO - Started process (PID=10981) to work on /opt/airflow/dags/redditdag.py
[2025-06-27T16:08:24.466+0000] {processor.py:829} INFO - Processing file /opt/airflow/dags/redditdag.py for tasks to queue
[2025-06-27T16:08:24.471+0000] {logging_mixin.py:151} INFO - [2025-06-27T16:08:24.470+0000] {dagbag.py:536} INFO - Filling up the DagBag from /opt/airflow/dags/redditdag.py
[2025-06-27T16:08:24.479+0000] {logging_mixin.py:151} INFO - [2025-06-27T16:08:24.477+0000] {dagbag.py:346} ERROR - Failed to import: /opt/airflow/dags/redditdag.py
Traceback (most recent call last):
  File "/home/airflow/.local/lib/python3.9/site-packages/airflow/models/dagbag.py", line 342, in parse
    loader.exec_module(new_module)
  File "<frozen importlib._bootstrap_external>", line 850, in exec_module
  File "<frozen importlib._bootstrap>", line 228, in _call_with_frames_removed
  File "/opt/airflow/dags/redditdag.py", line 5, in <module>
    from airflow.providers.standard.operators.python import PythonOperator
ModuleNotFoundError: No module named 'airflow.providers.standard'
[2025-06-27T16:08:24.479+0000] {processor.py:841} WARNING - No viable dags retrieved from /opt/airflow/dags/redditdag.py
[2025-06-27T16:08:24.503+0000] {processor.py:179} INFO - Processing /opt/airflow/dags/redditdag.py took 0.045 seconds
[2025-06-27T19:11:23.430+0000] {processor.py:157} INFO - Started process (PID=10982) to work on /opt/airflow/dags/redditdag.py
[2025-06-27T19:11:23.434+0000] {processor.py:829} INFO - Processing file /opt/airflow/dags/redditdag.py for tasks to queue
[2025-06-27T19:11:23.457+0000] {logging_mixin.py:151} INFO - [2025-06-27T19:11:23.456+0000] {dagbag.py:536} INFO - Filling up the DagBag from /opt/airflow/dags/redditdag.py
[2025-06-27T19:11:23.470+0000] {logging_mixin.py:151} INFO - [2025-06-27T19:11:23.467+0000] {dagbag.py:346} ERROR - Failed to import: /opt/airflow/dags/redditdag.py
Traceback (most recent call last):
  File "/home/airflow/.local/lib/python3.9/site-packages/airflow/models/dagbag.py", line 342, in parse
    loader.exec_module(new_module)
  File "<frozen importlib._bootstrap_external>", line 850, in exec_module
  File "<frozen importlib._bootstrap>", line 228, in _call_with_frames_removed
  File "/opt/airflow/dags/redditdag.py", line 5, in <module>
    from airflow.providers.standard.operators.python import PythonOperator
ModuleNotFoundError: No module named 'airflow.providers.standard'
[2025-06-27T19:11:23.470+0000] {processor.py:841} WARNING - No viable dags retrieved from /opt/airflow/dags/redditdag.py
[2025-06-27T19:11:23.504+0000] {processor.py:179} INFO - Processing /opt/airflow/dags/redditdag.py took 0.082 seconds
[2025-06-27T21:48:35.268+0000] {processor.py:157} INFO - Started process (PID=10983) to work on /opt/airflow/dags/redditdag.py
[2025-06-27T21:48:35.270+0000] {processor.py:829} INFO - Processing file /opt/airflow/dags/redditdag.py for tasks to queue
[2025-06-27T21:48:35.291+0000] {logging_mixin.py:151} INFO - [2025-06-27T21:48:35.290+0000] {dagbag.py:536} INFO - Filling up the DagBag from /opt/airflow/dags/redditdag.py
[2025-06-27T21:48:35.298+0000] {logging_mixin.py:151} INFO - [2025-06-27T21:48:35.296+0000] {dagbag.py:346} ERROR - Failed to import: /opt/airflow/dags/redditdag.py
Traceback (most recent call last):
  File "/home/airflow/.local/lib/python3.9/site-packages/airflow/models/dagbag.py", line 342, in parse
    loader.exec_module(new_module)
  File "<frozen importlib._bootstrap_external>", line 850, in exec_module
  File "<frozen importlib._bootstrap>", line 228, in _call_with_frames_removed
  File "/opt/airflow/dags/redditdag.py", line 5, in <module>
    from airflow.providers.standard.operators.python import PythonOperator
ModuleNotFoundError: No module named 'airflow.providers.standard'
[2025-06-27T21:48:35.298+0000] {processor.py:841} WARNING - No viable dags retrieved from /opt/airflow/dags/redditdag.py
[2025-06-27T21:48:35.317+0000] {processor.py:179} INFO - Processing /opt/airflow/dags/redditdag.py took 0.054 seconds
