[2025-07-06T01:50:40.754+0000] {processor.py:157} INFO - Started process (PID=11525) to work on /opt/airflow/dags/redditdag.py
[2025-07-06T01:50:40.755+0000] {processor.py:829} INFO - Processing file /opt/airflow/dags/redditdag.py for tasks to queue
[2025-07-06T01:50:40.764+0000] {logging_mixin.py:151} INFO - [2025-07-06T01:50:40.763+0000] {dagbag.py:536} INFO - Filling up the DagBag from /opt/airflow/dags/redditdag.py
[2025-07-06T01:50:40.774+0000] {logging_mixin.py:151} INFO - [2025-07-06T01:50:40.770+0000] {dagbag.py:346} ERROR - Failed to import: /opt/airflow/dags/redditdag.py
Traceback (most recent call last):
  File "/home/airflow/.local/lib/python3.9/site-packages/airflow/models/dagbag.py", line 342, in parse
    loader.exec_module(new_module)
  File "<frozen importlib._bootstrap_external>", line 850, in exec_module
  File "<frozen importlib._bootstrap>", line 228, in _call_with_frames_removed
  File "/opt/airflow/dags/redditdag.py", line 5, in <module>
    from airflow.providers.standard.operators.python import PythonOperator
ModuleNotFoundError: No module named 'airflow.providers.standard'
[2025-07-06T01:50:40.775+0000] {processor.py:841} WARNING - No viable dags retrieved from /opt/airflow/dags/redditdag.py
[2025-07-06T01:50:40.816+0000] {processor.py:179} INFO - Processing /opt/airflow/dags/redditdag.py took 0.072 seconds
[2025-07-06T01:59:39.012+0000] {processor.py:157} INFO - Started process (PID=11526) to work on /opt/airflow/dags/redditdag.py
[2025-07-06T01:59:39.014+0000] {processor.py:829} INFO - Processing file /opt/airflow/dags/redditdag.py for tasks to queue
[2025-07-06T01:59:39.021+0000] {logging_mixin.py:151} INFO - [2025-07-06T01:59:39.020+0000] {dagbag.py:536} INFO - Filling up the DagBag from /opt/airflow/dags/redditdag.py
[2025-07-06T01:59:39.030+0000] {logging_mixin.py:151} INFO - [2025-07-06T01:59:39.027+0000] {dagbag.py:346} ERROR - Failed to import: /opt/airflow/dags/redditdag.py
Traceback (most recent call last):
  File "/home/airflow/.local/lib/python3.9/site-packages/airflow/models/dagbag.py", line 342, in parse
    loader.exec_module(new_module)
  File "<frozen importlib._bootstrap_external>", line 850, in exec_module
  File "<frozen importlib._bootstrap>", line 228, in _call_with_frames_removed
  File "/opt/airflow/dags/redditdag.py", line 5, in <module>
    from airflow.providers.standard.operators.python import PythonOperator
ModuleNotFoundError: No module named 'airflow.providers.standard'
[2025-07-06T01:59:39.030+0000] {processor.py:841} WARNING - No viable dags retrieved from /opt/airflow/dags/redditdag.py
[2025-07-06T01:59:39.062+0000] {processor.py:179} INFO - Processing /opt/airflow/dags/redditdag.py took 0.058 seconds
[2025-07-06T02:00:09.417+0000] {processor.py:157} INFO - Started process (PID=11527) to work on /opt/airflow/dags/redditdag.py
[2025-07-06T02:00:09.419+0000] {processor.py:829} INFO - Processing file /opt/airflow/dags/redditdag.py for tasks to queue
[2025-07-06T02:00:09.426+0000] {logging_mixin.py:151} INFO - [2025-07-06T02:00:09.425+0000] {dagbag.py:536} INFO - Filling up the DagBag from /opt/airflow/dags/redditdag.py
[2025-07-06T02:00:09.437+0000] {logging_mixin.py:151} INFO - [2025-07-06T02:00:09.434+0000] {dagbag.py:346} ERROR - Failed to import: /opt/airflow/dags/redditdag.py
Traceback (most recent call last):
  File "/home/airflow/.local/lib/python3.9/site-packages/airflow/models/dagbag.py", line 342, in parse
    loader.exec_module(new_module)
  File "<frozen importlib._bootstrap_external>", line 850, in exec_module
  File "<frozen importlib._bootstrap>", line 228, in _call_with_frames_removed
  File "/opt/airflow/dags/redditdag.py", line 5, in <module>
    from airflow.providers.standard.operators.python import PythonOperator
ModuleNotFoundError: No module named 'airflow.providers.standard'
[2025-07-06T02:00:09.438+0000] {processor.py:841} WARNING - No viable dags retrieved from /opt/airflow/dags/redditdag.py
[2025-07-06T02:00:09.500+0000] {processor.py:179} INFO - Processing /opt/airflow/dags/redditdag.py took 0.093 seconds
[2025-07-06T02:00:39.823+0000] {processor.py:157} INFO - Started process (PID=11528) to work on /opt/airflow/dags/redditdag.py
[2025-07-06T02:00:39.825+0000] {processor.py:829} INFO - Processing file /opt/airflow/dags/redditdag.py for tasks to queue
[2025-07-06T02:00:39.833+0000] {logging_mixin.py:151} INFO - [2025-07-06T02:00:39.832+0000] {dagbag.py:536} INFO - Filling up the DagBag from /opt/airflow/dags/redditdag.py
[2025-07-06T02:00:39.846+0000] {logging_mixin.py:151} INFO - [2025-07-06T02:00:39.843+0000] {dagbag.py:346} ERROR - Failed to import: /opt/airflow/dags/redditdag.py
Traceback (most recent call last):
  File "/home/airflow/.local/lib/python3.9/site-packages/airflow/models/dagbag.py", line 342, in parse
    loader.exec_module(new_module)
  File "<frozen importlib._bootstrap_external>", line 850, in exec_module
  File "<frozen importlib._bootstrap>", line 228, in _call_with_frames_removed
  File "/opt/airflow/dags/redditdag.py", line 5, in <module>
    from airflow.providers.standard.operators.python import PythonOperator
ModuleNotFoundError: No module named 'airflow.providers.standard'
[2025-07-06T02:00:39.846+0000] {processor.py:841} WARNING - No viable dags retrieved from /opt/airflow/dags/redditdag.py
[2025-07-06T02:00:39.903+0000] {processor.py:179} INFO - Processing /opt/airflow/dags/redditdag.py took 0.092 seconds
[2025-07-06T02:01:10.532+0000] {processor.py:157} INFO - Started process (PID=11529) to work on /opt/airflow/dags/redditdag.py
[2025-07-06T02:01:10.538+0000] {processor.py:829} INFO - Processing file /opt/airflow/dags/redditdag.py for tasks to queue
[2025-07-06T02:01:10.546+0000] {logging_mixin.py:151} INFO - [2025-07-06T02:01:10.545+0000] {dagbag.py:536} INFO - Filling up the DagBag from /opt/airflow/dags/redditdag.py
[2025-07-06T02:01:10.557+0000] {logging_mixin.py:151} INFO - [2025-07-06T02:01:10.554+0000] {dagbag.py:346} ERROR - Failed to import: /opt/airflow/dags/redditdag.py
Traceback (most recent call last):
  File "/home/airflow/.local/lib/python3.9/site-packages/airflow/models/dagbag.py", line 342, in parse
    loader.exec_module(new_module)
  File "<frozen importlib._bootstrap_external>", line 850, in exec_module
  File "<frozen importlib._bootstrap>", line 228, in _call_with_frames_removed
  File "/opt/airflow/dags/redditdag.py", line 5, in <module>
    from airflow.providers.standard.operators.python import PythonOperator
ModuleNotFoundError: No module named 'airflow.providers.standard'
[2025-07-06T02:01:10.557+0000] {processor.py:841} WARNING - No viable dags retrieved from /opt/airflow/dags/redditdag.py
[2025-07-06T02:01:10.606+0000] {processor.py:179} INFO - Processing /opt/airflow/dags/redditdag.py took 0.099 seconds
[2025-07-06T02:01:41.040+0000] {processor.py:157} INFO - Started process (PID=11530) to work on /opt/airflow/dags/redditdag.py
[2025-07-06T02:01:41.043+0000] {processor.py:829} INFO - Processing file /opt/airflow/dags/redditdag.py for tasks to queue
[2025-07-06T02:01:41.054+0000] {logging_mixin.py:151} INFO - [2025-07-06T02:01:41.053+0000] {dagbag.py:536} INFO - Filling up the DagBag from /opt/airflow/dags/redditdag.py
[2025-07-06T02:01:41.071+0000] {logging_mixin.py:151} INFO - [2025-07-06T02:01:41.067+0000] {dagbag.py:346} ERROR - Failed to import: /opt/airflow/dags/redditdag.py
Traceback (most recent call last):
  File "/home/airflow/.local/lib/python3.9/site-packages/airflow/models/dagbag.py", line 342, in parse
    loader.exec_module(new_module)
  File "<frozen importlib._bootstrap_external>", line 850, in exec_module
  File "<frozen importlib._bootstrap>", line 228, in _call_with_frames_removed
  File "/opt/airflow/dags/redditdag.py", line 5, in <module>
    from airflow.providers.standard.operators.python import PythonOperator
ModuleNotFoundError: No module named 'airflow.providers.standard'
[2025-07-06T02:01:41.072+0000] {processor.py:841} WARNING - No viable dags retrieved from /opt/airflow/dags/redditdag.py
[2025-07-06T02:01:41.112+0000] {processor.py:179} INFO - Processing /opt/airflow/dags/redditdag.py took 0.091 seconds
[2025-07-06T02:02:11.478+0000] {processor.py:157} INFO - Started process (PID=11531) to work on /opt/airflow/dags/redditdag.py
[2025-07-06T02:02:11.482+0000] {processor.py:829} INFO - Processing file /opt/airflow/dags/redditdag.py for tasks to queue
[2025-07-06T02:02:11.499+0000] {logging_mixin.py:151} INFO - [2025-07-06T02:02:11.498+0000] {dagbag.py:536} INFO - Filling up the DagBag from /opt/airflow/dags/redditdag.py
[2025-07-06T02:02:11.509+0000] {logging_mixin.py:151} INFO - [2025-07-06T02:02:11.507+0000] {dagbag.py:346} ERROR - Failed to import: /opt/airflow/dags/redditdag.py
Traceback (most recent call last):
  File "/home/airflow/.local/lib/python3.9/site-packages/airflow/models/dagbag.py", line 342, in parse
    loader.exec_module(new_module)
  File "<frozen importlib._bootstrap_external>", line 850, in exec_module
  File "<frozen importlib._bootstrap>", line 228, in _call_with_frames_removed
  File "/opt/airflow/dags/redditdag.py", line 5, in <module>
    from airflow.providers.standard.operators.python import PythonOperator
ModuleNotFoundError: No module named 'airflow.providers.standard'
[2025-07-06T02:02:11.510+0000] {processor.py:841} WARNING - No viable dags retrieved from /opt/airflow/dags/redditdag.py
[2025-07-06T02:02:11.541+0000] {processor.py:179} INFO - Processing /opt/airflow/dags/redditdag.py took 0.071 seconds
[2025-07-06T02:02:42.029+0000] {processor.py:157} INFO - Started process (PID=11532) to work on /opt/airflow/dags/redditdag.py
[2025-07-06T02:02:42.031+0000] {processor.py:829} INFO - Processing file /opt/airflow/dags/redditdag.py for tasks to queue
[2025-07-06T02:02:42.039+0000] {logging_mixin.py:151} INFO - [2025-07-06T02:02:42.038+0000] {dagbag.py:536} INFO - Filling up the DagBag from /opt/airflow/dags/redditdag.py
[2025-07-06T02:02:42.049+0000] {logging_mixin.py:151} INFO - [2025-07-06T02:02:42.046+0000] {dagbag.py:346} ERROR - Failed to import: /opt/airflow/dags/redditdag.py
Traceback (most recent call last):
  File "/home/airflow/.local/lib/python3.9/site-packages/airflow/models/dagbag.py", line 342, in parse
    loader.exec_module(new_module)
  File "<frozen importlib._bootstrap_external>", line 850, in exec_module
  File "<frozen importlib._bootstrap>", line 228, in _call_with_frames_removed
  File "/opt/airflow/dags/redditdag.py", line 5, in <module>
    from airflow.providers.standard.operators.python import PythonOperator
ModuleNotFoundError: No module named 'airflow.providers.standard'
[2025-07-06T02:02:42.049+0000] {processor.py:841} WARNING - No viable dags retrieved from /opt/airflow/dags/redditdag.py
[2025-07-06T02:02:42.080+0000] {processor.py:179} INFO - Processing /opt/airflow/dags/redditdag.py took 0.061 seconds
[2025-07-06T02:54:46.398+0000] {processor.py:157} INFO - Started process (PID=11533) to work on /opt/airflow/dags/redditdag.py
[2025-07-06T02:54:46.416+0000] {processor.py:829} INFO - Processing file /opt/airflow/dags/redditdag.py for tasks to queue
[2025-07-06T02:54:46.450+0000] {logging_mixin.py:151} INFO - [2025-07-06T02:54:46.447+0000] {dagbag.py:536} INFO - Filling up the DagBag from /opt/airflow/dags/redditdag.py
[2025-07-06T02:54:46.504+0000] {logging_mixin.py:151} INFO - [2025-07-06T02:54:46.488+0000] {dagbag.py:346} ERROR - Failed to import: /opt/airflow/dags/redditdag.py
Traceback (most recent call last):
  File "/home/airflow/.local/lib/python3.9/site-packages/airflow/models/dagbag.py", line 342, in parse
    loader.exec_module(new_module)
  File "<frozen importlib._bootstrap_external>", line 850, in exec_module
  File "<frozen importlib._bootstrap>", line 228, in _call_with_frames_removed
  File "/opt/airflow/dags/redditdag.py", line 5, in <module>
    from airflow.providers.standard.operators.python import PythonOperator
ModuleNotFoundError: No module named 'airflow.providers.standard'
[2025-07-06T02:54:46.509+0000] {processor.py:841} WARNING - No viable dags retrieved from /opt/airflow/dags/redditdag.py
[2025-07-06T02:54:46.602+0000] {processor.py:179} INFO - Processing /opt/airflow/dags/redditdag.py took 0.220 seconds
[2025-07-06T07:38:12.946+0000] {processor.py:157} INFO - Started process (PID=11534) to work on /opt/airflow/dags/redditdag.py
[2025-07-06T07:38:12.949+0000] {processor.py:829} INFO - Processing file /opt/airflow/dags/redditdag.py for tasks to queue
[2025-07-06T07:38:12.964+0000] {logging_mixin.py:151} INFO - [2025-07-06T07:38:12.964+0000] {dagbag.py:536} INFO - Filling up the DagBag from /opt/airflow/dags/redditdag.py
[2025-07-06T07:38:12.975+0000] {logging_mixin.py:151} INFO - [2025-07-06T07:38:12.972+0000] {dagbag.py:346} ERROR - Failed to import: /opt/airflow/dags/redditdag.py
Traceback (most recent call last):
  File "/home/airflow/.local/lib/python3.9/site-packages/airflow/models/dagbag.py", line 342, in parse
    loader.exec_module(new_module)
  File "<frozen importlib._bootstrap_external>", line 850, in exec_module
  File "<frozen importlib._bootstrap>", line 228, in _call_with_frames_removed
  File "/opt/airflow/dags/redditdag.py", line 5, in <module>
    from airflow.providers.standard.operators.python import PythonOperator
ModuleNotFoundError: No module named 'airflow.providers.standard'
[2025-07-06T07:38:12.975+0000] {processor.py:841} WARNING - No viable dags retrieved from /opt/airflow/dags/redditdag.py
[2025-07-06T07:38:13.029+0000] {processor.py:179} INFO - Processing /opt/airflow/dags/redditdag.py took 0.096 seconds
[2025-07-06T10:01:03.927+0000] {processor.py:157} INFO - Started process (PID=11535) to work on /opt/airflow/dags/redditdag.py
[2025-07-06T10:01:03.929+0000] {processor.py:829} INFO - Processing file /opt/airflow/dags/redditdag.py for tasks to queue
[2025-07-06T10:01:03.937+0000] {logging_mixin.py:151} INFO - [2025-07-06T10:01:03.937+0000] {dagbag.py:536} INFO - Filling up the DagBag from /opt/airflow/dags/redditdag.py
[2025-07-06T10:01:03.951+0000] {logging_mixin.py:151} INFO - [2025-07-06T10:01:03.944+0000] {dagbag.py:346} ERROR - Failed to import: /opt/airflow/dags/redditdag.py
Traceback (most recent call last):
  File "/home/airflow/.local/lib/python3.9/site-packages/airflow/models/dagbag.py", line 342, in parse
    loader.exec_module(new_module)
  File "<frozen importlib._bootstrap_external>", line 850, in exec_module
  File "<frozen importlib._bootstrap>", line 228, in _call_with_frames_removed
  File "/opt/airflow/dags/redditdag.py", line 5, in <module>
    from airflow.providers.standard.operators.python import PythonOperator
ModuleNotFoundError: No module named 'airflow.providers.standard'
[2025-07-06T10:01:03.953+0000] {processor.py:841} WARNING - No viable dags retrieved from /opt/airflow/dags/redditdag.py
[2025-07-06T10:01:03.993+0000] {processor.py:179} INFO - Processing /opt/airflow/dags/redditdag.py took 0.083 seconds
[2025-07-06T14:04:00.806+0000] {processor.py:157} INFO - Started process (PID=11536) to work on /opt/airflow/dags/redditdag.py
[2025-07-06T14:04:00.808+0000] {processor.py:829} INFO - Processing file /opt/airflow/dags/redditdag.py for tasks to queue
[2025-07-06T14:04:00.837+0000] {logging_mixin.py:151} INFO - [2025-07-06T14:04:00.836+0000] {dagbag.py:536} INFO - Filling up the DagBag from /opt/airflow/dags/redditdag.py
[2025-07-06T14:04:00.846+0000] {logging_mixin.py:151} INFO - [2025-07-06T14:04:00.843+0000] {dagbag.py:346} ERROR - Failed to import: /opt/airflow/dags/redditdag.py
Traceback (most recent call last):
  File "/home/airflow/.local/lib/python3.9/site-packages/airflow/models/dagbag.py", line 342, in parse
    loader.exec_module(new_module)
  File "<frozen importlib._bootstrap_external>", line 850, in exec_module
  File "<frozen importlib._bootstrap>", line 228, in _call_with_frames_removed
  File "/opt/airflow/dags/redditdag.py", line 5, in <module>
    from airflow.providers.standard.operators.python import PythonOperator
ModuleNotFoundError: No module named 'airflow.providers.standard'
[2025-07-06T14:04:00.847+0000] {processor.py:841} WARNING - No viable dags retrieved from /opt/airflow/dags/redditdag.py
[2025-07-06T14:04:00.895+0000] {processor.py:179} INFO - Processing /opt/airflow/dags/redditdag.py took 0.098 seconds
[2025-07-06T16:21:23.491+0000] {processor.py:157} INFO - Started process (PID=11537) to work on /opt/airflow/dags/redditdag.py
[2025-07-06T16:21:23.496+0000] {processor.py:829} INFO - Processing file /opt/airflow/dags/redditdag.py for tasks to queue
[2025-07-06T16:21:23.515+0000] {logging_mixin.py:151} INFO - [2025-07-06T16:21:23.514+0000] {dagbag.py:536} INFO - Filling up the DagBag from /opt/airflow/dags/redditdag.py
[2025-07-06T16:21:23.524+0000] {logging_mixin.py:151} INFO - [2025-07-06T16:21:23.521+0000] {dagbag.py:346} ERROR - Failed to import: /opt/airflow/dags/redditdag.py
Traceback (most recent call last):
  File "/home/airflow/.local/lib/python3.9/site-packages/airflow/models/dagbag.py", line 342, in parse
    loader.exec_module(new_module)
  File "<frozen importlib._bootstrap_external>", line 850, in exec_module
  File "<frozen importlib._bootstrap>", line 228, in _call_with_frames_removed
  File "/opt/airflow/dags/redditdag.py", line 5, in <module>
    from airflow.providers.standard.operators.python import PythonOperator
ModuleNotFoundError: No module named 'airflow.providers.standard'
[2025-07-06T16:21:23.525+0000] {processor.py:841} WARNING - No viable dags retrieved from /opt/airflow/dags/redditdag.py
[2025-07-06T16:21:23.574+0000] {processor.py:179} INFO - Processing /opt/airflow/dags/redditdag.py took 0.090 seconds
[2025-07-06T20:10:00.741+0000] {processor.py:157} INFO - Started process (PID=11538) to work on /opt/airflow/dags/redditdag.py
[2025-07-06T20:10:00.744+0000] {processor.py:829} INFO - Processing file /opt/airflow/dags/redditdag.py for tasks to queue
[2025-07-06T20:10:00.751+0000] {logging_mixin.py:151} INFO - [2025-07-06T20:10:00.750+0000] {dagbag.py:536} INFO - Filling up the DagBag from /opt/airflow/dags/redditdag.py
[2025-07-06T20:10:00.762+0000] {logging_mixin.py:151} INFO - [2025-07-06T20:10:00.759+0000] {dagbag.py:346} ERROR - Failed to import: /opt/airflow/dags/redditdag.py
Traceback (most recent call last):
  File "/home/airflow/.local/lib/python3.9/site-packages/airflow/models/dagbag.py", line 342, in parse
    loader.exec_module(new_module)
  File "<frozen importlib._bootstrap_external>", line 850, in exec_module
  File "<frozen importlib._bootstrap>", line 228, in _call_with_frames_removed
  File "/opt/airflow/dags/redditdag.py", line 5, in <module>
    from airflow.providers.standard.operators.python import PythonOperator
ModuleNotFoundError: No module named 'airflow.providers.standard'
[2025-07-06T20:10:00.762+0000] {processor.py:841} WARNING - No viable dags retrieved from /opt/airflow/dags/redditdag.py
[2025-07-06T20:10:00.815+0000] {processor.py:179} INFO - Processing /opt/airflow/dags/redditdag.py took 0.093 seconds
[2025-07-06T22:12:01.006+0000] {processor.py:157} INFO - Started process (PID=11539) to work on /opt/airflow/dags/redditdag.py
[2025-07-06T22:12:01.013+0000] {processor.py:829} INFO - Processing file /opt/airflow/dags/redditdag.py for tasks to queue
[2025-07-06T22:12:01.028+0000] {logging_mixin.py:151} INFO - [2025-07-06T22:12:01.028+0000] {dagbag.py:536} INFO - Filling up the DagBag from /opt/airflow/dags/redditdag.py
[2025-07-06T22:12:01.037+0000] {logging_mixin.py:151} INFO - [2025-07-06T22:12:01.035+0000] {dagbag.py:346} ERROR - Failed to import: /opt/airflow/dags/redditdag.py
Traceback (most recent call last):
  File "/home/airflow/.local/lib/python3.9/site-packages/airflow/models/dagbag.py", line 342, in parse
    loader.exec_module(new_module)
  File "<frozen importlib._bootstrap_external>", line 850, in exec_module
  File "<frozen importlib._bootstrap>", line 228, in _call_with_frames_removed
  File "/opt/airflow/dags/redditdag.py", line 5, in <module>
    from airflow.providers.standard.operators.python import PythonOperator
ModuleNotFoundError: No module named 'airflow.providers.standard'
[2025-07-06T22:12:01.038+0000] {processor.py:841} WARNING - No viable dags retrieved from /opt/airflow/dags/redditdag.py
[2025-07-06T22:12:01.080+0000] {processor.py:179} INFO - Processing /opt/airflow/dags/redditdag.py took 0.083 seconds
