[2025-06-29T00:52:46.644+0000] {processor.py:157} INFO - Started process (PID=10994) to work on /opt/airflow/dags/redditdag.py
[2025-06-29T00:52:46.645+0000] {processor.py:829} INFO - Processing file /opt/airflow/dags/redditdag.py for tasks to queue
[2025-06-29T00:52:46.651+0000] {logging_mixin.py:151} INFO - [2025-06-29T00:52:46.651+0000] {dagbag.py:536} INFO - Filling up the DagBag from /opt/airflow/dags/redditdag.py
[2025-06-29T00:52:46.658+0000] {logging_mixin.py:151} INFO - [2025-06-29T00:52:46.656+0000] {dagbag.py:346} ERROR - Failed to import: /opt/airflow/dags/redditdag.py
Traceback (most recent call last):
  File "/home/airflow/.local/lib/python3.9/site-packages/airflow/models/dagbag.py", line 342, in parse
    loader.exec_module(new_module)
  File "<frozen importlib._bootstrap_external>", line 850, in exec_module
  File "<frozen importlib._bootstrap>", line 228, in _call_with_frames_removed
  File "/opt/airflow/dags/redditdag.py", line 5, in <module>
    from airflow.providers.standard.operators.python import PythonOperator
ModuleNotFoundError: No module named 'airflow.providers.standard'
[2025-06-29T00:52:46.659+0000] {processor.py:841} WARNING - No viable dags retrieved from /opt/airflow/dags/redditdag.py
[2025-06-29T00:52:46.691+0000] {processor.py:179} INFO - Processing /opt/airflow/dags/redditdag.py took 0.065 seconds
[2025-06-29T03:21:32.228+0000] {processor.py:157} INFO - Started process (PID=10995) to work on /opt/airflow/dags/redditdag.py
[2025-06-29T03:21:32.234+0000] {processor.py:829} INFO - Processing file /opt/airflow/dags/redditdag.py for tasks to queue
[2025-06-29T03:21:32.244+0000] {logging_mixin.py:151} INFO - [2025-06-29T03:21:32.243+0000] {dagbag.py:536} INFO - Filling up the DagBag from /opt/airflow/dags/redditdag.py
[2025-06-29T03:21:32.254+0000] {logging_mixin.py:151} INFO - [2025-06-29T03:21:32.251+0000] {dagbag.py:346} ERROR - Failed to import: /opt/airflow/dags/redditdag.py
Traceback (most recent call last):
  File "/home/airflow/.local/lib/python3.9/site-packages/airflow/models/dagbag.py", line 342, in parse
    loader.exec_module(new_module)
  File "<frozen importlib._bootstrap_external>", line 850, in exec_module
  File "<frozen importlib._bootstrap>", line 228, in _call_with_frames_removed
  File "/opt/airflow/dags/redditdag.py", line 5, in <module>
    from airflow.providers.standard.operators.python import PythonOperator
ModuleNotFoundError: No module named 'airflow.providers.standard'
[2025-06-29T03:21:32.255+0000] {processor.py:841} WARNING - No viable dags retrieved from /opt/airflow/dags/redditdag.py
[2025-06-29T03:21:32.289+0000] {processor.py:179} INFO - Processing /opt/airflow/dags/redditdag.py took 0.081 seconds
[2025-06-29T04:57:46.419+0000] {processor.py:157} INFO - Started process (PID=10996) to work on /opt/airflow/dags/redditdag.py
[2025-06-29T04:57:46.420+0000] {processor.py:829} INFO - Processing file /opt/airflow/dags/redditdag.py for tasks to queue
[2025-06-29T04:57:46.434+0000] {logging_mixin.py:151} INFO - [2025-06-29T04:57:46.432+0000] {dagbag.py:536} INFO - Filling up the DagBag from /opt/airflow/dags/redditdag.py
[2025-06-29T04:57:46.451+0000] {logging_mixin.py:151} INFO - [2025-06-29T04:57:46.449+0000] {dagbag.py:346} ERROR - Failed to import: /opt/airflow/dags/redditdag.py
Traceback (most recent call last):
  File "/home/airflow/.local/lib/python3.9/site-packages/airflow/models/dagbag.py", line 342, in parse
    loader.exec_module(new_module)
  File "<frozen importlib._bootstrap_external>", line 850, in exec_module
  File "<frozen importlib._bootstrap>", line 228, in _call_with_frames_removed
  File "/opt/airflow/dags/redditdag.py", line 5, in <module>
    from airflow.providers.standard.operators.python import PythonOperator
ModuleNotFoundError: No module named 'airflow.providers.standard'
[2025-06-29T04:57:46.452+0000] {processor.py:841} WARNING - No viable dags retrieved from /opt/airflow/dags/redditdag.py
[2025-06-29T04:57:46.480+0000] {processor.py:179} INFO - Processing /opt/airflow/dags/redditdag.py took 0.066 seconds
[2025-06-29T06:02:09.669+0000] {processor.py:157} INFO - Started process (PID=10997) to work on /opt/airflow/dags/redditdag.py
[2025-06-29T06:02:09.672+0000] {processor.py:829} INFO - Processing file /opt/airflow/dags/redditdag.py for tasks to queue
[2025-06-29T06:02:09.697+0000] {logging_mixin.py:151} INFO - [2025-06-29T06:02:09.696+0000] {dagbag.py:536} INFO - Filling up the DagBag from /opt/airflow/dags/redditdag.py
[2025-06-29T06:02:09.707+0000] {logging_mixin.py:151} INFO - [2025-06-29T06:02:09.704+0000] {dagbag.py:346} ERROR - Failed to import: /opt/airflow/dags/redditdag.py
Traceback (most recent call last):
  File "/home/airflow/.local/lib/python3.9/site-packages/airflow/models/dagbag.py", line 342, in parse
    loader.exec_module(new_module)
  File "<frozen importlib._bootstrap_external>", line 850, in exec_module
  File "<frozen importlib._bootstrap>", line 228, in _call_with_frames_removed
  File "/opt/airflow/dags/redditdag.py", line 5, in <module>
    from airflow.providers.standard.operators.python import PythonOperator
ModuleNotFoundError: No module named 'airflow.providers.standard'
[2025-06-29T06:02:09.707+0000] {processor.py:841} WARNING - No viable dags retrieved from /opt/airflow/dags/redditdag.py
[2025-06-29T06:02:09.757+0000] {processor.py:179} INFO - Processing /opt/airflow/dags/redditdag.py took 0.096 seconds
[2025-06-29T07:03:03.135+0000] {processor.py:157} INFO - Started process (PID=10998) to work on /opt/airflow/dags/redditdag.py
[2025-06-29T07:03:03.136+0000] {processor.py:829} INFO - Processing file /opt/airflow/dags/redditdag.py for tasks to queue
[2025-06-29T07:03:03.140+0000] {logging_mixin.py:151} INFO - [2025-06-29T07:03:03.140+0000] {dagbag.py:536} INFO - Filling up the DagBag from /opt/airflow/dags/redditdag.py
[2025-06-29T07:03:03.146+0000] {logging_mixin.py:151} INFO - [2025-06-29T07:03:03.144+0000] {dagbag.py:346} ERROR - Failed to import: /opt/airflow/dags/redditdag.py
Traceback (most recent call last):
  File "/home/airflow/.local/lib/python3.9/site-packages/airflow/models/dagbag.py", line 342, in parse
    loader.exec_module(new_module)
  File "<frozen importlib._bootstrap_external>", line 850, in exec_module
  File "<frozen importlib._bootstrap>", line 228, in _call_with_frames_removed
  File "/opt/airflow/dags/redditdag.py", line 5, in <module>
    from airflow.providers.standard.operators.python import PythonOperator
ModuleNotFoundError: No module named 'airflow.providers.standard'
[2025-06-29T07:03:03.146+0000] {processor.py:841} WARNING - No viable dags retrieved from /opt/airflow/dags/redditdag.py
[2025-06-29T07:03:03.184+0000] {processor.py:179} INFO - Processing /opt/airflow/dags/redditdag.py took 0.054 seconds
[2025-06-29T10:24:02.074+0000] {processor.py:157} INFO - Started process (PID=10999) to work on /opt/airflow/dags/redditdag.py
[2025-06-29T10:24:02.076+0000] {processor.py:829} INFO - Processing file /opt/airflow/dags/redditdag.py for tasks to queue
[2025-06-29T10:24:02.082+0000] {logging_mixin.py:151} INFO - [2025-06-29T10:24:02.081+0000] {dagbag.py:536} INFO - Filling up the DagBag from /opt/airflow/dags/redditdag.py
[2025-06-29T10:24:02.100+0000] {logging_mixin.py:151} INFO - [2025-06-29T10:24:02.098+0000] {dagbag.py:346} ERROR - Failed to import: /opt/airflow/dags/redditdag.py
Traceback (most recent call last):
  File "/home/airflow/.local/lib/python3.9/site-packages/airflow/models/dagbag.py", line 342, in parse
    loader.exec_module(new_module)
  File "<frozen importlib._bootstrap_external>", line 850, in exec_module
  File "<frozen importlib._bootstrap>", line 228, in _call_with_frames_removed
  File "/opt/airflow/dags/redditdag.py", line 5, in <module>
    from airflow.providers.standard.operators.python import PythonOperator
ModuleNotFoundError: No module named 'airflow.providers.standard'
[2025-06-29T10:24:02.100+0000] {processor.py:841} WARNING - No viable dags retrieved from /opt/airflow/dags/redditdag.py
[2025-06-29T10:24:02.121+0000] {processor.py:179} INFO - Processing /opt/airflow/dags/redditdag.py took 0.053 seconds
[2025-06-29T12:08:02.828+0000] {processor.py:157} INFO - Started process (PID=11000) to work on /opt/airflow/dags/redditdag.py
[2025-06-29T12:08:02.829+0000] {processor.py:829} INFO - Processing file /opt/airflow/dags/redditdag.py for tasks to queue
[2025-06-29T12:08:02.835+0000] {logging_mixin.py:151} INFO - [2025-06-29T12:08:02.835+0000] {dagbag.py:536} INFO - Filling up the DagBag from /opt/airflow/dags/redditdag.py
[2025-06-29T12:08:02.841+0000] {logging_mixin.py:151} INFO - [2025-06-29T12:08:02.839+0000] {dagbag.py:346} ERROR - Failed to import: /opt/airflow/dags/redditdag.py
Traceback (most recent call last):
  File "/home/airflow/.local/lib/python3.9/site-packages/airflow/models/dagbag.py", line 342, in parse
    loader.exec_module(new_module)
  File "<frozen importlib._bootstrap_external>", line 850, in exec_module
  File "<frozen importlib._bootstrap>", line 228, in _call_with_frames_removed
  File "/opt/airflow/dags/redditdag.py", line 5, in <module>
    from airflow.providers.standard.operators.python import PythonOperator
ModuleNotFoundError: No module named 'airflow.providers.standard'
[2025-06-29T12:08:02.841+0000] {processor.py:841} WARNING - No viable dags retrieved from /opt/airflow/dags/redditdag.py
[2025-06-29T12:08:02.873+0000] {processor.py:179} INFO - Processing /opt/airflow/dags/redditdag.py took 0.051 seconds
[2025-06-29T14:10:06.982+0000] {processor.py:157} INFO - Started process (PID=11001) to work on /opt/airflow/dags/redditdag.py
[2025-06-29T14:10:06.984+0000] {processor.py:829} INFO - Processing file /opt/airflow/dags/redditdag.py for tasks to queue
[2025-06-29T14:10:06.988+0000] {logging_mixin.py:151} INFO - [2025-06-29T14:10:06.988+0000] {dagbag.py:536} INFO - Filling up the DagBag from /opt/airflow/dags/redditdag.py
[2025-06-29T14:10:06.995+0000] {logging_mixin.py:151} INFO - [2025-06-29T14:10:06.993+0000] {dagbag.py:346} ERROR - Failed to import: /opt/airflow/dags/redditdag.py
Traceback (most recent call last):
  File "/home/airflow/.local/lib/python3.9/site-packages/airflow/models/dagbag.py", line 342, in parse
    loader.exec_module(new_module)
  File "<frozen importlib._bootstrap_external>", line 850, in exec_module
  File "<frozen importlib._bootstrap>", line 228, in _call_with_frames_removed
  File "/opt/airflow/dags/redditdag.py", line 5, in <module>
    from airflow.providers.standard.operators.python import PythonOperator
ModuleNotFoundError: No module named 'airflow.providers.standard'
[2025-06-29T14:10:06.996+0000] {processor.py:841} WARNING - No viable dags retrieved from /opt/airflow/dags/redditdag.py
[2025-06-29T14:10:07.025+0000] {processor.py:179} INFO - Processing /opt/airflow/dags/redditdag.py took 0.049 seconds
[2025-06-29T16:12:05.430+0000] {processor.py:157} INFO - Started process (PID=11002) to work on /opt/airflow/dags/redditdag.py
[2025-06-29T16:12:05.432+0000] {processor.py:829} INFO - Processing file /opt/airflow/dags/redditdag.py for tasks to queue
[2025-06-29T16:12:05.436+0000] {logging_mixin.py:151} INFO - [2025-06-29T16:12:05.436+0000] {dagbag.py:536} INFO - Filling up the DagBag from /opt/airflow/dags/redditdag.py
[2025-06-29T16:12:05.444+0000] {logging_mixin.py:151} INFO - [2025-06-29T16:12:05.443+0000] {dagbag.py:346} ERROR - Failed to import: /opt/airflow/dags/redditdag.py
Traceback (most recent call last):
  File "/home/airflow/.local/lib/python3.9/site-packages/airflow/models/dagbag.py", line 342, in parse
    loader.exec_module(new_module)
  File "<frozen importlib._bootstrap_external>", line 850, in exec_module
  File "<frozen importlib._bootstrap>", line 228, in _call_with_frames_removed
  File "/opt/airflow/dags/redditdag.py", line 5, in <module>
    from airflow.providers.standard.operators.python import PythonOperator
ModuleNotFoundError: No module named 'airflow.providers.standard'
[2025-06-29T16:12:05.445+0000] {processor.py:841} WARNING - No viable dags retrieved from /opt/airflow/dags/redditdag.py
[2025-06-29T16:12:05.479+0000] {processor.py:179} INFO - Processing /opt/airflow/dags/redditdag.py took 0.054 seconds
[2025-06-29T19:15:05.745+0000] {processor.py:157} INFO - Started process (PID=11003) to work on /opt/airflow/dags/redditdag.py
[2025-06-29T19:15:05.752+0000] {processor.py:829} INFO - Processing file /opt/airflow/dags/redditdag.py for tasks to queue
[2025-06-29T19:15:05.767+0000] {logging_mixin.py:151} INFO - [2025-06-29T19:15:05.766+0000] {dagbag.py:536} INFO - Filling up the DagBag from /opt/airflow/dags/redditdag.py
[2025-06-29T19:15:05.798+0000] {logging_mixin.py:151} INFO - [2025-06-29T19:15:05.792+0000] {dagbag.py:346} ERROR - Failed to import: /opt/airflow/dags/redditdag.py
Traceback (most recent call last):
  File "/home/airflow/.local/lib/python3.9/site-packages/airflow/models/dagbag.py", line 342, in parse
    loader.exec_module(new_module)
  File "<frozen importlib._bootstrap_external>", line 850, in exec_module
  File "<frozen importlib._bootstrap>", line 228, in _call_with_frames_removed
  File "/opt/airflow/dags/redditdag.py", line 5, in <module>
    from airflow.providers.standard.operators.python import PythonOperator
ModuleNotFoundError: No module named 'airflow.providers.standard'
[2025-06-29T19:15:05.799+0000] {processor.py:841} WARNING - No viable dags retrieved from /opt/airflow/dags/redditdag.py
[2025-06-29T19:15:05.858+0000] {processor.py:179} INFO - Processing /opt/airflow/dags/redditdag.py took 0.122 seconds
[2025-06-29T22:18:05.720+0000] {processor.py:157} INFO - Started process (PID=11004) to work on /opt/airflow/dags/redditdag.py
[2025-06-29T22:18:05.721+0000] {processor.py:829} INFO - Processing file /opt/airflow/dags/redditdag.py for tasks to queue
[2025-06-29T22:18:05.724+0000] {logging_mixin.py:151} INFO - [2025-06-29T22:18:05.724+0000] {dagbag.py:536} INFO - Filling up the DagBag from /opt/airflow/dags/redditdag.py
[2025-06-29T22:18:05.728+0000] {logging_mixin.py:151} INFO - [2025-06-29T22:18:05.727+0000] {dagbag.py:346} ERROR - Failed to import: /opt/airflow/dags/redditdag.py
Traceback (most recent call last):
  File "/home/airflow/.local/lib/python3.9/site-packages/airflow/models/dagbag.py", line 342, in parse
    loader.exec_module(new_module)
  File "<frozen importlib._bootstrap_external>", line 850, in exec_module
  File "<frozen importlib._bootstrap>", line 228, in _call_with_frames_removed
  File "/opt/airflow/dags/redditdag.py", line 5, in <module>
    from airflow.providers.standard.operators.python import PythonOperator
ModuleNotFoundError: No module named 'airflow.providers.standard'
[2025-06-29T22:18:05.728+0000] {processor.py:841} WARNING - No viable dags retrieved from /opt/airflow/dags/redditdag.py
[2025-06-29T22:18:05.746+0000] {processor.py:179} INFO - Processing /opt/airflow/dags/redditdag.py took 0.034 seconds
