[2025-06-13T00:24:02.798+0000] {processor.py:157} INFO - Started process (PID=6127) to work on /opt/airflow/dags/redditdag.py
[2025-06-13T00:24:02.800+0000] {processor.py:829} INFO - Processing file /opt/airflow/dags/redditdag.py for tasks to queue
[2025-06-13T00:24:02.819+0000] {logging_mixin.py:151} INFO - [2025-06-13T00:24:02.818+0000] {dagbag.py:536} INFO - Filling up the DagBag from /opt/airflow/dags/redditdag.py
[2025-06-13T00:24:02.844+0000] {logging_mixin.py:151} INFO - [2025-06-13T00:24:02.838+0000] {dagbag.py:346} ERROR - Failed to import: /opt/airflow/dags/redditdag.py
Traceback (most recent call last):
  File "/home/airflow/.local/lib/python3.9/site-packages/airflow/models/dagbag.py", line 342, in parse
    loader.exec_module(new_module)
  File "<frozen importlib._bootstrap_external>", line 850, in exec_module
  File "<frozen importlib._bootstrap>", line 228, in _call_with_frames_removed
  File "/opt/airflow/dags/redditdag.py", line 5, in <module>
    from airflow.providers.standard.operators.python import PythonOperator
ModuleNotFoundError: No module named 'airflow.providers.standard'
[2025-06-13T00:24:02.846+0000] {processor.py:841} WARNING - No viable dags retrieved from /opt/airflow/dags/redditdag.py
[2025-06-13T00:24:02.895+0000] {processor.py:179} INFO - Processing /opt/airflow/dags/redditdag.py took 0.121 seconds
[2025-06-13T01:25:10.543+0000] {processor.py:157} INFO - Started process (PID=6128) to work on /opt/airflow/dags/redditdag.py
[2025-06-13T01:25:10.545+0000] {processor.py:829} INFO - Processing file /opt/airflow/dags/redditdag.py for tasks to queue
[2025-06-13T01:25:10.552+0000] {logging_mixin.py:151} INFO - [2025-06-13T01:25:10.552+0000] {dagbag.py:536} INFO - Filling up the DagBag from /opt/airflow/dags/redditdag.py
[2025-06-13T01:25:10.581+0000] {logging_mixin.py:151} INFO - [2025-06-13T01:25:10.570+0000] {dagbag.py:346} ERROR - Failed to import: /opt/airflow/dags/redditdag.py
Traceback (most recent call last):
  File "/home/airflow/.local/lib/python3.9/site-packages/airflow/models/dagbag.py", line 342, in parse
    loader.exec_module(new_module)
  File "<frozen importlib._bootstrap_external>", line 850, in exec_module
  File "<frozen importlib._bootstrap>", line 228, in _call_with_frames_removed
  File "/opt/airflow/dags/redditdag.py", line 5, in <module>
    from airflow.providers.standard.operators.python import PythonOperator
ModuleNotFoundError: No module named 'airflow.providers.standard'
[2025-06-13T01:25:10.582+0000] {processor.py:841} WARNING - No viable dags retrieved from /opt/airflow/dags/redditdag.py
[2025-06-13T01:25:10.647+0000] {processor.py:179} INFO - Processing /opt/airflow/dags/redditdag.py took 0.120 seconds
[2025-06-13T03:15:09.587+0000] {processor.py:157} INFO - Started process (PID=6129) to work on /opt/airflow/dags/redditdag.py
[2025-06-13T03:15:09.590+0000] {processor.py:829} INFO - Processing file /opt/airflow/dags/redditdag.py for tasks to queue
[2025-06-13T03:15:09.597+0000] {logging_mixin.py:151} INFO - [2025-06-13T03:15:09.596+0000] {dagbag.py:536} INFO - Filling up the DagBag from /opt/airflow/dags/redditdag.py
[2025-06-13T03:15:09.608+0000] {logging_mixin.py:151} INFO - [2025-06-13T03:15:09.605+0000] {dagbag.py:346} ERROR - Failed to import: /opt/airflow/dags/redditdag.py
Traceback (most recent call last):
  File "/home/airflow/.local/lib/python3.9/site-packages/airflow/models/dagbag.py", line 342, in parse
    loader.exec_module(new_module)
  File "<frozen importlib._bootstrap_external>", line 850, in exec_module
  File "<frozen importlib._bootstrap>", line 228, in _call_with_frames_removed
  File "/opt/airflow/dags/redditdag.py", line 5, in <module>
    from airflow.providers.standard.operators.python import PythonOperator
ModuleNotFoundError: No module named 'airflow.providers.standard'
[2025-06-13T03:15:09.608+0000] {processor.py:841} WARNING - No viable dags retrieved from /opt/airflow/dags/redditdag.py
[2025-06-13T03:15:09.659+0000] {processor.py:179} INFO - Processing /opt/airflow/dags/redditdag.py took 0.084 seconds
[2025-06-13T03:57:28.389+0000] {processor.py:157} INFO - Started process (PID=6130) to work on /opt/airflow/dags/redditdag.py
[2025-06-13T03:57:28.391+0000] {processor.py:829} INFO - Processing file /opt/airflow/dags/redditdag.py for tasks to queue
[2025-06-13T03:57:28.401+0000] {logging_mixin.py:151} INFO - [2025-06-13T03:57:28.400+0000] {dagbag.py:536} INFO - Filling up the DagBag from /opt/airflow/dags/redditdag.py
[2025-06-13T03:57:28.447+0000] {logging_mixin.py:151} INFO - [2025-06-13T03:57:28.433+0000] {dagbag.py:346} ERROR - Failed to import: /opt/airflow/dags/redditdag.py
Traceback (most recent call last):
  File "/home/airflow/.local/lib/python3.9/site-packages/airflow/models/dagbag.py", line 342, in parse
    loader.exec_module(new_module)
  File "<frozen importlib._bootstrap_external>", line 850, in exec_module
  File "<frozen importlib._bootstrap>", line 228, in _call_with_frames_removed
  File "/opt/airflow/dags/redditdag.py", line 5, in <module>
    from airflow.providers.standard.operators.python import PythonOperator
ModuleNotFoundError: No module named 'airflow.providers.standard'
[2025-06-13T03:57:28.448+0000] {processor.py:841} WARNING - No viable dags retrieved from /opt/airflow/dags/redditdag.py
[2025-06-13T03:57:28.531+0000] {processor.py:179} INFO - Processing /opt/airflow/dags/redditdag.py took 0.170 seconds
[2025-06-13T05:54:29.144+0000] {processor.py:157} INFO - Started process (PID=6131) to work on /opt/airflow/dags/redditdag.py
[2025-06-13T05:54:29.145+0000] {processor.py:829} INFO - Processing file /opt/airflow/dags/redditdag.py for tasks to queue
[2025-06-13T05:54:29.151+0000] {logging_mixin.py:151} INFO - [2025-06-13T05:54:29.150+0000] {dagbag.py:536} INFO - Filling up the DagBag from /opt/airflow/dags/redditdag.py
[2025-06-13T05:54:29.159+0000] {logging_mixin.py:151} INFO - [2025-06-13T05:54:29.156+0000] {dagbag.py:346} ERROR - Failed to import: /opt/airflow/dags/redditdag.py
Traceback (most recent call last):
  File "/home/airflow/.local/lib/python3.9/site-packages/airflow/models/dagbag.py", line 342, in parse
    loader.exec_module(new_module)
  File "<frozen importlib._bootstrap_external>", line 850, in exec_module
  File "<frozen importlib._bootstrap>", line 228, in _call_with_frames_removed
  File "/opt/airflow/dags/redditdag.py", line 5, in <module>
    from airflow.providers.standard.operators.python import PythonOperator
ModuleNotFoundError: No module named 'airflow.providers.standard'
[2025-06-13T05:54:29.159+0000] {processor.py:841} WARNING - No viable dags retrieved from /opt/airflow/dags/redditdag.py
[2025-06-13T05:54:29.187+0000] {processor.py:179} INFO - Processing /opt/airflow/dags/redditdag.py took 0.051 seconds
[2025-06-13T09:09:42.508+0000] {processor.py:157} INFO - Started process (PID=6132) to work on /opt/airflow/dags/redditdag.py
[2025-06-13T09:09:42.510+0000] {processor.py:829} INFO - Processing file /opt/airflow/dags/redditdag.py for tasks to queue
[2025-06-13T09:09:42.521+0000] {logging_mixin.py:151} INFO - [2025-06-13T09:09:42.520+0000] {dagbag.py:536} INFO - Filling up the DagBag from /opt/airflow/dags/redditdag.py
[2025-06-13T09:09:42.537+0000] {logging_mixin.py:151} INFO - [2025-06-13T09:09:42.531+0000] {dagbag.py:346} ERROR - Failed to import: /opt/airflow/dags/redditdag.py
Traceback (most recent call last):
  File "/home/airflow/.local/lib/python3.9/site-packages/airflow/models/dagbag.py", line 342, in parse
    loader.exec_module(new_module)
  File "<frozen importlib._bootstrap_external>", line 850, in exec_module
  File "<frozen importlib._bootstrap>", line 228, in _call_with_frames_removed
  File "/opt/airflow/dags/redditdag.py", line 5, in <module>
    from airflow.providers.standard.operators.python import PythonOperator
ModuleNotFoundError: No module named 'airflow.providers.standard'
[2025-06-13T09:09:42.537+0000] {processor.py:841} WARNING - No viable dags retrieved from /opt/airflow/dags/redditdag.py
[2025-06-13T09:09:42.582+0000] {processor.py:179} INFO - Processing /opt/airflow/dags/redditdag.py took 0.104 seconds
[2025-06-13T11:36:11.989+0000] {processor.py:157} INFO - Started process (PID=6133) to work on /opt/airflow/dags/redditdag.py
[2025-06-13T11:36:11.993+0000] {processor.py:829} INFO - Processing file /opt/airflow/dags/redditdag.py for tasks to queue
[2025-06-13T11:36:12.025+0000] {logging_mixin.py:151} INFO - [2025-06-13T11:36:12.024+0000] {dagbag.py:536} INFO - Filling up the DagBag from /opt/airflow/dags/redditdag.py
[2025-06-13T11:36:12.037+0000] {logging_mixin.py:151} INFO - [2025-06-13T11:36:12.033+0000] {dagbag.py:346} ERROR - Failed to import: /opt/airflow/dags/redditdag.py
Traceback (most recent call last):
  File "/home/airflow/.local/lib/python3.9/site-packages/airflow/models/dagbag.py", line 342, in parse
    loader.exec_module(new_module)
  File "<frozen importlib._bootstrap_external>", line 850, in exec_module
  File "<frozen importlib._bootstrap>", line 228, in _call_with_frames_removed
  File "/opt/airflow/dags/redditdag.py", line 5, in <module>
    from airflow.providers.standard.operators.python import PythonOperator
ModuleNotFoundError: No module named 'airflow.providers.standard'
[2025-06-13T11:36:12.038+0000] {processor.py:841} WARNING - No viable dags retrieved from /opt/airflow/dags/redditdag.py
[2025-06-13T11:36:12.091+0000] {processor.py:179} INFO - Processing /opt/airflow/dags/redditdag.py took 0.118 seconds
[2025-06-13T15:17:26.214+0000] {processor.py:157} INFO - Started process (PID=6134) to work on /opt/airflow/dags/redditdag.py
[2025-06-13T15:17:26.215+0000] {processor.py:829} INFO - Processing file /opt/airflow/dags/redditdag.py for tasks to queue
[2025-06-13T15:17:26.222+0000] {logging_mixin.py:151} INFO - [2025-06-13T15:17:26.221+0000] {dagbag.py:536} INFO - Filling up the DagBag from /opt/airflow/dags/redditdag.py
[2025-06-13T15:17:26.243+0000] {logging_mixin.py:151} INFO - [2025-06-13T15:17:26.232+0000] {dagbag.py:346} ERROR - Failed to import: /opt/airflow/dags/redditdag.py
Traceback (most recent call last):
  File "/home/airflow/.local/lib/python3.9/site-packages/airflow/models/dagbag.py", line 342, in parse
    loader.exec_module(new_module)
  File "<frozen importlib._bootstrap_external>", line 850, in exec_module
  File "<frozen importlib._bootstrap>", line 228, in _call_with_frames_removed
  File "/opt/airflow/dags/redditdag.py", line 5, in <module>
    from airflow.providers.standard.operators.python import PythonOperator
ModuleNotFoundError: No module named 'airflow.providers.standard'
[2025-06-13T15:17:26.245+0000] {processor.py:841} WARNING - No viable dags retrieved from /opt/airflow/dags/redditdag.py
[2025-06-13T15:17:26.292+0000] {processor.py:179} INFO - Processing /opt/airflow/dags/redditdag.py took 0.086 seconds
[2025-06-13T16:10:54.368+0000] {processor.py:157} INFO - Started process (PID=6135) to work on /opt/airflow/dags/redditdag.py
[2025-06-13T16:10:54.376+0000] {processor.py:829} INFO - Processing file /opt/airflow/dags/redditdag.py for tasks to queue
[2025-06-13T16:10:54.385+0000] {logging_mixin.py:151} INFO - [2025-06-13T16:10:54.384+0000] {dagbag.py:536} INFO - Filling up the DagBag from /opt/airflow/dags/redditdag.py
[2025-06-13T16:10:54.394+0000] {logging_mixin.py:151} INFO - [2025-06-13T16:10:54.391+0000] {dagbag.py:346} ERROR - Failed to import: /opt/airflow/dags/redditdag.py
Traceback (most recent call last):
  File "/home/airflow/.local/lib/python3.9/site-packages/airflow/models/dagbag.py", line 342, in parse
    loader.exec_module(new_module)
  File "<frozen importlib._bootstrap_external>", line 850, in exec_module
  File "<frozen importlib._bootstrap>", line 228, in _call_with_frames_removed
  File "/opt/airflow/dags/redditdag.py", line 5, in <module>
    from airflow.providers.standard.operators.python import PythonOperator
ModuleNotFoundError: No module named 'airflow.providers.standard'
[2025-06-13T16:10:54.394+0000] {processor.py:841} WARNING - No viable dags retrieved from /opt/airflow/dags/redditdag.py
[2025-06-13T16:10:54.448+0000] {processor.py:179} INFO - Processing /opt/airflow/dags/redditdag.py took 0.105 seconds
[2025-06-13T16:11:24.854+0000] {processor.py:157} INFO - Started process (PID=6136) to work on /opt/airflow/dags/redditdag.py
[2025-06-13T16:11:24.856+0000] {processor.py:829} INFO - Processing file /opt/airflow/dags/redditdag.py for tasks to queue
[2025-06-13T16:11:24.863+0000] {logging_mixin.py:151} INFO - [2025-06-13T16:11:24.862+0000] {dagbag.py:536} INFO - Filling up the DagBag from /opt/airflow/dags/redditdag.py
[2025-06-13T16:11:24.872+0000] {logging_mixin.py:151} INFO - [2025-06-13T16:11:24.870+0000] {dagbag.py:346} ERROR - Failed to import: /opt/airflow/dags/redditdag.py
Traceback (most recent call last):
  File "/home/airflow/.local/lib/python3.9/site-packages/airflow/models/dagbag.py", line 342, in parse
    loader.exec_module(new_module)
  File "<frozen importlib._bootstrap_external>", line 850, in exec_module
  File "<frozen importlib._bootstrap>", line 228, in _call_with_frames_removed
  File "/opt/airflow/dags/redditdag.py", line 5, in <module>
    from airflow.providers.standard.operators.python import PythonOperator
ModuleNotFoundError: No module named 'airflow.providers.standard'
[2025-06-13T16:11:24.873+0000] {processor.py:841} WARNING - No viable dags retrieved from /opt/airflow/dags/redditdag.py
[2025-06-13T16:11:24.903+0000] {processor.py:179} INFO - Processing /opt/airflow/dags/redditdag.py took 0.085 seconds
[2025-06-13T16:11:55.252+0000] {processor.py:157} INFO - Started process (PID=6137) to work on /opt/airflow/dags/redditdag.py
[2025-06-13T16:11:55.254+0000] {processor.py:829} INFO - Processing file /opt/airflow/dags/redditdag.py for tasks to queue
[2025-06-13T16:11:55.259+0000] {logging_mixin.py:151} INFO - [2025-06-13T16:11:55.258+0000] {dagbag.py:536} INFO - Filling up the DagBag from /opt/airflow/dags/redditdag.py
[2025-06-13T16:11:55.264+0000] {logging_mixin.py:151} INFO - [2025-06-13T16:11:55.263+0000] {dagbag.py:346} ERROR - Failed to import: /opt/airflow/dags/redditdag.py
Traceback (most recent call last):
  File "/home/airflow/.local/lib/python3.9/site-packages/airflow/models/dagbag.py", line 342, in parse
    loader.exec_module(new_module)
  File "<frozen importlib._bootstrap_external>", line 850, in exec_module
  File "<frozen importlib._bootstrap>", line 228, in _call_with_frames_removed
  File "/opt/airflow/dags/redditdag.py", line 5, in <module>
    from airflow.providers.standard.operators.python import PythonOperator
ModuleNotFoundError: No module named 'airflow.providers.standard'
[2025-06-13T16:11:55.264+0000] {processor.py:841} WARNING - No viable dags retrieved from /opt/airflow/dags/redditdag.py
[2025-06-13T16:11:55.282+0000] {processor.py:179} INFO - Processing /opt/airflow/dags/redditdag.py took 0.042 seconds
[2025-06-13T16:12:25.683+0000] {processor.py:157} INFO - Started process (PID=6138) to work on /opt/airflow/dags/redditdag.py
[2025-06-13T16:12:25.685+0000] {processor.py:829} INFO - Processing file /opt/airflow/dags/redditdag.py for tasks to queue
[2025-06-13T16:12:25.688+0000] {logging_mixin.py:151} INFO - [2025-06-13T16:12:25.687+0000] {dagbag.py:536} INFO - Filling up the DagBag from /opt/airflow/dags/redditdag.py
[2025-06-13T16:12:25.692+0000] {logging_mixin.py:151} INFO - [2025-06-13T16:12:25.691+0000] {dagbag.py:346} ERROR - Failed to import: /opt/airflow/dags/redditdag.py
Traceback (most recent call last):
  File "/home/airflow/.local/lib/python3.9/site-packages/airflow/models/dagbag.py", line 342, in parse
    loader.exec_module(new_module)
  File "<frozen importlib._bootstrap_external>", line 850, in exec_module
  File "<frozen importlib._bootstrap>", line 228, in _call_with_frames_removed
  File "/opt/airflow/dags/redditdag.py", line 5, in <module>
    from airflow.providers.standard.operators.python import PythonOperator
ModuleNotFoundError: No module named 'airflow.providers.standard'
[2025-06-13T16:12:25.693+0000] {processor.py:841} WARNING - No viable dags retrieved from /opt/airflow/dags/redditdag.py
[2025-06-13T16:12:25.711+0000] {processor.py:179} INFO - Processing /opt/airflow/dags/redditdag.py took 0.038 seconds
[2025-06-13T17:09:46.139+0000] {processor.py:157} INFO - Started process (PID=6139) to work on /opt/airflow/dags/redditdag.py
[2025-06-13T17:09:46.141+0000] {processor.py:829} INFO - Processing file /opt/airflow/dags/redditdag.py for tasks to queue
[2025-06-13T17:09:46.147+0000] {logging_mixin.py:151} INFO - [2025-06-13T17:09:46.146+0000] {dagbag.py:536} INFO - Filling up the DagBag from /opt/airflow/dags/redditdag.py
[2025-06-13T17:09:46.157+0000] {logging_mixin.py:151} INFO - [2025-06-13T17:09:46.153+0000] {dagbag.py:346} ERROR - Failed to import: /opt/airflow/dags/redditdag.py
Traceback (most recent call last):
  File "/home/airflow/.local/lib/python3.9/site-packages/airflow/models/dagbag.py", line 342, in parse
    loader.exec_module(new_module)
  File "<frozen importlib._bootstrap_external>", line 850, in exec_module
  File "<frozen importlib._bootstrap>", line 228, in _call_with_frames_removed
  File "/opt/airflow/dags/redditdag.py", line 5, in <module>
    from airflow.providers.standard.operators.python import PythonOperator
ModuleNotFoundError: No module named 'airflow.providers.standard'
[2025-06-13T17:09:46.157+0000] {processor.py:841} WARNING - No viable dags retrieved from /opt/airflow/dags/redditdag.py
[2025-06-13T17:09:46.209+0000] {processor.py:179} INFO - Processing /opt/airflow/dags/redditdag.py took 0.086 seconds
[2025-06-13T17:10:16.590+0000] {processor.py:157} INFO - Started process (PID=6140) to work on /opt/airflow/dags/redditdag.py
[2025-06-13T17:10:16.593+0000] {processor.py:829} INFO - Processing file /opt/airflow/dags/redditdag.py for tasks to queue
[2025-06-13T17:10:16.598+0000] {logging_mixin.py:151} INFO - [2025-06-13T17:10:16.597+0000] {dagbag.py:536} INFO - Filling up the DagBag from /opt/airflow/dags/redditdag.py
[2025-06-13T17:10:16.606+0000] {logging_mixin.py:151} INFO - [2025-06-13T17:10:16.604+0000] {dagbag.py:346} ERROR - Failed to import: /opt/airflow/dags/redditdag.py
Traceback (most recent call last):
  File "/home/airflow/.local/lib/python3.9/site-packages/airflow/models/dagbag.py", line 342, in parse
    loader.exec_module(new_module)
  File "<frozen importlib._bootstrap_external>", line 850, in exec_module
  File "<frozen importlib._bootstrap>", line 228, in _call_with_frames_removed
  File "/opt/airflow/dags/redditdag.py", line 5, in <module>
    from airflow.providers.standard.operators.python import PythonOperator
ModuleNotFoundError: No module named 'airflow.providers.standard'
[2025-06-13T17:10:16.606+0000] {processor.py:841} WARNING - No viable dags retrieved from /opt/airflow/dags/redditdag.py
[2025-06-13T17:10:16.654+0000] {processor.py:179} INFO - Processing /opt/airflow/dags/redditdag.py took 0.072 seconds
[2025-06-13T17:47:02.160+0000] {processor.py:157} INFO - Started process (PID=6141) to work on /opt/airflow/dags/redditdag.py
[2025-06-13T17:47:02.162+0000] {processor.py:829} INFO - Processing file /opt/airflow/dags/redditdag.py for tasks to queue
[2025-06-13T17:47:02.167+0000] {logging_mixin.py:151} INFO - [2025-06-13T17:47:02.167+0000] {dagbag.py:536} INFO - Filling up the DagBag from /opt/airflow/dags/redditdag.py
[2025-06-13T17:47:02.174+0000] {logging_mixin.py:151} INFO - [2025-06-13T17:47:02.172+0000] {dagbag.py:346} ERROR - Failed to import: /opt/airflow/dags/redditdag.py
Traceback (most recent call last):
  File "/home/airflow/.local/lib/python3.9/site-packages/airflow/models/dagbag.py", line 342, in parse
    loader.exec_module(new_module)
  File "<frozen importlib._bootstrap_external>", line 850, in exec_module
  File "<frozen importlib._bootstrap>", line 228, in _call_with_frames_removed
  File "/opt/airflow/dags/redditdag.py", line 5, in <module>
    from airflow.providers.standard.operators.python import PythonOperator
ModuleNotFoundError: No module named 'airflow.providers.standard'
[2025-06-13T17:47:02.174+0000] {processor.py:841} WARNING - No viable dags retrieved from /opt/airflow/dags/redditdag.py
[2025-06-13T17:47:02.207+0000] {processor.py:179} INFO - Processing /opt/airflow/dags/redditdag.py took 0.053 seconds
[2025-06-13T17:47:32.613+0000] {processor.py:157} INFO - Started process (PID=6142) to work on /opt/airflow/dags/redditdag.py
[2025-06-13T17:47:32.615+0000] {processor.py:829} INFO - Processing file /opt/airflow/dags/redditdag.py for tasks to queue
[2025-06-13T17:47:32.624+0000] {logging_mixin.py:151} INFO - [2025-06-13T17:47:32.624+0000] {dagbag.py:536} INFO - Filling up the DagBag from /opt/airflow/dags/redditdag.py
[2025-06-13T17:47:32.634+0000] {logging_mixin.py:151} INFO - [2025-06-13T17:47:32.632+0000] {dagbag.py:346} ERROR - Failed to import: /opt/airflow/dags/redditdag.py
Traceback (most recent call last):
  File "/home/airflow/.local/lib/python3.9/site-packages/airflow/models/dagbag.py", line 342, in parse
    loader.exec_module(new_module)
  File "<frozen importlib._bootstrap_external>", line 850, in exec_module
  File "<frozen importlib._bootstrap>", line 228, in _call_with_frames_removed
  File "/opt/airflow/dags/redditdag.py", line 5, in <module>
    from airflow.providers.standard.operators.python import PythonOperator
ModuleNotFoundError: No module named 'airflow.providers.standard'
[2025-06-13T17:47:32.635+0000] {processor.py:841} WARNING - No viable dags retrieved from /opt/airflow/dags/redditdag.py
[2025-06-13T17:47:32.704+0000] {processor.py:179} INFO - Processing /opt/airflow/dags/redditdag.py took 0.107 seconds
[2025-06-13T17:48:03.080+0000] {processor.py:157} INFO - Started process (PID=6143) to work on /opt/airflow/dags/redditdag.py
[2025-06-13T17:48:03.083+0000] {processor.py:829} INFO - Processing file /opt/airflow/dags/redditdag.py for tasks to queue
[2025-06-13T17:48:03.087+0000] {logging_mixin.py:151} INFO - [2025-06-13T17:48:03.086+0000] {dagbag.py:536} INFO - Filling up the DagBag from /opt/airflow/dags/redditdag.py
[2025-06-13T17:48:03.092+0000] {logging_mixin.py:151} INFO - [2025-06-13T17:48:03.091+0000] {dagbag.py:346} ERROR - Failed to import: /opt/airflow/dags/redditdag.py
Traceback (most recent call last):
  File "/home/airflow/.local/lib/python3.9/site-packages/airflow/models/dagbag.py", line 342, in parse
    loader.exec_module(new_module)
  File "<frozen importlib._bootstrap_external>", line 850, in exec_module
  File "<frozen importlib._bootstrap>", line 228, in _call_with_frames_removed
  File "/opt/airflow/dags/redditdag.py", line 5, in <module>
    from airflow.providers.standard.operators.python import PythonOperator
ModuleNotFoundError: No module named 'airflow.providers.standard'
[2025-06-13T17:48:03.092+0000] {processor.py:841} WARNING - No viable dags retrieved from /opt/airflow/dags/redditdag.py
[2025-06-13T17:48:03.107+0000] {processor.py:179} INFO - Processing /opt/airflow/dags/redditdag.py took 0.037 seconds
[2025-06-13T17:48:33.533+0000] {processor.py:157} INFO - Started process (PID=6144) to work on /opt/airflow/dags/redditdag.py
[2025-06-13T17:48:33.535+0000] {processor.py:829} INFO - Processing file /opt/airflow/dags/redditdag.py for tasks to queue
[2025-06-13T17:48:33.539+0000] {logging_mixin.py:151} INFO - [2025-06-13T17:48:33.539+0000] {dagbag.py:536} INFO - Filling up the DagBag from /opt/airflow/dags/redditdag.py
[2025-06-13T17:48:33.544+0000] {logging_mixin.py:151} INFO - [2025-06-13T17:48:33.543+0000] {dagbag.py:346} ERROR - Failed to import: /opt/airflow/dags/redditdag.py
Traceback (most recent call last):
  File "/home/airflow/.local/lib/python3.9/site-packages/airflow/models/dagbag.py", line 342, in parse
    loader.exec_module(new_module)
  File "<frozen importlib._bootstrap_external>", line 850, in exec_module
  File "<frozen importlib._bootstrap>", line 228, in _call_with_frames_removed
  File "/opt/airflow/dags/redditdag.py", line 5, in <module>
    from airflow.providers.standard.operators.python import PythonOperator
ModuleNotFoundError: No module named 'airflow.providers.standard'
[2025-06-13T17:48:33.544+0000] {processor.py:841} WARNING - No viable dags retrieved from /opt/airflow/dags/redditdag.py
[2025-06-13T17:48:33.567+0000] {processor.py:179} INFO - Processing /opt/airflow/dags/redditdag.py took 0.042 seconds
[2025-06-13T18:20:27.982+0000] {processor.py:157} INFO - Started process (PID=6145) to work on /opt/airflow/dags/redditdag.py
[2025-06-13T18:20:27.984+0000] {processor.py:829} INFO - Processing file /opt/airflow/dags/redditdag.py for tasks to queue
[2025-06-13T18:20:27.990+0000] {logging_mixin.py:151} INFO - [2025-06-13T18:20:27.989+0000] {dagbag.py:536} INFO - Filling up the DagBag from /opt/airflow/dags/redditdag.py
[2025-06-13T18:20:27.998+0000] {logging_mixin.py:151} INFO - [2025-06-13T18:20:27.996+0000] {dagbag.py:346} ERROR - Failed to import: /opt/airflow/dags/redditdag.py
Traceback (most recent call last):
  File "/home/airflow/.local/lib/python3.9/site-packages/airflow/models/dagbag.py", line 342, in parse
    loader.exec_module(new_module)
  File "<frozen importlib._bootstrap_external>", line 850, in exec_module
  File "<frozen importlib._bootstrap>", line 228, in _call_with_frames_removed
  File "/opt/airflow/dags/redditdag.py", line 5, in <module>
    from airflow.providers.standard.operators.python import PythonOperator
ModuleNotFoundError: No module named 'airflow.providers.standard'
[2025-06-13T18:20:27.999+0000] {processor.py:841} WARNING - No viable dags retrieved from /opt/airflow/dags/redditdag.py
[2025-06-13T18:20:28.034+0000] {processor.py:179} INFO - Processing /opt/airflow/dags/redditdag.py took 0.071 seconds
[2025-06-13T19:47:56.525+0000] {processor.py:157} INFO - Started process (PID=6146) to work on /opt/airflow/dags/redditdag.py
[2025-06-13T19:47:56.527+0000] {processor.py:829} INFO - Processing file /opt/airflow/dags/redditdag.py for tasks to queue
[2025-06-13T19:47:56.543+0000] {logging_mixin.py:151} INFO - [2025-06-13T19:47:56.542+0000] {dagbag.py:536} INFO - Filling up the DagBag from /opt/airflow/dags/redditdag.py
[2025-06-13T19:47:56.553+0000] {logging_mixin.py:151} INFO - [2025-06-13T19:47:56.551+0000] {dagbag.py:346} ERROR - Failed to import: /opt/airflow/dags/redditdag.py
Traceback (most recent call last):
  File "/home/airflow/.local/lib/python3.9/site-packages/airflow/models/dagbag.py", line 342, in parse
    loader.exec_module(new_module)
  File "<frozen importlib._bootstrap_external>", line 850, in exec_module
  File "<frozen importlib._bootstrap>", line 228, in _call_with_frames_removed
  File "/opt/airflow/dags/redditdag.py", line 5, in <module>
    from airflow.providers.standard.operators.python import PythonOperator
ModuleNotFoundError: No module named 'airflow.providers.standard'
[2025-06-13T19:47:56.554+0000] {processor.py:841} WARNING - No viable dags retrieved from /opt/airflow/dags/redditdag.py
[2025-06-13T19:47:56.590+0000] {processor.py:179} INFO - Processing /opt/airflow/dags/redditdag.py took 0.074 seconds
[2025-06-13T21:23:33.387+0000] {processor.py:157} INFO - Started process (PID=6147) to work on /opt/airflow/dags/redditdag.py
[2025-06-13T21:23:33.391+0000] {processor.py:829} INFO - Processing file /opt/airflow/dags/redditdag.py for tasks to queue
[2025-06-13T21:23:33.401+0000] {logging_mixin.py:151} INFO - [2025-06-13T21:23:33.400+0000] {dagbag.py:536} INFO - Filling up the DagBag from /opt/airflow/dags/redditdag.py
[2025-06-13T21:23:33.409+0000] {logging_mixin.py:151} INFO - [2025-06-13T21:23:33.407+0000] {dagbag.py:346} ERROR - Failed to import: /opt/airflow/dags/redditdag.py
Traceback (most recent call last):
  File "/home/airflow/.local/lib/python3.9/site-packages/airflow/models/dagbag.py", line 342, in parse
    loader.exec_module(new_module)
  File "<frozen importlib._bootstrap_external>", line 850, in exec_module
  File "<frozen importlib._bootstrap>", line 228, in _call_with_frames_removed
  File "/opt/airflow/dags/redditdag.py", line 5, in <module>
    from airflow.providers.standard.operators.python import PythonOperator
ModuleNotFoundError: No module named 'airflow.providers.standard'
[2025-06-13T21:23:33.410+0000] {processor.py:841} WARNING - No viable dags retrieved from /opt/airflow/dags/redditdag.py
[2025-06-13T21:23:33.454+0000] {processor.py:179} INFO - Processing /opt/airflow/dags/redditdag.py took 0.085 seconds
[2025-06-13T22:28:11.435+0000] {processor.py:157} INFO - Started process (PID=6148) to work on /opt/airflow/dags/redditdag.py
[2025-06-13T22:28:11.438+0000] {processor.py:829} INFO - Processing file /opt/airflow/dags/redditdag.py for tasks to queue
[2025-06-13T22:28:11.452+0000] {logging_mixin.py:151} INFO - [2025-06-13T22:28:11.450+0000] {dagbag.py:536} INFO - Filling up the DagBag from /opt/airflow/dags/redditdag.py
[2025-06-13T22:28:11.469+0000] {logging_mixin.py:151} INFO - [2025-06-13T22:28:11.464+0000] {dagbag.py:346} ERROR - Failed to import: /opt/airflow/dags/redditdag.py
Traceback (most recent call last):
  File "/home/airflow/.local/lib/python3.9/site-packages/airflow/models/dagbag.py", line 342, in parse
    loader.exec_module(new_module)
  File "<frozen importlib._bootstrap_external>", line 850, in exec_module
  File "<frozen importlib._bootstrap>", line 228, in _call_with_frames_removed
  File "/opt/airflow/dags/redditdag.py", line 5, in <module>
    from airflow.providers.standard.operators.python import PythonOperator
ModuleNotFoundError: No module named 'airflow.providers.standard'
[2025-06-13T22:28:11.470+0000] {processor.py:841} WARNING - No viable dags retrieved from /opt/airflow/dags/redditdag.py
[2025-06-13T22:28:11.526+0000] {processor.py:179} INFO - Processing /opt/airflow/dags/redditdag.py took 0.103 seconds
[2025-06-13T22:31:00.166+0000] {processor.py:157} INFO - Started process (PID=6149) to work on /opt/airflow/dags/redditdag.py
[2025-06-13T22:31:00.169+0000] {processor.py:829} INFO - Processing file /opt/airflow/dags/redditdag.py for tasks to queue
[2025-06-13T22:31:00.178+0000] {logging_mixin.py:151} INFO - [2025-06-13T22:31:00.177+0000] {dagbag.py:536} INFO - Filling up the DagBag from /opt/airflow/dags/redditdag.py
[2025-06-13T22:31:00.205+0000] {logging_mixin.py:151} INFO - [2025-06-13T22:31:00.202+0000] {dagbag.py:346} ERROR - Failed to import: /opt/airflow/dags/redditdag.py
Traceback (most recent call last):
  File "/home/airflow/.local/lib/python3.9/site-packages/airflow/models/dagbag.py", line 342, in parse
    loader.exec_module(new_module)
  File "<frozen importlib._bootstrap_external>", line 850, in exec_module
  File "<frozen importlib._bootstrap>", line 228, in _call_with_frames_removed
  File "/opt/airflow/dags/redditdag.py", line 5, in <module>
    from airflow.providers.standard.operators.python import PythonOperator
ModuleNotFoundError: No module named 'airflow.providers.standard'
[2025-06-13T22:31:00.205+0000] {processor.py:841} WARNING - No viable dags retrieved from /opt/airflow/dags/redditdag.py
[2025-06-13T22:31:00.329+0000] {processor.py:179} INFO - Processing /opt/airflow/dags/redditdag.py took 0.180 seconds
[2025-06-13T22:42:57.534+0000] {processor.py:157} INFO - Started process (PID=6150) to work on /opt/airflow/dags/redditdag.py
[2025-06-13T22:42:57.535+0000] {processor.py:829} INFO - Processing file /opt/airflow/dags/redditdag.py for tasks to queue
[2025-06-13T22:42:57.542+0000] {logging_mixin.py:151} INFO - [2025-06-13T22:42:57.541+0000] {dagbag.py:536} INFO - Filling up the DagBag from /opt/airflow/dags/redditdag.py
[2025-06-13T22:42:57.560+0000] {logging_mixin.py:151} INFO - [2025-06-13T22:42:57.553+0000] {dagbag.py:346} ERROR - Failed to import: /opt/airflow/dags/redditdag.py
Traceback (most recent call last):
  File "/home/airflow/.local/lib/python3.9/site-packages/airflow/models/dagbag.py", line 342, in parse
    loader.exec_module(new_module)
  File "<frozen importlib._bootstrap_external>", line 850, in exec_module
  File "<frozen importlib._bootstrap>", line 228, in _call_with_frames_removed
  File "/opt/airflow/dags/redditdag.py", line 5, in <module>
    from airflow.providers.standard.operators.python import PythonOperator
ModuleNotFoundError: No module named 'airflow.providers.standard'
[2025-06-13T22:42:57.561+0000] {processor.py:841} WARNING - No viable dags retrieved from /opt/airflow/dags/redditdag.py
[2025-06-13T22:42:57.642+0000] {processor.py:179} INFO - Processing /opt/airflow/dags/redditdag.py took 0.117 seconds
[2025-06-13T23:26:33.659+0000] {processor.py:157} INFO - Started process (PID=6151) to work on /opt/airflow/dags/redditdag.py
[2025-06-13T23:26:33.663+0000] {processor.py:829} INFO - Processing file /opt/airflow/dags/redditdag.py for tasks to queue
[2025-06-13T23:26:33.672+0000] {logging_mixin.py:151} INFO - [2025-06-13T23:26:33.671+0000] {dagbag.py:536} INFO - Filling up the DagBag from /opt/airflow/dags/redditdag.py
[2025-06-13T23:26:33.704+0000] {logging_mixin.py:151} INFO - [2025-06-13T23:26:33.701+0000] {dagbag.py:346} ERROR - Failed to import: /opt/airflow/dags/redditdag.py
Traceback (most recent call last):
  File "/home/airflow/.local/lib/python3.9/site-packages/airflow/models/dagbag.py", line 342, in parse
    loader.exec_module(new_module)
  File "<frozen importlib._bootstrap_external>", line 850, in exec_module
  File "<frozen importlib._bootstrap>", line 228, in _call_with_frames_removed
  File "/opt/airflow/dags/redditdag.py", line 5, in <module>
    from airflow.providers.standard.operators.python import PythonOperator
ModuleNotFoundError: No module named 'airflow.providers.standard'
[2025-06-13T23:26:33.705+0000] {processor.py:841} WARNING - No viable dags retrieved from /opt/airflow/dags/redditdag.py
[2025-06-13T23:26:33.758+0000] {processor.py:179} INFO - Processing /opt/airflow/dags/redditdag.py took 0.110 seconds
[2025-06-13T23:27:04.421+0000] {processor.py:157} INFO - Started process (PID=6152) to work on /opt/airflow/dags/redditdag.py
[2025-06-13T23:27:04.424+0000] {processor.py:829} INFO - Processing file /opt/airflow/dags/redditdag.py for tasks to queue
[2025-06-13T23:27:04.434+0000] {logging_mixin.py:151} INFO - [2025-06-13T23:27:04.432+0000] {dagbag.py:536} INFO - Filling up the DagBag from /opt/airflow/dags/redditdag.py
[2025-06-13T23:27:04.450+0000] {logging_mixin.py:151} INFO - [2025-06-13T23:27:04.446+0000] {dagbag.py:346} ERROR - Failed to import: /opt/airflow/dags/redditdag.py
Traceback (most recent call last):
  File "/home/airflow/.local/lib/python3.9/site-packages/airflow/models/dagbag.py", line 342, in parse
    loader.exec_module(new_module)
  File "<frozen importlib._bootstrap_external>", line 850, in exec_module
  File "<frozen importlib._bootstrap>", line 228, in _call_with_frames_removed
  File "/opt/airflow/dags/redditdag.py", line 5, in <module>
    from airflow.providers.standard.operators.python import PythonOperator
ModuleNotFoundError: No module named 'airflow.providers.standard'
[2025-06-13T23:27:04.450+0000] {processor.py:841} WARNING - No viable dags retrieved from /opt/airflow/dags/redditdag.py
[2025-06-13T23:27:04.505+0000] {processor.py:179} INFO - Processing /opt/airflow/dags/redditdag.py took 0.099 seconds
[2025-06-13T23:40:08.685+0000] {processor.py:157} INFO - Started process (PID=6153) to work on /opt/airflow/dags/redditdag.py
[2025-06-13T23:40:08.685+0000] {processor.py:829} INFO - Processing file /opt/airflow/dags/redditdag.py for tasks to queue
[2025-06-13T23:40:08.687+0000] {logging_mixin.py:151} INFO - [2025-06-13T23:40:08.687+0000] {dagbag.py:536} INFO - Filling up the DagBag from /opt/airflow/dags/redditdag.py
[2025-06-13T23:40:08.690+0000] {logging_mixin.py:151} INFO - [2025-06-13T23:40:08.689+0000] {dagbag.py:346} ERROR - Failed to import: /opt/airflow/dags/redditdag.py
Traceback (most recent call last):
  File "/home/airflow/.local/lib/python3.9/site-packages/airflow/models/dagbag.py", line 342, in parse
    loader.exec_module(new_module)
  File "<frozen importlib._bootstrap_external>", line 850, in exec_module
  File "<frozen importlib._bootstrap>", line 228, in _call_with_frames_removed
  File "/opt/airflow/dags/redditdag.py", line 5, in <module>
    from airflow.providers.standard.operators.python import PythonOperator
ModuleNotFoundError: No module named 'airflow.providers.standard'
[2025-06-13T23:40:08.691+0000] {processor.py:841} WARNING - No viable dags retrieved from /opt/airflow/dags/redditdag.py
[2025-06-13T23:40:08.707+0000] {processor.py:179} INFO - Processing /opt/airflow/dags/redditdag.py took 0.025 seconds
[2025-06-13T23:54:26.486+0000] {processor.py:157} INFO - Started process (PID=6154) to work on /opt/airflow/dags/redditdag.py
[2025-06-13T23:54:26.488+0000] {processor.py:829} INFO - Processing file /opt/airflow/dags/redditdag.py for tasks to queue
[2025-06-13T23:54:26.502+0000] {logging_mixin.py:151} INFO - [2025-06-13T23:54:26.500+0000] {dagbag.py:536} INFO - Filling up the DagBag from /opt/airflow/dags/redditdag.py
[2025-06-13T23:54:26.518+0000] {logging_mixin.py:151} INFO - [2025-06-13T23:54:26.515+0000] {dagbag.py:346} ERROR - Failed to import: /opt/airflow/dags/redditdag.py
Traceback (most recent call last):
  File "/home/airflow/.local/lib/python3.9/site-packages/airflow/models/dagbag.py", line 342, in parse
    loader.exec_module(new_module)
  File "<frozen importlib._bootstrap_external>", line 850, in exec_module
  File "<frozen importlib._bootstrap>", line 228, in _call_with_frames_removed
  File "/opt/airflow/dags/redditdag.py", line 5, in <module>
    from airflow.providers.standard.operators.python import PythonOperator
ModuleNotFoundError: No module named 'airflow.providers.standard'
[2025-06-13T23:54:26.518+0000] {processor.py:841} WARNING - No viable dags retrieved from /opt/airflow/dags/redditdag.py
[2025-06-13T23:54:26.551+0000] {processor.py:179} INFO - Processing /opt/airflow/dags/redditdag.py took 0.078 seconds
[2025-06-13T23:57:15.107+0000] {processor.py:157} INFO - Started process (PID=6155) to work on /opt/airflow/dags/redditdag.py
[2025-06-13T23:57:15.108+0000] {processor.py:829} INFO - Processing file /opt/airflow/dags/redditdag.py for tasks to queue
[2025-06-13T23:57:15.114+0000] {logging_mixin.py:151} INFO - [2025-06-13T23:57:15.114+0000] {dagbag.py:536} INFO - Filling up the DagBag from /opt/airflow/dags/redditdag.py
[2025-06-13T23:57:15.121+0000] {logging_mixin.py:151} INFO - [2025-06-13T23:57:15.119+0000] {dagbag.py:346} ERROR - Failed to import: /opt/airflow/dags/redditdag.py
Traceback (most recent call last):
  File "/home/airflow/.local/lib/python3.9/site-packages/airflow/models/dagbag.py", line 342, in parse
    loader.exec_module(new_module)
  File "<frozen importlib._bootstrap_external>", line 850, in exec_module
  File "<frozen importlib._bootstrap>", line 228, in _call_with_frames_removed
  File "/opt/airflow/dags/redditdag.py", line 5, in <module>
    from airflow.providers.standard.operators.python import PythonOperator
ModuleNotFoundError: No module named 'airflow.providers.standard'
[2025-06-13T23:57:15.121+0000] {processor.py:841} WARNING - No viable dags retrieved from /opt/airflow/dags/redditdag.py
[2025-06-13T23:57:15.146+0000] {processor.py:179} INFO - Processing /opt/airflow/dags/redditdag.py took 0.049 seconds
