[2025-07-04T00:10:34.527+0000] {processor.py:157} INFO - Started process (PID=11377) to work on /opt/airflow/dags/redditdag.py
[2025-07-04T00:10:34.529+0000] {processor.py:829} INFO - Processing file /opt/airflow/dags/redditdag.py for tasks to queue
[2025-07-04T00:10:34.536+0000] {logging_mixin.py:151} INFO - [2025-07-04T00:10:34.535+0000] {dagbag.py:536} INFO - Filling up the DagBag from /opt/airflow/dags/redditdag.py
[2025-07-04T00:10:34.558+0000] {logging_mixin.py:151} INFO - [2025-07-04T00:10:34.555+0000] {dagbag.py:346} ERROR - Failed to import: /opt/airflow/dags/redditdag.py
Traceback (most recent call last):
  File "/home/airflow/.local/lib/python3.9/site-packages/airflow/models/dagbag.py", line 342, in parse
    loader.exec_module(new_module)
  File "<frozen importlib._bootstrap_external>", line 850, in exec_module
  File "<frozen importlib._bootstrap>", line 228, in _call_with_frames_removed
  File "/opt/airflow/dags/redditdag.py", line 5, in <module>
    from airflow.providers.standard.operators.python import PythonOperator
ModuleNotFoundError: No module named 'airflow.providers.standard'
[2025-07-04T00:10:34.559+0000] {processor.py:841} WARNING - No viable dags retrieved from /opt/airflow/dags/redditdag.py
[2025-07-04T00:10:34.596+0000] {processor.py:179} INFO - Processing /opt/airflow/dags/redditdag.py took 0.077 seconds
[2025-07-04T00:18:16.372+0000] {processor.py:157} INFO - Started process (PID=11378) to work on /opt/airflow/dags/redditdag.py
[2025-07-04T00:18:16.374+0000] {processor.py:829} INFO - Processing file /opt/airflow/dags/redditdag.py for tasks to queue
[2025-07-04T00:18:16.381+0000] {logging_mixin.py:151} INFO - [2025-07-04T00:18:16.380+0000] {dagbag.py:536} INFO - Filling up the DagBag from /opt/airflow/dags/redditdag.py
[2025-07-04T00:18:16.392+0000] {logging_mixin.py:151} INFO - [2025-07-04T00:18:16.389+0000] {dagbag.py:346} ERROR - Failed to import: /opt/airflow/dags/redditdag.py
Traceback (most recent call last):
  File "/home/airflow/.local/lib/python3.9/site-packages/airflow/models/dagbag.py", line 342, in parse
    loader.exec_module(new_module)
  File "<frozen importlib._bootstrap_external>", line 850, in exec_module
  File "<frozen importlib._bootstrap>", line 228, in _call_with_frames_removed
  File "/opt/airflow/dags/redditdag.py", line 5, in <module>
    from airflow.providers.standard.operators.python import PythonOperator
ModuleNotFoundError: No module named 'airflow.providers.standard'
[2025-07-04T00:18:16.392+0000] {processor.py:841} WARNING - No viable dags retrieved from /opt/airflow/dags/redditdag.py
[2025-07-04T00:18:16.428+0000] {processor.py:179} INFO - Processing /opt/airflow/dags/redditdag.py took 0.063 seconds
[2025-07-04T00:37:46.692+0000] {processor.py:157} INFO - Started process (PID=11379) to work on /opt/airflow/dags/redditdag.py
[2025-07-04T00:37:46.693+0000] {processor.py:829} INFO - Processing file /opt/airflow/dags/redditdag.py for tasks to queue
[2025-07-04T00:37:46.711+0000] {logging_mixin.py:151} INFO - [2025-07-04T00:37:46.702+0000] {dagbag.py:536} INFO - Filling up the DagBag from /opt/airflow/dags/redditdag.py
[2025-07-04T00:37:46.720+0000] {logging_mixin.py:151} INFO - [2025-07-04T00:37:46.717+0000] {dagbag.py:346} ERROR - Failed to import: /opt/airflow/dags/redditdag.py
Traceback (most recent call last):
  File "/home/airflow/.local/lib/python3.9/site-packages/airflow/models/dagbag.py", line 342, in parse
    loader.exec_module(new_module)
  File "<frozen importlib._bootstrap_external>", line 850, in exec_module
  File "<frozen importlib._bootstrap>", line 228, in _call_with_frames_removed
  File "/opt/airflow/dags/redditdag.py", line 5, in <module>
    from airflow.providers.standard.operators.python import PythonOperator
ModuleNotFoundError: No module named 'airflow.providers.standard'
[2025-07-04T00:37:46.720+0000] {processor.py:841} WARNING - No viable dags retrieved from /opt/airflow/dags/redditdag.py
[2025-07-04T00:37:46.743+0000] {processor.py:179} INFO - Processing /opt/airflow/dags/redditdag.py took 0.057 seconds
[2025-07-04T00:56:40.451+0000] {processor.py:157} INFO - Started process (PID=11380) to work on /opt/airflow/dags/redditdag.py
[2025-07-04T00:56:40.452+0000] {processor.py:829} INFO - Processing file /opt/airflow/dags/redditdag.py for tasks to queue
[2025-07-04T00:56:40.471+0000] {logging_mixin.py:151} INFO - [2025-07-04T00:56:40.466+0000] {dagbag.py:536} INFO - Filling up the DagBag from /opt/airflow/dags/redditdag.py
[2025-07-04T00:56:40.483+0000] {logging_mixin.py:151} INFO - [2025-07-04T00:56:40.480+0000] {dagbag.py:346} ERROR - Failed to import: /opt/airflow/dags/redditdag.py
Traceback (most recent call last):
  File "/home/airflow/.local/lib/python3.9/site-packages/airflow/models/dagbag.py", line 342, in parse
    loader.exec_module(new_module)
  File "<frozen importlib._bootstrap_external>", line 850, in exec_module
  File "<frozen importlib._bootstrap>", line 228, in _call_with_frames_removed
  File "/opt/airflow/dags/redditdag.py", line 5, in <module>
    from airflow.providers.standard.operators.python import PythonOperator
ModuleNotFoundError: No module named 'airflow.providers.standard'
[2025-07-04T00:56:40.483+0000] {processor.py:841} WARNING - No viable dags retrieved from /opt/airflow/dags/redditdag.py
[2025-07-04T00:56:40.529+0000] {processor.py:179} INFO - Processing /opt/airflow/dags/redditdag.py took 0.087 seconds
[2025-07-04T02:16:37.565+0000] {processor.py:157} INFO - Started process (PID=11381) to work on /opt/airflow/dags/redditdag.py
[2025-07-04T02:16:37.567+0000] {processor.py:829} INFO - Processing file /opt/airflow/dags/redditdag.py for tasks to queue
[2025-07-04T02:16:37.579+0000] {logging_mixin.py:151} INFO - [2025-07-04T02:16:37.578+0000] {dagbag.py:536} INFO - Filling up the DagBag from /opt/airflow/dags/redditdag.py
[2025-07-04T02:16:37.595+0000] {logging_mixin.py:151} INFO - [2025-07-04T02:16:37.592+0000] {dagbag.py:346} ERROR - Failed to import: /opt/airflow/dags/redditdag.py
Traceback (most recent call last):
  File "/home/airflow/.local/lib/python3.9/site-packages/airflow/models/dagbag.py", line 342, in parse
    loader.exec_module(new_module)
  File "<frozen importlib._bootstrap_external>", line 850, in exec_module
  File "<frozen importlib._bootstrap>", line 228, in _call_with_frames_removed
  File "/opt/airflow/dags/redditdag.py", line 5, in <module>
    from airflow.providers.standard.operators.python import PythonOperator
ModuleNotFoundError: No module named 'airflow.providers.standard'
[2025-07-04T02:16:37.596+0000] {processor.py:841} WARNING - No viable dags retrieved from /opt/airflow/dags/redditdag.py
[2025-07-04T02:16:37.637+0000] {processor.py:179} INFO - Processing /opt/airflow/dags/redditdag.py took 0.089 seconds
[2025-07-04T04:18:37.539+0000] {processor.py:157} INFO - Started process (PID=11382) to work on /opt/airflow/dags/redditdag.py
[2025-07-04T04:18:37.542+0000] {processor.py:829} INFO - Processing file /opt/airflow/dags/redditdag.py for tasks to queue
[2025-07-04T04:18:37.559+0000] {logging_mixin.py:151} INFO - [2025-07-04T04:18:37.557+0000] {dagbag.py:536} INFO - Filling up the DagBag from /opt/airflow/dags/redditdag.py
[2025-07-04T04:18:37.605+0000] {logging_mixin.py:151} INFO - [2025-07-04T04:18:37.594+0000] {dagbag.py:346} ERROR - Failed to import: /opt/airflow/dags/redditdag.py
Traceback (most recent call last):
  File "/home/airflow/.local/lib/python3.9/site-packages/airflow/models/dagbag.py", line 342, in parse
    loader.exec_module(new_module)
  File "<frozen importlib._bootstrap_external>", line 850, in exec_module
  File "<frozen importlib._bootstrap>", line 228, in _call_with_frames_removed
  File "/opt/airflow/dags/redditdag.py", line 5, in <module>
    from airflow.providers.standard.operators.python import PythonOperator
ModuleNotFoundError: No module named 'airflow.providers.standard'
[2025-07-04T04:18:37.607+0000] {processor.py:841} WARNING - No viable dags retrieved from /opt/airflow/dags/redditdag.py
[2025-07-04T04:18:37.768+0000] {processor.py:179} INFO - Processing /opt/airflow/dags/redditdag.py took 0.239 seconds
[2025-07-04T05:34:25.724+0000] {processor.py:157} INFO - Started process (PID=11383) to work on /opt/airflow/dags/redditdag.py
[2025-07-04T05:34:25.727+0000] {processor.py:829} INFO - Processing file /opt/airflow/dags/redditdag.py for tasks to queue
[2025-07-04T05:34:25.747+0000] {logging_mixin.py:151} INFO - [2025-07-04T05:34:25.745+0000] {dagbag.py:536} INFO - Filling up the DagBag from /opt/airflow/dags/redditdag.py
[2025-07-04T05:34:25.771+0000] {logging_mixin.py:151} INFO - [2025-07-04T05:34:25.768+0000] {dagbag.py:346} ERROR - Failed to import: /opt/airflow/dags/redditdag.py
Traceback (most recent call last):
  File "/home/airflow/.local/lib/python3.9/site-packages/airflow/models/dagbag.py", line 342, in parse
    loader.exec_module(new_module)
  File "<frozen importlib._bootstrap_external>", line 850, in exec_module
  File "<frozen importlib._bootstrap>", line 228, in _call_with_frames_removed
  File "/opt/airflow/dags/redditdag.py", line 5, in <module>
    from airflow.providers.standard.operators.python import PythonOperator
ModuleNotFoundError: No module named 'airflow.providers.standard'
[2025-07-04T05:34:25.771+0000] {processor.py:841} WARNING - No viable dags retrieved from /opt/airflow/dags/redditdag.py
[2025-07-04T05:34:25.820+0000] {processor.py:179} INFO - Processing /opt/airflow/dags/redditdag.py took 0.114 seconds
[2025-07-04T08:23:36.685+0000] {processor.py:157} INFO - Started process (PID=11384) to work on /opt/airflow/dags/redditdag.py
[2025-07-04T08:23:36.688+0000] {processor.py:829} INFO - Processing file /opt/airflow/dags/redditdag.py for tasks to queue
[2025-07-04T08:23:36.708+0000] {logging_mixin.py:151} INFO - [2025-07-04T08:23:36.706+0000] {dagbag.py:536} INFO - Filling up the DagBag from /opt/airflow/dags/redditdag.py
[2025-07-04T08:23:36.727+0000] {logging_mixin.py:151} INFO - [2025-07-04T08:23:36.722+0000] {dagbag.py:346} ERROR - Failed to import: /opt/airflow/dags/redditdag.py
Traceback (most recent call last):
  File "/home/airflow/.local/lib/python3.9/site-packages/airflow/models/dagbag.py", line 342, in parse
    loader.exec_module(new_module)
  File "<frozen importlib._bootstrap_external>", line 850, in exec_module
  File "<frozen importlib._bootstrap>", line 228, in _call_with_frames_removed
  File "/opt/airflow/dags/redditdag.py", line 5, in <module>
    from airflow.providers.standard.operators.python import PythonOperator
ModuleNotFoundError: No module named 'airflow.providers.standard'
[2025-07-04T08:23:36.728+0000] {processor.py:841} WARNING - No viable dags retrieved from /opt/airflow/dags/redditdag.py
[2025-07-04T08:23:36.784+0000] {processor.py:179} INFO - Processing /opt/airflow/dags/redditdag.py took 0.107 seconds
[2025-07-04T10:01:06.548+0000] {processor.py:157} INFO - Started process (PID=11385) to work on /opt/airflow/dags/redditdag.py
[2025-07-04T10:01:06.550+0000] {processor.py:829} INFO - Processing file /opt/airflow/dags/redditdag.py for tasks to queue
[2025-07-04T10:01:06.566+0000] {logging_mixin.py:151} INFO - [2025-07-04T10:01:06.565+0000] {dagbag.py:536} INFO - Filling up the DagBag from /opt/airflow/dags/redditdag.py
[2025-07-04T10:01:06.580+0000] {logging_mixin.py:151} INFO - [2025-07-04T10:01:06.577+0000] {dagbag.py:346} ERROR - Failed to import: /opt/airflow/dags/redditdag.py
Traceback (most recent call last):
  File "/home/airflow/.local/lib/python3.9/site-packages/airflow/models/dagbag.py", line 342, in parse
    loader.exec_module(new_module)
  File "<frozen importlib._bootstrap_external>", line 850, in exec_module
  File "<frozen importlib._bootstrap>", line 228, in _call_with_frames_removed
  File "/opt/airflow/dags/redditdag.py", line 5, in <module>
    from airflow.providers.standard.operators.python import PythonOperator
ModuleNotFoundError: No module named 'airflow.providers.standard'
[2025-07-04T10:01:06.581+0000] {processor.py:841} WARNING - No viable dags retrieved from /opt/airflow/dags/redditdag.py
[2025-07-04T10:01:06.615+0000] {processor.py:179} INFO - Processing /opt/airflow/dags/redditdag.py took 0.076 seconds
[2025-07-04T12:02:00.433+0000] {processor.py:157} INFO - Started process (PID=11386) to work on /opt/airflow/dags/redditdag.py
[2025-07-04T12:02:00.436+0000] {processor.py:829} INFO - Processing file /opt/airflow/dags/redditdag.py for tasks to queue
[2025-07-04T12:02:00.448+0000] {logging_mixin.py:151} INFO - [2025-07-04T12:02:00.447+0000] {dagbag.py:536} INFO - Filling up the DagBag from /opt/airflow/dags/redditdag.py
[2025-07-04T12:02:00.459+0000] {logging_mixin.py:151} INFO - [2025-07-04T12:02:00.456+0000] {dagbag.py:346} ERROR - Failed to import: /opt/airflow/dags/redditdag.py
Traceback (most recent call last):
  File "/home/airflow/.local/lib/python3.9/site-packages/airflow/models/dagbag.py", line 342, in parse
    loader.exec_module(new_module)
  File "<frozen importlib._bootstrap_external>", line 850, in exec_module
  File "<frozen importlib._bootstrap>", line 228, in _call_with_frames_removed
  File "/opt/airflow/dags/redditdag.py", line 5, in <module>
    from airflow.providers.standard.operators.python import PythonOperator
ModuleNotFoundError: No module named 'airflow.providers.standard'
[2025-07-04T12:02:00.460+0000] {processor.py:841} WARNING - No viable dags retrieved from /opt/airflow/dags/redditdag.py
[2025-07-04T12:02:00.501+0000] {processor.py:179} INFO - Processing /opt/airflow/dags/redditdag.py took 0.080 seconds
[2025-07-04T13:03:03.624+0000] {processor.py:157} INFO - Started process (PID=11387) to work on /opt/airflow/dags/redditdag.py
[2025-07-04T13:03:03.625+0000] {processor.py:829} INFO - Processing file /opt/airflow/dags/redditdag.py for tasks to queue
[2025-07-04T13:03:03.633+0000] {logging_mixin.py:151} INFO - [2025-07-04T13:03:03.632+0000] {dagbag.py:536} INFO - Filling up the DagBag from /opt/airflow/dags/redditdag.py
[2025-07-04T13:03:03.644+0000] {logging_mixin.py:151} INFO - [2025-07-04T13:03:03.641+0000] {dagbag.py:346} ERROR - Failed to import: /opt/airflow/dags/redditdag.py
Traceback (most recent call last):
  File "/home/airflow/.local/lib/python3.9/site-packages/airflow/models/dagbag.py", line 342, in parse
    loader.exec_module(new_module)
  File "<frozen importlib._bootstrap_external>", line 850, in exec_module
  File "<frozen importlib._bootstrap>", line 228, in _call_with_frames_removed
  File "/opt/airflow/dags/redditdag.py", line 5, in <module>
    from airflow.providers.standard.operators.python import PythonOperator
ModuleNotFoundError: No module named 'airflow.providers.standard'
[2025-07-04T13:03:03.644+0000] {processor.py:841} WARNING - No viable dags retrieved from /opt/airflow/dags/redditdag.py
[2025-07-04T13:03:03.678+0000] {processor.py:179} INFO - Processing /opt/airflow/dags/redditdag.py took 0.063 seconds
[2025-07-04T14:46:21.343+0000] {processor.py:157} INFO - Started process (PID=11388) to work on /opt/airflow/dags/redditdag.py
[2025-07-04T14:46:21.345+0000] {processor.py:829} INFO - Processing file /opt/airflow/dags/redditdag.py for tasks to queue
[2025-07-04T14:46:21.353+0000] {logging_mixin.py:151} INFO - [2025-07-04T14:46:21.352+0000] {dagbag.py:536} INFO - Filling up the DagBag from /opt/airflow/dags/redditdag.py
[2025-07-04T14:46:21.368+0000] {logging_mixin.py:151} INFO - [2025-07-04T14:46:21.362+0000] {dagbag.py:346} ERROR - Failed to import: /opt/airflow/dags/redditdag.py
Traceback (most recent call last):
  File "/home/airflow/.local/lib/python3.9/site-packages/airflow/models/dagbag.py", line 342, in parse
    loader.exec_module(new_module)
  File "<frozen importlib._bootstrap_external>", line 850, in exec_module
  File "<frozen importlib._bootstrap>", line 228, in _call_with_frames_removed
  File "/opt/airflow/dags/redditdag.py", line 5, in <module>
    from airflow.providers.standard.operators.python import PythonOperator
ModuleNotFoundError: No module named 'airflow.providers.standard'
[2025-07-04T14:46:21.369+0000] {processor.py:841} WARNING - No viable dags retrieved from /opt/airflow/dags/redditdag.py
[2025-07-04T14:46:21.425+0000] {processor.py:179} INFO - Processing /opt/airflow/dags/redditdag.py took 0.095 seconds
[2025-07-04T14:46:51.853+0000] {processor.py:157} INFO - Started process (PID=11389) to work on /opt/airflow/dags/redditdag.py
[2025-07-04T14:46:51.855+0000] {processor.py:829} INFO - Processing file /opt/airflow/dags/redditdag.py for tasks to queue
[2025-07-04T14:46:51.862+0000] {logging_mixin.py:151} INFO - [2025-07-04T14:46:51.861+0000] {dagbag.py:536} INFO - Filling up the DagBag from /opt/airflow/dags/redditdag.py
[2025-07-04T14:46:51.871+0000] {logging_mixin.py:151} INFO - [2025-07-04T14:46:51.869+0000] {dagbag.py:346} ERROR - Failed to import: /opt/airflow/dags/redditdag.py
Traceback (most recent call last):
  File "/home/airflow/.local/lib/python3.9/site-packages/airflow/models/dagbag.py", line 342, in parse
    loader.exec_module(new_module)
  File "<frozen importlib._bootstrap_external>", line 850, in exec_module
  File "<frozen importlib._bootstrap>", line 228, in _call_with_frames_removed
  File "/opt/airflow/dags/redditdag.py", line 5, in <module>
    from airflow.providers.standard.operators.python import PythonOperator
ModuleNotFoundError: No module named 'airflow.providers.standard'
[2025-07-04T14:46:51.872+0000] {processor.py:841} WARNING - No viable dags retrieved from /opt/airflow/dags/redditdag.py
[2025-07-04T14:46:51.930+0000] {processor.py:179} INFO - Processing /opt/airflow/dags/redditdag.py took 0.086 seconds
[2025-07-04T14:47:22.338+0000] {processor.py:157} INFO - Started process (PID=11390) to work on /opt/airflow/dags/redditdag.py
[2025-07-04T14:47:22.340+0000] {processor.py:829} INFO - Processing file /opt/airflow/dags/redditdag.py for tasks to queue
[2025-07-04T14:47:22.346+0000] {logging_mixin.py:151} INFO - [2025-07-04T14:47:22.345+0000] {dagbag.py:536} INFO - Filling up the DagBag from /opt/airflow/dags/redditdag.py
[2025-07-04T14:47:22.356+0000] {logging_mixin.py:151} INFO - [2025-07-04T14:47:22.353+0000] {dagbag.py:346} ERROR - Failed to import: /opt/airflow/dags/redditdag.py
Traceback (most recent call last):
  File "/home/airflow/.local/lib/python3.9/site-packages/airflow/models/dagbag.py", line 342, in parse
    loader.exec_module(new_module)
  File "<frozen importlib._bootstrap_external>", line 850, in exec_module
  File "<frozen importlib._bootstrap>", line 228, in _call_with_frames_removed
  File "/opt/airflow/dags/redditdag.py", line 5, in <module>
    from airflow.providers.standard.operators.python import PythonOperator
ModuleNotFoundError: No module named 'airflow.providers.standard'
[2025-07-04T14:47:22.356+0000] {processor.py:841} WARNING - No viable dags retrieved from /opt/airflow/dags/redditdag.py
[2025-07-04T14:47:22.388+0000] {processor.py:179} INFO - Processing /opt/airflow/dags/redditdag.py took 0.075 seconds
[2025-07-04T14:47:52.893+0000] {processor.py:157} INFO - Started process (PID=11391) to work on /opt/airflow/dags/redditdag.py
[2025-07-04T14:47:52.895+0000] {processor.py:829} INFO - Processing file /opt/airflow/dags/redditdag.py for tasks to queue
[2025-07-04T14:47:52.902+0000] {logging_mixin.py:151} INFO - [2025-07-04T14:47:52.901+0000] {dagbag.py:536} INFO - Filling up the DagBag from /opt/airflow/dags/redditdag.py
[2025-07-04T14:47:52.916+0000] {logging_mixin.py:151} INFO - [2025-07-04T14:47:52.913+0000] {dagbag.py:346} ERROR - Failed to import: /opt/airflow/dags/redditdag.py
Traceback (most recent call last):
  File "/home/airflow/.local/lib/python3.9/site-packages/airflow/models/dagbag.py", line 342, in parse
    loader.exec_module(new_module)
  File "<frozen importlib._bootstrap_external>", line 850, in exec_module
  File "<frozen importlib._bootstrap>", line 228, in _call_with_frames_removed
  File "/opt/airflow/dags/redditdag.py", line 5, in <module>
    from airflow.providers.standard.operators.python import PythonOperator
ModuleNotFoundError: No module named 'airflow.providers.standard'
[2025-07-04T14:47:52.917+0000] {processor.py:841} WARNING - No viable dags retrieved from /opt/airflow/dags/redditdag.py
[2025-07-04T14:47:52.961+0000] {processor.py:179} INFO - Processing /opt/airflow/dags/redditdag.py took 0.078 seconds
[2025-07-04T14:48:23.347+0000] {processor.py:157} INFO - Started process (PID=11392) to work on /opt/airflow/dags/redditdag.py
[2025-07-04T14:48:23.349+0000] {processor.py:829} INFO - Processing file /opt/airflow/dags/redditdag.py for tasks to queue
[2025-07-04T14:48:23.356+0000] {logging_mixin.py:151} INFO - [2025-07-04T14:48:23.355+0000] {dagbag.py:536} INFO - Filling up the DagBag from /opt/airflow/dags/redditdag.py
[2025-07-04T14:48:23.376+0000] {logging_mixin.py:151} INFO - [2025-07-04T14:48:23.373+0000] {dagbag.py:346} ERROR - Failed to import: /opt/airflow/dags/redditdag.py
Traceback (most recent call last):
  File "/home/airflow/.local/lib/python3.9/site-packages/airflow/models/dagbag.py", line 342, in parse
    loader.exec_module(new_module)
  File "<frozen importlib._bootstrap_external>", line 850, in exec_module
  File "<frozen importlib._bootstrap>", line 228, in _call_with_frames_removed
  File "/opt/airflow/dags/redditdag.py", line 5, in <module>
    from airflow.providers.standard.operators.python import PythonOperator
ModuleNotFoundError: No module named 'airflow.providers.standard'
[2025-07-04T14:48:23.376+0000] {processor.py:841} WARNING - No viable dags retrieved from /opt/airflow/dags/redditdag.py
[2025-07-04T14:48:23.410+0000] {processor.py:179} INFO - Processing /opt/airflow/dags/redditdag.py took 0.073 seconds
[2025-07-04T14:48:53.880+0000] {processor.py:157} INFO - Started process (PID=11393) to work on /opt/airflow/dags/redditdag.py
[2025-07-04T14:48:53.882+0000] {processor.py:829} INFO - Processing file /opt/airflow/dags/redditdag.py for tasks to queue
[2025-07-04T14:48:53.889+0000] {logging_mixin.py:151} INFO - [2025-07-04T14:48:53.889+0000] {dagbag.py:536} INFO - Filling up the DagBag from /opt/airflow/dags/redditdag.py
[2025-07-04T14:48:53.899+0000] {logging_mixin.py:151} INFO - [2025-07-04T14:48:53.897+0000] {dagbag.py:346} ERROR - Failed to import: /opt/airflow/dags/redditdag.py
Traceback (most recent call last):
  File "/home/airflow/.local/lib/python3.9/site-packages/airflow/models/dagbag.py", line 342, in parse
    loader.exec_module(new_module)
  File "<frozen importlib._bootstrap_external>", line 850, in exec_module
  File "<frozen importlib._bootstrap>", line 228, in _call_with_frames_removed
  File "/opt/airflow/dags/redditdag.py", line 5, in <module>
    from airflow.providers.standard.operators.python import PythonOperator
ModuleNotFoundError: No module named 'airflow.providers.standard'
[2025-07-04T14:48:53.900+0000] {processor.py:841} WARNING - No viable dags retrieved from /opt/airflow/dags/redditdag.py
[2025-07-04T14:48:53.935+0000] {processor.py:179} INFO - Processing /opt/airflow/dags/redditdag.py took 0.084 seconds
[2025-07-04T14:49:24.377+0000] {processor.py:157} INFO - Started process (PID=11394) to work on /opt/airflow/dags/redditdag.py
[2025-07-04T14:49:24.378+0000] {processor.py:829} INFO - Processing file /opt/airflow/dags/redditdag.py for tasks to queue
[2025-07-04T14:49:24.385+0000] {logging_mixin.py:151} INFO - [2025-07-04T14:49:24.384+0000] {dagbag.py:536} INFO - Filling up the DagBag from /opt/airflow/dags/redditdag.py
[2025-07-04T14:49:24.394+0000] {logging_mixin.py:151} INFO - [2025-07-04T14:49:24.392+0000] {dagbag.py:346} ERROR - Failed to import: /opt/airflow/dags/redditdag.py
Traceback (most recent call last):
  File "/home/airflow/.local/lib/python3.9/site-packages/airflow/models/dagbag.py", line 342, in parse
    loader.exec_module(new_module)
  File "<frozen importlib._bootstrap_external>", line 850, in exec_module
  File "<frozen importlib._bootstrap>", line 228, in _call_with_frames_removed
  File "/opt/airflow/dags/redditdag.py", line 5, in <module>
    from airflow.providers.standard.operators.python import PythonOperator
ModuleNotFoundError: No module named 'airflow.providers.standard'
[2025-07-04T14:49:24.395+0000] {processor.py:841} WARNING - No viable dags retrieved from /opt/airflow/dags/redditdag.py
[2025-07-04T14:49:24.423+0000] {processor.py:179} INFO - Processing /opt/airflow/dags/redditdag.py took 0.055 seconds
[2025-07-04T16:11:03.974+0000] {processor.py:157} INFO - Started process (PID=11395) to work on /opt/airflow/dags/redditdag.py
[2025-07-04T16:11:03.976+0000] {processor.py:829} INFO - Processing file /opt/airflow/dags/redditdag.py for tasks to queue
[2025-07-04T16:11:03.984+0000] {logging_mixin.py:151} INFO - [2025-07-04T16:11:03.983+0000] {dagbag.py:536} INFO - Filling up the DagBag from /opt/airflow/dags/redditdag.py
[2025-07-04T16:11:04.006+0000] {logging_mixin.py:151} INFO - [2025-07-04T16:11:03.995+0000] {dagbag.py:346} ERROR - Failed to import: /opt/airflow/dags/redditdag.py
Traceback (most recent call last):
  File "/home/airflow/.local/lib/python3.9/site-packages/airflow/models/dagbag.py", line 342, in parse
    loader.exec_module(new_module)
  File "<frozen importlib._bootstrap_external>", line 850, in exec_module
  File "<frozen importlib._bootstrap>", line 228, in _call_with_frames_removed
  File "/opt/airflow/dags/redditdag.py", line 5, in <module>
    from airflow.providers.standard.operators.python import PythonOperator
ModuleNotFoundError: No module named 'airflow.providers.standard'
[2025-07-04T16:11:04.007+0000] {processor.py:841} WARNING - No viable dags retrieved from /opt/airflow/dags/redditdag.py
[2025-07-04T16:11:04.045+0000] {processor.py:179} INFO - Processing /opt/airflow/dags/redditdag.py took 0.078 seconds
[2025-07-04T16:13:23.551+0000] {processor.py:157} INFO - Started process (PID=11396) to work on /opt/airflow/dags/redditdag.py
[2025-07-04T16:13:23.555+0000] {processor.py:829} INFO - Processing file /opt/airflow/dags/redditdag.py for tasks to queue
[2025-07-04T16:13:23.570+0000] {logging_mixin.py:151} INFO - [2025-07-04T16:13:23.568+0000] {dagbag.py:536} INFO - Filling up the DagBag from /opt/airflow/dags/redditdag.py
[2025-07-04T16:13:23.599+0000] {logging_mixin.py:151} INFO - [2025-07-04T16:13:23.596+0000] {dagbag.py:346} ERROR - Failed to import: /opt/airflow/dags/redditdag.py
Traceback (most recent call last):
  File "/home/airflow/.local/lib/python3.9/site-packages/airflow/models/dagbag.py", line 342, in parse
    loader.exec_module(new_module)
  File "<frozen importlib._bootstrap_external>", line 850, in exec_module
  File "<frozen importlib._bootstrap>", line 228, in _call_with_frames_removed
  File "/opt/airflow/dags/redditdag.py", line 5, in <module>
    from airflow.providers.standard.operators.python import PythonOperator
ModuleNotFoundError: No module named 'airflow.providers.standard'
[2025-07-04T16:13:23.600+0000] {processor.py:841} WARNING - No viable dags retrieved from /opt/airflow/dags/redditdag.py
[2025-07-04T16:13:23.651+0000] {processor.py:179} INFO - Processing /opt/airflow/dags/redditdag.py took 0.108 seconds
[2025-07-04T16:14:17.579+0000] {processor.py:157} INFO - Started process (PID=11397) to work on /opt/airflow/dags/redditdag.py
[2025-07-04T16:14:17.586+0000] {processor.py:829} INFO - Processing file /opt/airflow/dags/redditdag.py for tasks to queue
[2025-07-04T16:14:17.595+0000] {logging_mixin.py:151} INFO - [2025-07-04T16:14:17.595+0000] {dagbag.py:536} INFO - Filling up the DagBag from /opt/airflow/dags/redditdag.py
[2025-07-04T16:14:17.605+0000] {logging_mixin.py:151} INFO - [2025-07-04T16:14:17.603+0000] {dagbag.py:346} ERROR - Failed to import: /opt/airflow/dags/redditdag.py
Traceback (most recent call last):
  File "/home/airflow/.local/lib/python3.9/site-packages/airflow/models/dagbag.py", line 342, in parse
    loader.exec_module(new_module)
  File "<frozen importlib._bootstrap_external>", line 850, in exec_module
  File "<frozen importlib._bootstrap>", line 228, in _call_with_frames_removed
  File "/opt/airflow/dags/redditdag.py", line 5, in <module>
    from airflow.providers.standard.operators.python import PythonOperator
ModuleNotFoundError: No module named 'airflow.providers.standard'
[2025-07-04T16:14:17.606+0000] {processor.py:841} WARNING - No viable dags retrieved from /opt/airflow/dags/redditdag.py
[2025-07-04T16:14:17.644+0000] {processor.py:179} INFO - Processing /opt/airflow/dags/redditdag.py took 0.101 seconds
[2025-07-04T16:14:48.084+0000] {processor.py:157} INFO - Started process (PID=11398) to work on /opt/airflow/dags/redditdag.py
[2025-07-04T16:14:48.085+0000] {processor.py:829} INFO - Processing file /opt/airflow/dags/redditdag.py for tasks to queue
[2025-07-04T16:14:48.090+0000] {logging_mixin.py:151} INFO - [2025-07-04T16:14:48.090+0000] {dagbag.py:536} INFO - Filling up the DagBag from /opt/airflow/dags/redditdag.py
[2025-07-04T16:14:48.097+0000] {logging_mixin.py:151} INFO - [2025-07-04T16:14:48.096+0000] {dagbag.py:346} ERROR - Failed to import: /opt/airflow/dags/redditdag.py
Traceback (most recent call last):
  File "/home/airflow/.local/lib/python3.9/site-packages/airflow/models/dagbag.py", line 342, in parse
    loader.exec_module(new_module)
  File "<frozen importlib._bootstrap_external>", line 850, in exec_module
  File "<frozen importlib._bootstrap>", line 228, in _call_with_frames_removed
  File "/opt/airflow/dags/redditdag.py", line 5, in <module>
    from airflow.providers.standard.operators.python import PythonOperator
ModuleNotFoundError: No module named 'airflow.providers.standard'
[2025-07-04T16:14:48.098+0000] {processor.py:841} WARNING - No viable dags retrieved from /opt/airflow/dags/redditdag.py
[2025-07-04T16:14:48.123+0000] {processor.py:179} INFO - Processing /opt/airflow/dags/redditdag.py took 0.049 seconds
[2025-07-04T16:15:18.601+0000] {processor.py:157} INFO - Started process (PID=11399) to work on /opt/airflow/dags/redditdag.py
[2025-07-04T16:15:18.607+0000] {processor.py:829} INFO - Processing file /opt/airflow/dags/redditdag.py for tasks to queue
[2025-07-04T16:15:18.614+0000] {logging_mixin.py:151} INFO - [2025-07-04T16:15:18.613+0000] {dagbag.py:536} INFO - Filling up the DagBag from /opt/airflow/dags/redditdag.py
[2025-07-04T16:15:18.624+0000] {logging_mixin.py:151} INFO - [2025-07-04T16:15:18.621+0000] {dagbag.py:346} ERROR - Failed to import: /opt/airflow/dags/redditdag.py
Traceback (most recent call last):
  File "/home/airflow/.local/lib/python3.9/site-packages/airflow/models/dagbag.py", line 342, in parse
    loader.exec_module(new_module)
  File "<frozen importlib._bootstrap_external>", line 850, in exec_module
  File "<frozen importlib._bootstrap>", line 228, in _call_with_frames_removed
  File "/opt/airflow/dags/redditdag.py", line 5, in <module>
    from airflow.providers.standard.operators.python import PythonOperator
ModuleNotFoundError: No module named 'airflow.providers.standard'
[2025-07-04T16:15:18.625+0000] {processor.py:841} WARNING - No viable dags retrieved from /opt/airflow/dags/redditdag.py
[2025-07-04T16:15:18.680+0000] {processor.py:179} INFO - Processing /opt/airflow/dags/redditdag.py took 0.112 seconds
[2025-07-04T16:15:48.994+0000] {processor.py:157} INFO - Started process (PID=11400) to work on /opt/airflow/dags/redditdag.py
[2025-07-04T16:15:48.996+0000] {processor.py:829} INFO - Processing file /opt/airflow/dags/redditdag.py for tasks to queue
[2025-07-04T16:15:48.999+0000] {logging_mixin.py:151} INFO - [2025-07-04T16:15:48.999+0000] {dagbag.py:536} INFO - Filling up the DagBag from /opt/airflow/dags/redditdag.py
[2025-07-04T16:15:49.005+0000] {logging_mixin.py:151} INFO - [2025-07-04T16:15:49.004+0000] {dagbag.py:346} ERROR - Failed to import: /opt/airflow/dags/redditdag.py
Traceback (most recent call last):
  File "/home/airflow/.local/lib/python3.9/site-packages/airflow/models/dagbag.py", line 342, in parse
    loader.exec_module(new_module)
  File "<frozen importlib._bootstrap_external>", line 850, in exec_module
  File "<frozen importlib._bootstrap>", line 228, in _call_with_frames_removed
  File "/opt/airflow/dags/redditdag.py", line 5, in <module>
    from airflow.providers.standard.operators.python import PythonOperator
ModuleNotFoundError: No module named 'airflow.providers.standard'
[2025-07-04T16:15:49.005+0000] {processor.py:841} WARNING - No viable dags retrieved from /opt/airflow/dags/redditdag.py
[2025-07-04T16:15:49.034+0000] {processor.py:179} INFO - Processing /opt/airflow/dags/redditdag.py took 0.046 seconds
[2025-07-04T16:16:52.574+0000] {processor.py:157} INFO - Started process (PID=11401) to work on /opt/airflow/dags/redditdag.py
[2025-07-04T16:16:52.577+0000] {processor.py:829} INFO - Processing file /opt/airflow/dags/redditdag.py for tasks to queue
[2025-07-04T16:16:52.584+0000] {logging_mixin.py:151} INFO - [2025-07-04T16:16:52.584+0000] {dagbag.py:536} INFO - Filling up the DagBag from /opt/airflow/dags/redditdag.py
[2025-07-04T16:16:52.598+0000] {logging_mixin.py:151} INFO - [2025-07-04T16:16:52.590+0000] {dagbag.py:346} ERROR - Failed to import: /opt/airflow/dags/redditdag.py
Traceback (most recent call last):
  File "/home/airflow/.local/lib/python3.9/site-packages/airflow/models/dagbag.py", line 342, in parse
    loader.exec_module(new_module)
  File "<frozen importlib._bootstrap_external>", line 850, in exec_module
  File "<frozen importlib._bootstrap>", line 228, in _call_with_frames_removed
  File "/opt/airflow/dags/redditdag.py", line 5, in <module>
    from airflow.providers.standard.operators.python import PythonOperator
ModuleNotFoundError: No module named 'airflow.providers.standard'
[2025-07-04T16:16:52.599+0000] {processor.py:841} WARNING - No viable dags retrieved from /opt/airflow/dags/redditdag.py
[2025-07-04T16:16:52.640+0000] {processor.py:179} INFO - Processing /opt/airflow/dags/redditdag.py took 0.074 seconds
[2025-07-04T16:17:23.036+0000] {processor.py:157} INFO - Started process (PID=11402) to work on /opt/airflow/dags/redditdag.py
[2025-07-04T16:17:23.039+0000] {processor.py:829} INFO - Processing file /opt/airflow/dags/redditdag.py for tasks to queue
[2025-07-04T16:17:23.042+0000] {logging_mixin.py:151} INFO - [2025-07-04T16:17:23.042+0000] {dagbag.py:536} INFO - Filling up the DagBag from /opt/airflow/dags/redditdag.py
[2025-07-04T16:17:23.047+0000] {logging_mixin.py:151} INFO - [2025-07-04T16:17:23.045+0000] {dagbag.py:346} ERROR - Failed to import: /opt/airflow/dags/redditdag.py
Traceback (most recent call last):
  File "/home/airflow/.local/lib/python3.9/site-packages/airflow/models/dagbag.py", line 342, in parse
    loader.exec_module(new_module)
  File "<frozen importlib._bootstrap_external>", line 850, in exec_module
  File "<frozen importlib._bootstrap>", line 228, in _call_with_frames_removed
  File "/opt/airflow/dags/redditdag.py", line 5, in <module>
    from airflow.providers.standard.operators.python import PythonOperator
ModuleNotFoundError: No module named 'airflow.providers.standard'
[2025-07-04T16:17:23.047+0000] {processor.py:841} WARNING - No viable dags retrieved from /opt/airflow/dags/redditdag.py
[2025-07-04T16:17:23.067+0000] {processor.py:179} INFO - Processing /opt/airflow/dags/redditdag.py took 0.036 seconds
[2025-07-04T16:17:53.531+0000] {processor.py:157} INFO - Started process (PID=11403) to work on /opt/airflow/dags/redditdag.py
[2025-07-04T16:17:53.534+0000] {processor.py:829} INFO - Processing file /opt/airflow/dags/redditdag.py for tasks to queue
[2025-07-04T16:17:53.540+0000] {logging_mixin.py:151} INFO - [2025-07-04T16:17:53.539+0000] {dagbag.py:536} INFO - Filling up the DagBag from /opt/airflow/dags/redditdag.py
[2025-07-04T16:17:53.547+0000] {logging_mixin.py:151} INFO - [2025-07-04T16:17:53.545+0000] {dagbag.py:346} ERROR - Failed to import: /opt/airflow/dags/redditdag.py
Traceback (most recent call last):
  File "/home/airflow/.local/lib/python3.9/site-packages/airflow/models/dagbag.py", line 342, in parse
    loader.exec_module(new_module)
  File "<frozen importlib._bootstrap_external>", line 850, in exec_module
  File "<frozen importlib._bootstrap>", line 228, in _call_with_frames_removed
  File "/opt/airflow/dags/redditdag.py", line 5, in <module>
    from airflow.providers.standard.operators.python import PythonOperator
ModuleNotFoundError: No module named 'airflow.providers.standard'
[2025-07-04T16:17:53.548+0000] {processor.py:841} WARNING - No viable dags retrieved from /opt/airflow/dags/redditdag.py
[2025-07-04T16:17:53.593+0000] {processor.py:179} INFO - Processing /opt/airflow/dags/redditdag.py took 0.067 seconds
[2025-07-04T16:18:23.953+0000] {processor.py:157} INFO - Started process (PID=11404) to work on /opt/airflow/dags/redditdag.py
[2025-07-04T16:18:23.957+0000] {processor.py:829} INFO - Processing file /opt/airflow/dags/redditdag.py for tasks to queue
[2025-07-04T16:18:23.960+0000] {logging_mixin.py:151} INFO - [2025-07-04T16:18:23.959+0000] {dagbag.py:536} INFO - Filling up the DagBag from /opt/airflow/dags/redditdag.py
[2025-07-04T16:18:23.966+0000] {logging_mixin.py:151} INFO - [2025-07-04T16:18:23.964+0000] {dagbag.py:346} ERROR - Failed to import: /opt/airflow/dags/redditdag.py
Traceback (most recent call last):
  File "/home/airflow/.local/lib/python3.9/site-packages/airflow/models/dagbag.py", line 342, in parse
    loader.exec_module(new_module)
  File "<frozen importlib._bootstrap_external>", line 850, in exec_module
  File "<frozen importlib._bootstrap>", line 228, in _call_with_frames_removed
  File "/opt/airflow/dags/redditdag.py", line 5, in <module>
    from airflow.providers.standard.operators.python import PythonOperator
ModuleNotFoundError: No module named 'airflow.providers.standard'
[2025-07-04T16:18:23.966+0000] {processor.py:841} WARNING - No viable dags retrieved from /opt/airflow/dags/redditdag.py
[2025-07-04T16:18:23.993+0000] {processor.py:179} INFO - Processing /opt/airflow/dags/redditdag.py took 0.044 seconds
[2025-07-04T16:24:19.911+0000] {processor.py:157} INFO - Started process (PID=11405) to work on /opt/airflow/dags/redditdag.py
[2025-07-04T16:24:19.917+0000] {processor.py:829} INFO - Processing file /opt/airflow/dags/redditdag.py for tasks to queue
[2025-07-04T16:24:19.933+0000] {logging_mixin.py:151} INFO - [2025-07-04T16:24:19.933+0000] {dagbag.py:536} INFO - Filling up the DagBag from /opt/airflow/dags/redditdag.py
[2025-07-04T16:24:19.955+0000] {logging_mixin.py:151} INFO - [2025-07-04T16:24:19.940+0000] {dagbag.py:346} ERROR - Failed to import: /opt/airflow/dags/redditdag.py
Traceback (most recent call last):
  File "/home/airflow/.local/lib/python3.9/site-packages/airflow/models/dagbag.py", line 342, in parse
    loader.exec_module(new_module)
  File "<frozen importlib._bootstrap_external>", line 850, in exec_module
  File "<frozen importlib._bootstrap>", line 228, in _call_with_frames_removed
  File "/opt/airflow/dags/redditdag.py", line 5, in <module>
    from airflow.providers.standard.operators.python import PythonOperator
ModuleNotFoundError: No module named 'airflow.providers.standard'
[2025-07-04T16:24:19.955+0000] {processor.py:841} WARNING - No viable dags retrieved from /opt/airflow/dags/redditdag.py
[2025-07-04T16:24:20.015+0000] {processor.py:179} INFO - Processing /opt/airflow/dags/redditdag.py took 0.112 seconds
[2025-07-04T18:13:07.763+0000] {processor.py:157} INFO - Started process (PID=11406) to work on /opt/airflow/dags/redditdag.py
[2025-07-04T18:13:07.766+0000] {processor.py:829} INFO - Processing file /opt/airflow/dags/redditdag.py for tasks to queue
[2025-07-04T18:13:07.779+0000] {logging_mixin.py:151} INFO - [2025-07-04T18:13:07.778+0000] {dagbag.py:536} INFO - Filling up the DagBag from /opt/airflow/dags/redditdag.py
[2025-07-04T18:13:07.791+0000] {logging_mixin.py:151} INFO - [2025-07-04T18:13:07.788+0000] {dagbag.py:346} ERROR - Failed to import: /opt/airflow/dags/redditdag.py
Traceback (most recent call last):
  File "/home/airflow/.local/lib/python3.9/site-packages/airflow/models/dagbag.py", line 342, in parse
    loader.exec_module(new_module)
  File "<frozen importlib._bootstrap_external>", line 850, in exec_module
  File "<frozen importlib._bootstrap>", line 228, in _call_with_frames_removed
  File "/opt/airflow/dags/redditdag.py", line 5, in <module>
    from airflow.providers.standard.operators.python import PythonOperator
ModuleNotFoundError: No module named 'airflow.providers.standard'
[2025-07-04T18:13:07.792+0000] {processor.py:841} WARNING - No viable dags retrieved from /opt/airflow/dags/redditdag.py
[2025-07-04T18:13:07.834+0000] {processor.py:179} INFO - Processing /opt/airflow/dags/redditdag.py took 0.077 seconds
[2025-07-04T20:15:06.372+0000] {processor.py:157} INFO - Started process (PID=11407) to work on /opt/airflow/dags/redditdag.py
[2025-07-04T20:15:06.377+0000] {processor.py:829} INFO - Processing file /opt/airflow/dags/redditdag.py for tasks to queue
[2025-07-04T20:15:06.407+0000] {logging_mixin.py:151} INFO - [2025-07-04T20:15:06.402+0000] {dagbag.py:536} INFO - Filling up the DagBag from /opt/airflow/dags/redditdag.py
[2025-07-04T20:15:06.427+0000] {logging_mixin.py:151} INFO - [2025-07-04T20:15:06.424+0000] {dagbag.py:346} ERROR - Failed to import: /opt/airflow/dags/redditdag.py
Traceback (most recent call last):
  File "/home/airflow/.local/lib/python3.9/site-packages/airflow/models/dagbag.py", line 342, in parse
    loader.exec_module(new_module)
  File "<frozen importlib._bootstrap_external>", line 850, in exec_module
  File "<frozen importlib._bootstrap>", line 228, in _call_with_frames_removed
  File "/opt/airflow/dags/redditdag.py", line 5, in <module>
    from airflow.providers.standard.operators.python import PythonOperator
ModuleNotFoundError: No module named 'airflow.providers.standard'
[2025-07-04T20:15:06.427+0000] {processor.py:841} WARNING - No viable dags retrieved from /opt/airflow/dags/redditdag.py
[2025-07-04T20:15:06.484+0000] {processor.py:179} INFO - Processing /opt/airflow/dags/redditdag.py took 0.130 seconds
[2025-07-04T23:18:09.826+0000] {processor.py:157} INFO - Started process (PID=11408) to work on /opt/airflow/dags/redditdag.py
[2025-07-04T23:18:09.831+0000] {processor.py:829} INFO - Processing file /opt/airflow/dags/redditdag.py for tasks to queue
[2025-07-04T23:18:09.844+0000] {logging_mixin.py:151} INFO - [2025-07-04T23:18:09.843+0000] {dagbag.py:536} INFO - Filling up the DagBag from /opt/airflow/dags/redditdag.py
[2025-07-04T23:18:09.890+0000] {logging_mixin.py:151} INFO - [2025-07-04T23:18:09.883+0000] {dagbag.py:346} ERROR - Failed to import: /opt/airflow/dags/redditdag.py
Traceback (most recent call last):
  File "/home/airflow/.local/lib/python3.9/site-packages/airflow/models/dagbag.py", line 342, in parse
    loader.exec_module(new_module)
  File "<frozen importlib._bootstrap_external>", line 850, in exec_module
  File "<frozen importlib._bootstrap>", line 228, in _call_with_frames_removed
  File "/opt/airflow/dags/redditdag.py", line 5, in <module>
    from airflow.providers.standard.operators.python import PythonOperator
ModuleNotFoundError: No module named 'airflow.providers.standard'
[2025-07-04T23:18:09.891+0000] {processor.py:841} WARNING - No viable dags retrieved from /opt/airflow/dags/redditdag.py
[2025-07-04T23:18:09.949+0000] {processor.py:179} INFO - Processing /opt/airflow/dags/redditdag.py took 0.134 seconds
[2025-07-04T23:51:14.670+0000] {processor.py:157} INFO - Started process (PID=11409) to work on /opt/airflow/dags/redditdag.py
[2025-07-04T23:51:14.672+0000] {processor.py:829} INFO - Processing file /opt/airflow/dags/redditdag.py for tasks to queue
[2025-07-04T23:51:14.680+0000] {logging_mixin.py:151} INFO - [2025-07-04T23:51:14.679+0000] {dagbag.py:536} INFO - Filling up the DagBag from /opt/airflow/dags/redditdag.py
[2025-07-04T23:51:14.697+0000] {logging_mixin.py:151} INFO - [2025-07-04T23:51:14.691+0000] {dagbag.py:346} ERROR - Failed to import: /opt/airflow/dags/redditdag.py
Traceback (most recent call last):
  File "/home/airflow/.local/lib/python3.9/site-packages/airflow/models/dagbag.py", line 342, in parse
    loader.exec_module(new_module)
  File "<frozen importlib._bootstrap_external>", line 850, in exec_module
  File "<frozen importlib._bootstrap>", line 228, in _call_with_frames_removed
  File "/opt/airflow/dags/redditdag.py", line 5, in <module>
    from airflow.providers.standard.operators.python import PythonOperator
ModuleNotFoundError: No module named 'airflow.providers.standard'
[2025-07-04T23:51:14.698+0000] {processor.py:841} WARNING - No viable dags retrieved from /opt/airflow/dags/redditdag.py
[2025-07-04T23:51:14.766+0000] {processor.py:179} INFO - Processing /opt/airflow/dags/redditdag.py took 0.123 seconds
[2025-07-04T23:51:45.276+0000] {processor.py:157} INFO - Started process (PID=11410) to work on /opt/airflow/dags/redditdag.py
[2025-07-04T23:51:45.281+0000] {processor.py:829} INFO - Processing file /opt/airflow/dags/redditdag.py for tasks to queue
[2025-07-04T23:51:45.289+0000] {logging_mixin.py:151} INFO - [2025-07-04T23:51:45.288+0000] {dagbag.py:536} INFO - Filling up the DagBag from /opt/airflow/dags/redditdag.py
[2025-07-04T23:51:45.315+0000] {logging_mixin.py:151} INFO - [2025-07-04T23:51:45.307+0000] {dagbag.py:346} ERROR - Failed to import: /opt/airflow/dags/redditdag.py
Traceback (most recent call last):
  File "/home/airflow/.local/lib/python3.9/site-packages/airflow/models/dagbag.py", line 342, in parse
    loader.exec_module(new_module)
  File "<frozen importlib._bootstrap_external>", line 850, in exec_module
  File "<frozen importlib._bootstrap>", line 228, in _call_with_frames_removed
  File "/opt/airflow/dags/redditdag.py", line 5, in <module>
    from airflow.providers.standard.operators.python import PythonOperator
ModuleNotFoundError: No module named 'airflow.providers.standard'
[2025-07-04T23:51:45.316+0000] {processor.py:841} WARNING - No viable dags retrieved from /opt/airflow/dags/redditdag.py
[2025-07-04T23:51:45.394+0000] {processor.py:179} INFO - Processing /opt/airflow/dags/redditdag.py took 0.127 seconds
[2025-07-04T23:52:15.861+0000] {processor.py:157} INFO - Started process (PID=11411) to work on /opt/airflow/dags/redditdag.py
[2025-07-04T23:52:15.866+0000] {processor.py:829} INFO - Processing file /opt/airflow/dags/redditdag.py for tasks to queue
[2025-07-04T23:52:15.884+0000] {logging_mixin.py:151} INFO - [2025-07-04T23:52:15.883+0000] {dagbag.py:536} INFO - Filling up the DagBag from /opt/airflow/dags/redditdag.py
[2025-07-04T23:52:15.894+0000] {logging_mixin.py:151} INFO - [2025-07-04T23:52:15.891+0000] {dagbag.py:346} ERROR - Failed to import: /opt/airflow/dags/redditdag.py
Traceback (most recent call last):
  File "/home/airflow/.local/lib/python3.9/site-packages/airflow/models/dagbag.py", line 342, in parse
    loader.exec_module(new_module)
  File "<frozen importlib._bootstrap_external>", line 850, in exec_module
  File "<frozen importlib._bootstrap>", line 228, in _call_with_frames_removed
  File "/opt/airflow/dags/redditdag.py", line 5, in <module>
    from airflow.providers.standard.operators.python import PythonOperator
ModuleNotFoundError: No module named 'airflow.providers.standard'
[2025-07-04T23:52:15.894+0000] {processor.py:841} WARNING - No viable dags retrieved from /opt/airflow/dags/redditdag.py
[2025-07-04T23:52:15.925+0000] {processor.py:179} INFO - Processing /opt/airflow/dags/redditdag.py took 0.072 seconds
[2025-07-04T23:52:46.313+0000] {processor.py:157} INFO - Started process (PID=11412) to work on /opt/airflow/dags/redditdag.py
[2025-07-04T23:52:46.317+0000] {processor.py:829} INFO - Processing file /opt/airflow/dags/redditdag.py for tasks to queue
[2025-07-04T23:52:46.331+0000] {logging_mixin.py:151} INFO - [2025-07-04T23:52:46.330+0000] {dagbag.py:536} INFO - Filling up the DagBag from /opt/airflow/dags/redditdag.py
[2025-07-04T23:52:46.347+0000] {logging_mixin.py:151} INFO - [2025-07-04T23:52:46.343+0000] {dagbag.py:346} ERROR - Failed to import: /opt/airflow/dags/redditdag.py
Traceback (most recent call last):
  File "/home/airflow/.local/lib/python3.9/site-packages/airflow/models/dagbag.py", line 342, in parse
    loader.exec_module(new_module)
  File "<frozen importlib._bootstrap_external>", line 850, in exec_module
  File "<frozen importlib._bootstrap>", line 228, in _call_with_frames_removed
  File "/opt/airflow/dags/redditdag.py", line 5, in <module>
    from airflow.providers.standard.operators.python import PythonOperator
ModuleNotFoundError: No module named 'airflow.providers.standard'
[2025-07-04T23:52:46.348+0000] {processor.py:841} WARNING - No viable dags retrieved from /opt/airflow/dags/redditdag.py
[2025-07-04T23:52:46.388+0000] {processor.py:179} INFO - Processing /opt/airflow/dags/redditdag.py took 0.092 seconds
[2025-07-04T23:53:16.683+0000] {processor.py:157} INFO - Started process (PID=11413) to work on /opt/airflow/dags/redditdag.py
[2025-07-04T23:53:16.687+0000] {processor.py:829} INFO - Processing file /opt/airflow/dags/redditdag.py for tasks to queue
[2025-07-04T23:53:16.694+0000] {logging_mixin.py:151} INFO - [2025-07-04T23:53:16.693+0000] {dagbag.py:536} INFO - Filling up the DagBag from /opt/airflow/dags/redditdag.py
[2025-07-04T23:53:16.729+0000] {logging_mixin.py:151} INFO - [2025-07-04T23:53:16.715+0000] {dagbag.py:346} ERROR - Failed to import: /opt/airflow/dags/redditdag.py
Traceback (most recent call last):
  File "/home/airflow/.local/lib/python3.9/site-packages/airflow/models/dagbag.py", line 342, in parse
    loader.exec_module(new_module)
  File "<frozen importlib._bootstrap_external>", line 850, in exec_module
  File "<frozen importlib._bootstrap>", line 228, in _call_with_frames_removed
  File "/opt/airflow/dags/redditdag.py", line 5, in <module>
    from airflow.providers.standard.operators.python import PythonOperator
ModuleNotFoundError: No module named 'airflow.providers.standard'
[2025-07-04T23:53:16.731+0000] {processor.py:841} WARNING - No viable dags retrieved from /opt/airflow/dags/redditdag.py
[2025-07-04T23:53:16.788+0000] {processor.py:179} INFO - Processing /opt/airflow/dags/redditdag.py took 0.118 seconds
[2025-07-04T23:53:47.215+0000] {processor.py:157} INFO - Started process (PID=11414) to work on /opt/airflow/dags/redditdag.py
[2025-07-04T23:53:47.221+0000] {processor.py:829} INFO - Processing file /opt/airflow/dags/redditdag.py for tasks to queue
[2025-07-04T23:53:47.229+0000] {logging_mixin.py:151} INFO - [2025-07-04T23:53:47.228+0000] {dagbag.py:536} INFO - Filling up the DagBag from /opt/airflow/dags/redditdag.py
[2025-07-04T23:53:47.246+0000] {logging_mixin.py:151} INFO - [2025-07-04T23:53:47.236+0000] {dagbag.py:346} ERROR - Failed to import: /opt/airflow/dags/redditdag.py
Traceback (most recent call last):
  File "/home/airflow/.local/lib/python3.9/site-packages/airflow/models/dagbag.py", line 342, in parse
    loader.exec_module(new_module)
  File "<frozen importlib._bootstrap_external>", line 850, in exec_module
  File "<frozen importlib._bootstrap>", line 228, in _call_with_frames_removed
  File "/opt/airflow/dags/redditdag.py", line 5, in <module>
    from airflow.providers.standard.operators.python import PythonOperator
ModuleNotFoundError: No module named 'airflow.providers.standard'
[2025-07-04T23:53:47.247+0000] {processor.py:841} WARNING - No viable dags retrieved from /opt/airflow/dags/redditdag.py
[2025-07-04T23:53:47.283+0000] {processor.py:179} INFO - Processing /opt/airflow/dags/redditdag.py took 0.076 seconds
[2025-07-04T23:54:17.668+0000] {processor.py:157} INFO - Started process (PID=11415) to work on /opt/airflow/dags/redditdag.py
[2025-07-04T23:54:17.670+0000] {processor.py:829} INFO - Processing file /opt/airflow/dags/redditdag.py for tasks to queue
[2025-07-04T23:54:17.676+0000] {logging_mixin.py:151} INFO - [2025-07-04T23:54:17.675+0000] {dagbag.py:536} INFO - Filling up the DagBag from /opt/airflow/dags/redditdag.py
[2025-07-04T23:54:17.685+0000] {logging_mixin.py:151} INFO - [2025-07-04T23:54:17.683+0000] {dagbag.py:346} ERROR - Failed to import: /opt/airflow/dags/redditdag.py
Traceback (most recent call last):
  File "/home/airflow/.local/lib/python3.9/site-packages/airflow/models/dagbag.py", line 342, in parse
    loader.exec_module(new_module)
  File "<frozen importlib._bootstrap_external>", line 850, in exec_module
  File "<frozen importlib._bootstrap>", line 228, in _call_with_frames_removed
  File "/opt/airflow/dags/redditdag.py", line 5, in <module>
    from airflow.providers.standard.operators.python import PythonOperator
ModuleNotFoundError: No module named 'airflow.providers.standard'
[2025-07-04T23:54:17.686+0000] {processor.py:841} WARNING - No viable dags retrieved from /opt/airflow/dags/redditdag.py
[2025-07-04T23:54:17.727+0000] {processor.py:179} INFO - Processing /opt/airflow/dags/redditdag.py took 0.066 seconds
[2025-07-04T23:54:48.012+0000] {processor.py:157} INFO - Started process (PID=11416) to work on /opt/airflow/dags/redditdag.py
[2025-07-04T23:54:48.020+0000] {processor.py:829} INFO - Processing file /opt/airflow/dags/redditdag.py for tasks to queue
[2025-07-04T23:54:48.043+0000] {logging_mixin.py:151} INFO - [2025-07-04T23:54:48.042+0000] {dagbag.py:536} INFO - Filling up the DagBag from /opt/airflow/dags/redditdag.py
[2025-07-04T23:54:48.055+0000] {logging_mixin.py:151} INFO - [2025-07-04T23:54:48.051+0000] {dagbag.py:346} ERROR - Failed to import: /opt/airflow/dags/redditdag.py
Traceback (most recent call last):
  File "/home/airflow/.local/lib/python3.9/site-packages/airflow/models/dagbag.py", line 342, in parse
    loader.exec_module(new_module)
  File "<frozen importlib._bootstrap_external>", line 850, in exec_module
  File "<frozen importlib._bootstrap>", line 228, in _call_with_frames_removed
  File "/opt/airflow/dags/redditdag.py", line 5, in <module>
    from airflow.providers.standard.operators.python import PythonOperator
ModuleNotFoundError: No module named 'airflow.providers.standard'
[2025-07-04T23:54:48.056+0000] {processor.py:841} WARNING - No viable dags retrieved from /opt/airflow/dags/redditdag.py
[2025-07-04T23:54:48.100+0000] {processor.py:179} INFO - Processing /opt/airflow/dags/redditdag.py took 0.103 seconds
[2025-07-04T23:55:18.446+0000] {processor.py:157} INFO - Started process (PID=11417) to work on /opt/airflow/dags/redditdag.py
[2025-07-04T23:55:18.452+0000] {processor.py:829} INFO - Processing file /opt/airflow/dags/redditdag.py for tasks to queue
[2025-07-04T23:55:18.458+0000] {logging_mixin.py:151} INFO - [2025-07-04T23:55:18.458+0000] {dagbag.py:536} INFO - Filling up the DagBag from /opt/airflow/dags/redditdag.py
[2025-07-04T23:55:18.468+0000] {logging_mixin.py:151} INFO - [2025-07-04T23:55:18.466+0000] {dagbag.py:346} ERROR - Failed to import: /opt/airflow/dags/redditdag.py
Traceback (most recent call last):
  File "/home/airflow/.local/lib/python3.9/site-packages/airflow/models/dagbag.py", line 342, in parse
    loader.exec_module(new_module)
  File "<frozen importlib._bootstrap_external>", line 850, in exec_module
  File "<frozen importlib._bootstrap>", line 228, in _call_with_frames_removed
  File "/opt/airflow/dags/redditdag.py", line 5, in <module>
    from airflow.providers.standard.operators.python import PythonOperator
ModuleNotFoundError: No module named 'airflow.providers.standard'
[2025-07-04T23:55:18.468+0000] {processor.py:841} WARNING - No viable dags retrieved from /opt/airflow/dags/redditdag.py
[2025-07-04T23:55:18.498+0000] {processor.py:179} INFO - Processing /opt/airflow/dags/redditdag.py took 0.059 seconds
[2025-07-04T23:55:48.806+0000] {processor.py:157} INFO - Started process (PID=11418) to work on /opt/airflow/dags/redditdag.py
[2025-07-04T23:55:48.810+0000] {processor.py:829} INFO - Processing file /opt/airflow/dags/redditdag.py for tasks to queue
[2025-07-04T23:55:48.826+0000] {logging_mixin.py:151} INFO - [2025-07-04T23:55:48.824+0000] {dagbag.py:536} INFO - Filling up the DagBag from /opt/airflow/dags/redditdag.py
[2025-07-04T23:55:48.854+0000] {logging_mixin.py:151} INFO - [2025-07-04T23:55:48.848+0000] {dagbag.py:346} ERROR - Failed to import: /opt/airflow/dags/redditdag.py
Traceback (most recent call last):
  File "/home/airflow/.local/lib/python3.9/site-packages/airflow/models/dagbag.py", line 342, in parse
    loader.exec_module(new_module)
  File "<frozen importlib._bootstrap_external>", line 850, in exec_module
  File "<frozen importlib._bootstrap>", line 228, in _call_with_frames_removed
  File "/opt/airflow/dags/redditdag.py", line 5, in <module>
    from airflow.providers.standard.operators.python import PythonOperator
ModuleNotFoundError: No module named 'airflow.providers.standard'
[2025-07-04T23:55:48.854+0000] {processor.py:841} WARNING - No viable dags retrieved from /opt/airflow/dags/redditdag.py
[2025-07-04T23:55:48.903+0000] {processor.py:179} INFO - Processing /opt/airflow/dags/redditdag.py took 0.117 seconds
[2025-07-04T23:56:19.973+0000] {processor.py:157} INFO - Started process (PID=11419) to work on /opt/airflow/dags/redditdag.py
[2025-07-04T23:56:20.006+0000] {processor.py:829} INFO - Processing file /opt/airflow/dags/redditdag.py for tasks to queue
[2025-07-04T23:56:20.046+0000] {logging_mixin.py:151} INFO - [2025-07-04T23:56:20.042+0000] {dagbag.py:536} INFO - Filling up the DagBag from /opt/airflow/dags/redditdag.py
[2025-07-04T23:56:20.091+0000] {logging_mixin.py:151} INFO - [2025-07-04T23:56:20.076+0000] {dagbag.py:346} ERROR - Failed to import: /opt/airflow/dags/redditdag.py
Traceback (most recent call last):
  File "/home/airflow/.local/lib/python3.9/site-packages/airflow/models/dagbag.py", line 342, in parse
    loader.exec_module(new_module)
  File "<frozen importlib._bootstrap_external>", line 850, in exec_module
  File "<frozen importlib._bootstrap>", line 228, in _call_with_frames_removed
  File "/opt/airflow/dags/redditdag.py", line 5, in <module>
    from airflow.providers.standard.operators.python import PythonOperator
ModuleNotFoundError: No module named 'airflow.providers.standard'
[2025-07-04T23:56:20.093+0000] {processor.py:841} WARNING - No viable dags retrieved from /opt/airflow/dags/redditdag.py
[2025-07-04T23:56:20.358+0000] {processor.py:179} INFO - Processing /opt/airflow/dags/redditdag.py took 0.641 seconds
[2025-07-04T23:56:50.966+0000] {processor.py:157} INFO - Started process (PID=11420) to work on /opt/airflow/dags/redditdag.py
[2025-07-04T23:56:50.975+0000] {processor.py:829} INFO - Processing file /opt/airflow/dags/redditdag.py for tasks to queue
[2025-07-04T23:56:50.996+0000] {logging_mixin.py:151} INFO - [2025-07-04T23:56:50.995+0000] {dagbag.py:536} INFO - Filling up the DagBag from /opt/airflow/dags/redditdag.py
[2025-07-04T23:56:51.027+0000] {logging_mixin.py:151} INFO - [2025-07-04T23:56:51.021+0000] {dagbag.py:346} ERROR - Failed to import: /opt/airflow/dags/redditdag.py
Traceback (most recent call last):
  File "/home/airflow/.local/lib/python3.9/site-packages/airflow/models/dagbag.py", line 342, in parse
    loader.exec_module(new_module)
  File "<frozen importlib._bootstrap_external>", line 850, in exec_module
  File "<frozen importlib._bootstrap>", line 228, in _call_with_frames_removed
  File "/opt/airflow/dags/redditdag.py", line 5, in <module>
    from airflow.providers.standard.operators.python import PythonOperator
ModuleNotFoundError: No module named 'airflow.providers.standard'
[2025-07-04T23:56:51.028+0000] {processor.py:841} WARNING - No viable dags retrieved from /opt/airflow/dags/redditdag.py
[2025-07-04T23:56:51.237+0000] {processor.py:179} INFO - Processing /opt/airflow/dags/redditdag.py took 0.289 seconds
[2025-07-04T23:57:21.597+0000] {processor.py:157} INFO - Started process (PID=11421) to work on /opt/airflow/dags/redditdag.py
[2025-07-04T23:57:21.601+0000] {processor.py:829} INFO - Processing file /opt/airflow/dags/redditdag.py for tasks to queue
[2025-07-04T23:57:21.607+0000] {logging_mixin.py:151} INFO - [2025-07-04T23:57:21.606+0000] {dagbag.py:536} INFO - Filling up the DagBag from /opt/airflow/dags/redditdag.py
[2025-07-04T23:57:21.621+0000] {logging_mixin.py:151} INFO - [2025-07-04T23:57:21.614+0000] {dagbag.py:346} ERROR - Failed to import: /opt/airflow/dags/redditdag.py
Traceback (most recent call last):
  File "/home/airflow/.local/lib/python3.9/site-packages/airflow/models/dagbag.py", line 342, in parse
    loader.exec_module(new_module)
  File "<frozen importlib._bootstrap_external>", line 850, in exec_module
  File "<frozen importlib._bootstrap>", line 228, in _call_with_frames_removed
  File "/opt/airflow/dags/redditdag.py", line 5, in <module>
    from airflow.providers.standard.operators.python import PythonOperator
ModuleNotFoundError: No module named 'airflow.providers.standard'
[2025-07-04T23:57:21.622+0000] {processor.py:841} WARNING - No viable dags retrieved from /opt/airflow/dags/redditdag.py
[2025-07-04T23:57:21.699+0000] {processor.py:179} INFO - Processing /opt/airflow/dags/redditdag.py took 0.113 seconds
