[2025-06-08T00:41:39.658+0000] {processor.py:157} INFO - Started process (PID=769) to work on /opt/airflow/dags/redditdag.py
[2025-06-08T00:41:39.659+0000] {processor.py:829} INFO - Processing file /opt/airflow/dags/redditdag.py for tasks to queue
[2025-06-08T00:41:39.664+0000] {logging_mixin.py:151} INFO - [2025-06-08T00:41:39.664+0000] {dagbag.py:536} INFO - Filling up the DagBag from /opt/airflow/dags/redditdag.py
[2025-06-08T00:41:39.669+0000] {logging_mixin.py:151} INFO - [2025-06-08T00:41:39.668+0000] {dagbag.py:346} ERROR - Failed to import: /opt/airflow/dags/redditdag.py
Traceback (most recent call last):
  File "/home/airflow/.local/lib/python3.9/site-packages/airflow/models/dagbag.py", line 342, in parse
    loader.exec_module(new_module)
  File "<frozen importlib._bootstrap_external>", line 850, in exec_module
  File "<frozen importlib._bootstrap>", line 228, in _call_with_frames_removed
  File "/opt/airflow/dags/redditdag.py", line 5, in <module>
    from airflow.providers.standard.operators.python import PythonOperator
ModuleNotFoundError: No module named 'airflow.providers.standard'
[2025-06-08T00:41:39.670+0000] {processor.py:841} WARNING - No viable dags retrieved from /opt/airflow/dags/redditdag.py
[2025-06-08T00:41:39.689+0000] {processor.py:179} INFO - Processing /opt/airflow/dags/redditdag.py took 0.036 seconds
[2025-06-08T01:30:09.690+0000] {processor.py:157} INFO - Started process (PID=770) to work on /opt/airflow/dags/redditdag.py
[2025-06-08T01:30:09.690+0000] {processor.py:829} INFO - Processing file /opt/airflow/dags/redditdag.py for tasks to queue
[2025-06-08T01:30:09.692+0000] {logging_mixin.py:151} INFO - [2025-06-08T01:30:09.692+0000] {dagbag.py:536} INFO - Filling up the DagBag from /opt/airflow/dags/redditdag.py
[2025-06-08T01:30:09.696+0000] {logging_mixin.py:151} INFO - [2025-06-08T01:30:09.695+0000] {dagbag.py:346} ERROR - Failed to import: /opt/airflow/dags/redditdag.py
Traceback (most recent call last):
  File "/home/airflow/.local/lib/python3.9/site-packages/airflow/models/dagbag.py", line 342, in parse
    loader.exec_module(new_module)
  File "<frozen importlib._bootstrap_external>", line 850, in exec_module
  File "<frozen importlib._bootstrap>", line 228, in _call_with_frames_removed
  File "/opt/airflow/dags/redditdag.py", line 5, in <module>
    from airflow.providers.standard.operators.python import PythonOperator
ModuleNotFoundError: No module named 'airflow.providers.standard'
[2025-06-08T01:30:09.696+0000] {processor.py:841} WARNING - No viable dags retrieved from /opt/airflow/dags/redditdag.py
[2025-06-08T01:30:09.711+0000] {processor.py:179} INFO - Processing /opt/airflow/dags/redditdag.py took 0.024 seconds
[2025-06-08T03:11:23.551+0000] {processor.py:157} INFO - Started process (PID=771) to work on /opt/airflow/dags/redditdag.py
[2025-06-08T03:11:23.553+0000] {processor.py:829} INFO - Processing file /opt/airflow/dags/redditdag.py for tasks to queue
[2025-06-08T03:11:23.571+0000] {logging_mixin.py:151} INFO - [2025-06-08T03:11:23.570+0000] {dagbag.py:536} INFO - Filling up the DagBag from /opt/airflow/dags/redditdag.py
[2025-06-08T03:11:23.587+0000] {logging_mixin.py:151} INFO - [2025-06-08T03:11:23.581+0000] {dagbag.py:346} ERROR - Failed to import: /opt/airflow/dags/redditdag.py
Traceback (most recent call last):
  File "/home/airflow/.local/lib/python3.9/site-packages/airflow/models/dagbag.py", line 342, in parse
    loader.exec_module(new_module)
  File "<frozen importlib._bootstrap_external>", line 850, in exec_module
  File "<frozen importlib._bootstrap>", line 228, in _call_with_frames_removed
  File "/opt/airflow/dags/redditdag.py", line 5, in <module>
    from airflow.providers.standard.operators.python import PythonOperator
ModuleNotFoundError: No module named 'airflow.providers.standard'
[2025-06-08T03:11:23.588+0000] {processor.py:841} WARNING - No viable dags retrieved from /opt/airflow/dags/redditdag.py
[2025-06-08T03:11:23.630+0000] {processor.py:179} INFO - Processing /opt/airflow/dags/redditdag.py took 0.092 seconds
[2025-06-08T03:23:18.014+0000] {processor.py:157} INFO - Started process (PID=772) to work on /opt/airflow/dags/redditdag.py
[2025-06-08T03:23:18.015+0000] {processor.py:829} INFO - Processing file /opt/airflow/dags/redditdag.py for tasks to queue
[2025-06-08T03:23:18.017+0000] {logging_mixin.py:151} INFO - [2025-06-08T03:23:18.017+0000] {dagbag.py:536} INFO - Filling up the DagBag from /opt/airflow/dags/redditdag.py
[2025-06-08T03:23:18.020+0000] {logging_mixin.py:151} INFO - [2025-06-08T03:23:18.020+0000] {dagbag.py:346} ERROR - Failed to import: /opt/airflow/dags/redditdag.py
Traceback (most recent call last):
  File "/home/airflow/.local/lib/python3.9/site-packages/airflow/models/dagbag.py", line 342, in parse
    loader.exec_module(new_module)
  File "<frozen importlib._bootstrap_external>", line 850, in exec_module
  File "<frozen importlib._bootstrap>", line 228, in _call_with_frames_removed
  File "/opt/airflow/dags/redditdag.py", line 5, in <module>
    from airflow.providers.standard.operators.python import PythonOperator
ModuleNotFoundError: No module named 'airflow.providers.standard'
[2025-06-08T03:23:18.021+0000] {processor.py:841} WARNING - No viable dags retrieved from /opt/airflow/dags/redditdag.py
[2025-06-08T03:23:18.036+0000] {processor.py:179} INFO - Processing /opt/airflow/dags/redditdag.py took 0.026 seconds
[2025-06-08T03:41:09.089+0000] {processor.py:157} INFO - Started process (PID=773) to work on /opt/airflow/dags/redditdag.py
[2025-06-08T03:41:09.093+0000] {processor.py:829} INFO - Processing file /opt/airflow/dags/redditdag.py for tasks to queue
[2025-06-08T03:41:09.105+0000] {logging_mixin.py:151} INFO - [2025-06-08T03:41:09.104+0000] {dagbag.py:536} INFO - Filling up the DagBag from /opt/airflow/dags/redditdag.py
[2025-06-08T03:41:09.118+0000] {logging_mixin.py:151} INFO - [2025-06-08T03:41:09.116+0000] {dagbag.py:346} ERROR - Failed to import: /opt/airflow/dags/redditdag.py
Traceback (most recent call last):
  File "/home/airflow/.local/lib/python3.9/site-packages/airflow/models/dagbag.py", line 342, in parse
    loader.exec_module(new_module)
  File "<frozen importlib._bootstrap_external>", line 850, in exec_module
  File "<frozen importlib._bootstrap>", line 228, in _call_with_frames_removed
  File "/opt/airflow/dags/redditdag.py", line 5, in <module>
    from airflow.providers.standard.operators.python import PythonOperator
ModuleNotFoundError: No module named 'airflow.providers.standard'
[2025-06-08T03:41:09.118+0000] {processor.py:841} WARNING - No viable dags retrieved from /opt/airflow/dags/redditdag.py
[2025-06-08T03:41:09.148+0000] {processor.py:179} INFO - Processing /opt/airflow/dags/redditdag.py took 0.072 seconds
[2025-06-08T03:41:39.445+0000] {processor.py:157} INFO - Started process (PID=774) to work on /opt/airflow/dags/redditdag.py
[2025-06-08T03:41:39.446+0000] {processor.py:829} INFO - Processing file /opt/airflow/dags/redditdag.py for tasks to queue
[2025-06-08T03:41:39.449+0000] {logging_mixin.py:151} INFO - [2025-06-08T03:41:39.448+0000] {dagbag.py:536} INFO - Filling up the DagBag from /opt/airflow/dags/redditdag.py
[2025-06-08T03:41:39.454+0000] {logging_mixin.py:151} INFO - [2025-06-08T03:41:39.452+0000] {dagbag.py:346} ERROR - Failed to import: /opt/airflow/dags/redditdag.py
Traceback (most recent call last):
  File "/home/airflow/.local/lib/python3.9/site-packages/airflow/models/dagbag.py", line 342, in parse
    loader.exec_module(new_module)
  File "<frozen importlib._bootstrap_external>", line 850, in exec_module
  File "<frozen importlib._bootstrap>", line 228, in _call_with_frames_removed
  File "/opt/airflow/dags/redditdag.py", line 5, in <module>
    from airflow.providers.standard.operators.python import PythonOperator
ModuleNotFoundError: No module named 'airflow.providers.standard'
[2025-06-08T03:41:39.454+0000] {processor.py:841} WARNING - No viable dags retrieved from /opt/airflow/dags/redditdag.py
[2025-06-08T03:41:39.474+0000] {processor.py:179} INFO - Processing /opt/airflow/dags/redditdag.py took 0.034 seconds
[2025-06-08T03:42:09.884+0000] {processor.py:157} INFO - Started process (PID=775) to work on /opt/airflow/dags/redditdag.py
[2025-06-08T03:42:09.886+0000] {processor.py:829} INFO - Processing file /opt/airflow/dags/redditdag.py for tasks to queue
[2025-06-08T03:42:09.888+0000] {logging_mixin.py:151} INFO - [2025-06-08T03:42:09.888+0000] {dagbag.py:536} INFO - Filling up the DagBag from /opt/airflow/dags/redditdag.py
[2025-06-08T03:42:09.893+0000] {logging_mixin.py:151} INFO - [2025-06-08T03:42:09.892+0000] {dagbag.py:346} ERROR - Failed to import: /opt/airflow/dags/redditdag.py
Traceback (most recent call last):
  File "/home/airflow/.local/lib/python3.9/site-packages/airflow/models/dagbag.py", line 342, in parse
    loader.exec_module(new_module)
  File "<frozen importlib._bootstrap_external>", line 850, in exec_module
  File "<frozen importlib._bootstrap>", line 228, in _call_with_frames_removed
  File "/opt/airflow/dags/redditdag.py", line 5, in <module>
    from airflow.providers.standard.operators.python import PythonOperator
ModuleNotFoundError: No module named 'airflow.providers.standard'
[2025-06-08T03:42:09.893+0000] {processor.py:841} WARNING - No viable dags retrieved from /opt/airflow/dags/redditdag.py
[2025-06-08T03:42:09.913+0000] {processor.py:179} INFO - Processing /opt/airflow/dags/redditdag.py took 0.032 seconds
[2025-06-08T03:42:40.239+0000] {processor.py:157} INFO - Started process (PID=776) to work on /opt/airflow/dags/redditdag.py
[2025-06-08T03:42:40.240+0000] {processor.py:829} INFO - Processing file /opt/airflow/dags/redditdag.py for tasks to queue
[2025-06-08T03:42:40.242+0000] {logging_mixin.py:151} INFO - [2025-06-08T03:42:40.242+0000] {dagbag.py:536} INFO - Filling up the DagBag from /opt/airflow/dags/redditdag.py
[2025-06-08T03:42:40.247+0000] {logging_mixin.py:151} INFO - [2025-06-08T03:42:40.246+0000] {dagbag.py:346} ERROR - Failed to import: /opt/airflow/dags/redditdag.py
Traceback (most recent call last):
  File "/home/airflow/.local/lib/python3.9/site-packages/airflow/models/dagbag.py", line 342, in parse
    loader.exec_module(new_module)
  File "<frozen importlib._bootstrap_external>", line 850, in exec_module
  File "<frozen importlib._bootstrap>", line 228, in _call_with_frames_removed
  File "/opt/airflow/dags/redditdag.py", line 5, in <module>
    from airflow.providers.standard.operators.python import PythonOperator
ModuleNotFoundError: No module named 'airflow.providers.standard'
[2025-06-08T03:42:40.247+0000] {processor.py:841} WARNING - No viable dags retrieved from /opt/airflow/dags/redditdag.py
[2025-06-08T03:42:40.266+0000] {processor.py:179} INFO - Processing /opt/airflow/dags/redditdag.py took 0.031 seconds
[2025-06-08T04:25:59.777+0000] {processor.py:157} INFO - Started process (PID=777) to work on /opt/airflow/dags/redditdag.py
[2025-06-08T04:25:59.781+0000] {processor.py:829} INFO - Processing file /opt/airflow/dags/redditdag.py for tasks to queue
[2025-06-08T04:25:59.794+0000] {logging_mixin.py:151} INFO - [2025-06-08T04:25:59.793+0000] {dagbag.py:536} INFO - Filling up the DagBag from /opt/airflow/dags/redditdag.py
[2025-06-08T04:25:59.806+0000] {logging_mixin.py:151} INFO - [2025-06-08T04:25:59.803+0000] {dagbag.py:346} ERROR - Failed to import: /opt/airflow/dags/redditdag.py
Traceback (most recent call last):
  File "/home/airflow/.local/lib/python3.9/site-packages/airflow/models/dagbag.py", line 342, in parse
    loader.exec_module(new_module)
  File "<frozen importlib._bootstrap_external>", line 850, in exec_module
  File "<frozen importlib._bootstrap>", line 228, in _call_with_frames_removed
  File "/opt/airflow/dags/redditdag.py", line 5, in <module>
    from airflow.providers.standard.operators.python import PythonOperator
ModuleNotFoundError: No module named 'airflow.providers.standard'
[2025-06-08T04:25:59.806+0000] {processor.py:841} WARNING - No viable dags retrieved from /opt/airflow/dags/redditdag.py
[2025-06-08T04:25:59.845+0000] {processor.py:179} INFO - Processing /opt/airflow/dags/redditdag.py took 0.078 seconds
[2025-06-08T04:48:19.218+0000] {processor.py:157} INFO - Started process (PID=778) to work on /opt/airflow/dags/redditdag.py
[2025-06-08T04:48:19.219+0000] {processor.py:829} INFO - Processing file /opt/airflow/dags/redditdag.py for tasks to queue
[2025-06-08T04:48:19.224+0000] {logging_mixin.py:151} INFO - [2025-06-08T04:48:19.223+0000] {dagbag.py:536} INFO - Filling up the DagBag from /opt/airflow/dags/redditdag.py
[2025-06-08T04:48:19.231+0000] {logging_mixin.py:151} INFO - [2025-06-08T04:48:19.229+0000] {dagbag.py:346} ERROR - Failed to import: /opt/airflow/dags/redditdag.py
Traceback (most recent call last):
  File "/home/airflow/.local/lib/python3.9/site-packages/airflow/models/dagbag.py", line 342, in parse
    loader.exec_module(new_module)
  File "<frozen importlib._bootstrap_external>", line 850, in exec_module
  File "<frozen importlib._bootstrap>", line 228, in _call_with_frames_removed
  File "/opt/airflow/dags/redditdag.py", line 5, in <module>
    from airflow.providers.standard.operators.python import PythonOperator
ModuleNotFoundError: No module named 'airflow.providers.standard'
[2025-06-08T04:48:19.232+0000] {processor.py:841} WARNING - No viable dags retrieved from /opt/airflow/dags/redditdag.py
[2025-06-08T04:48:19.262+0000] {processor.py:179} INFO - Processing /opt/airflow/dags/redditdag.py took 0.051 seconds
[2025-06-08T04:48:49.615+0000] {processor.py:157} INFO - Started process (PID=779) to work on /opt/airflow/dags/redditdag.py
[2025-06-08T04:48:49.619+0000] {processor.py:829} INFO - Processing file /opt/airflow/dags/redditdag.py for tasks to queue
[2025-06-08T04:48:49.624+0000] {logging_mixin.py:151} INFO - [2025-06-08T04:48:49.624+0000] {dagbag.py:536} INFO - Filling up the DagBag from /opt/airflow/dags/redditdag.py
[2025-06-08T04:48:49.630+0000] {logging_mixin.py:151} INFO - [2025-06-08T04:48:49.629+0000] {dagbag.py:346} ERROR - Failed to import: /opt/airflow/dags/redditdag.py
Traceback (most recent call last):
  File "/home/airflow/.local/lib/python3.9/site-packages/airflow/models/dagbag.py", line 342, in parse
    loader.exec_module(new_module)
  File "<frozen importlib._bootstrap_external>", line 850, in exec_module
  File "<frozen importlib._bootstrap>", line 228, in _call_with_frames_removed
  File "/opt/airflow/dags/redditdag.py", line 5, in <module>
    from airflow.providers.standard.operators.python import PythonOperator
ModuleNotFoundError: No module named 'airflow.providers.standard'
[2025-06-08T04:48:49.631+0000] {processor.py:841} WARNING - No viable dags retrieved from /opt/airflow/dags/redditdag.py
[2025-06-08T04:48:49.659+0000] {processor.py:179} INFO - Processing /opt/airflow/dags/redditdag.py took 0.053 seconds
[2025-06-08T04:49:19.961+0000] {processor.py:157} INFO - Started process (PID=780) to work on /opt/airflow/dags/redditdag.py
[2025-06-08T04:49:19.962+0000] {processor.py:829} INFO - Processing file /opt/airflow/dags/redditdag.py for tasks to queue
[2025-06-08T04:49:19.965+0000] {logging_mixin.py:151} INFO - [2025-06-08T04:49:19.964+0000] {dagbag.py:536} INFO - Filling up the DagBag from /opt/airflow/dags/redditdag.py
[2025-06-08T04:49:19.969+0000] {logging_mixin.py:151} INFO - [2025-06-08T04:49:19.968+0000] {dagbag.py:346} ERROR - Failed to import: /opt/airflow/dags/redditdag.py
Traceback (most recent call last):
  File "/home/airflow/.local/lib/python3.9/site-packages/airflow/models/dagbag.py", line 342, in parse
    loader.exec_module(new_module)
  File "<frozen importlib._bootstrap_external>", line 850, in exec_module
  File "<frozen importlib._bootstrap>", line 228, in _call_with_frames_removed
  File "/opt/airflow/dags/redditdag.py", line 5, in <module>
    from airflow.providers.standard.operators.python import PythonOperator
ModuleNotFoundError: No module named 'airflow.providers.standard'
[2025-06-08T04:49:19.970+0000] {processor.py:841} WARNING - No viable dags retrieved from /opt/airflow/dags/redditdag.py
[2025-06-08T04:49:19.991+0000] {processor.py:179} INFO - Processing /opt/airflow/dags/redditdag.py took 0.035 seconds
[2025-06-08T04:49:50.355+0000] {processor.py:157} INFO - Started process (PID=781) to work on /opt/airflow/dags/redditdag.py
[2025-06-08T04:49:50.356+0000] {processor.py:829} INFO - Processing file /opt/airflow/dags/redditdag.py for tasks to queue
[2025-06-08T04:49:50.359+0000] {logging_mixin.py:151} INFO - [2025-06-08T04:49:50.359+0000] {dagbag.py:536} INFO - Filling up the DagBag from /opt/airflow/dags/redditdag.py
[2025-06-08T04:49:50.364+0000] {logging_mixin.py:151} INFO - [2025-06-08T04:49:50.362+0000] {dagbag.py:346} ERROR - Failed to import: /opt/airflow/dags/redditdag.py
Traceback (most recent call last):
  File "/home/airflow/.local/lib/python3.9/site-packages/airflow/models/dagbag.py", line 342, in parse
    loader.exec_module(new_module)
  File "<frozen importlib._bootstrap_external>", line 850, in exec_module
  File "<frozen importlib._bootstrap>", line 228, in _call_with_frames_removed
  File "/opt/airflow/dags/redditdag.py", line 5, in <module>
    from airflow.providers.standard.operators.python import PythonOperator
ModuleNotFoundError: No module named 'airflow.providers.standard'
[2025-06-08T04:49:50.364+0000] {processor.py:841} WARNING - No viable dags retrieved from /opt/airflow/dags/redditdag.py
[2025-06-08T04:49:50.387+0000] {processor.py:179} INFO - Processing /opt/airflow/dags/redditdag.py took 0.036 seconds
[2025-06-08T05:08:19.231+0000] {processor.py:157} INFO - Started process (PID=782) to work on /opt/airflow/dags/redditdag.py
[2025-06-08T05:08:19.232+0000] {processor.py:829} INFO - Processing file /opt/airflow/dags/redditdag.py for tasks to queue
[2025-06-08T05:08:19.238+0000] {logging_mixin.py:151} INFO - [2025-06-08T05:08:19.238+0000] {dagbag.py:536} INFO - Filling up the DagBag from /opt/airflow/dags/redditdag.py
[2025-06-08T05:08:19.245+0000] {logging_mixin.py:151} INFO - [2025-06-08T05:08:19.243+0000] {dagbag.py:346} ERROR - Failed to import: /opt/airflow/dags/redditdag.py
Traceback (most recent call last):
  File "/home/airflow/.local/lib/python3.9/site-packages/airflow/models/dagbag.py", line 342, in parse
    loader.exec_module(new_module)
  File "<frozen importlib._bootstrap_external>", line 850, in exec_module
  File "<frozen importlib._bootstrap>", line 228, in _call_with_frames_removed
  File "/opt/airflow/dags/redditdag.py", line 5, in <module>
    from airflow.providers.standard.operators.python import PythonOperator
ModuleNotFoundError: No module named 'airflow.providers.standard'
[2025-06-08T05:08:19.246+0000] {processor.py:841} WARNING - No viable dags retrieved from /opt/airflow/dags/redditdag.py
[2025-06-08T05:08:19.274+0000] {processor.py:179} INFO - Processing /opt/airflow/dags/redditdag.py took 0.051 seconds
[2025-06-08T08:06:21.807+0000] {processor.py:157} INFO - Started process (PID=783) to work on /opt/airflow/dags/redditdag.py
[2025-06-08T08:06:21.810+0000] {processor.py:829} INFO - Processing file /opt/airflow/dags/redditdag.py for tasks to queue
[2025-06-08T08:06:21.828+0000] {logging_mixin.py:151} INFO - [2025-06-08T08:06:21.827+0000] {dagbag.py:536} INFO - Filling up the DagBag from /opt/airflow/dags/redditdag.py
[2025-06-08T08:06:21.838+0000] {logging_mixin.py:151} INFO - [2025-06-08T08:06:21.836+0000] {dagbag.py:346} ERROR - Failed to import: /opt/airflow/dags/redditdag.py
Traceback (most recent call last):
  File "/home/airflow/.local/lib/python3.9/site-packages/airflow/models/dagbag.py", line 342, in parse
    loader.exec_module(new_module)
  File "<frozen importlib._bootstrap_external>", line 850, in exec_module
  File "<frozen importlib._bootstrap>", line 228, in _call_with_frames_removed
  File "/opt/airflow/dags/redditdag.py", line 5, in <module>
    from airflow.providers.standard.operators.python import PythonOperator
ModuleNotFoundError: No module named 'airflow.providers.standard'
[2025-06-08T08:06:21.839+0000] {processor.py:841} WARNING - No viable dags retrieved from /opt/airflow/dags/redditdag.py
[2025-06-08T08:06:21.903+0000] {processor.py:179} INFO - Processing /opt/airflow/dags/redditdag.py took 0.117 seconds
[2025-06-08T10:07:15.612+0000] {processor.py:157} INFO - Started process (PID=784) to work on /opt/airflow/dags/redditdag.py
[2025-06-08T10:07:15.615+0000] {processor.py:829} INFO - Processing file /opt/airflow/dags/redditdag.py for tasks to queue
[2025-06-08T10:07:15.632+0000] {logging_mixin.py:151} INFO - [2025-06-08T10:07:15.631+0000] {dagbag.py:536} INFO - Filling up the DagBag from /opt/airflow/dags/redditdag.py
[2025-06-08T10:07:15.650+0000] {logging_mixin.py:151} INFO - [2025-06-08T10:07:15.646+0000] {dagbag.py:346} ERROR - Failed to import: /opt/airflow/dags/redditdag.py
Traceback (most recent call last):
  File "/home/airflow/.local/lib/python3.9/site-packages/airflow/models/dagbag.py", line 342, in parse
    loader.exec_module(new_module)
  File "<frozen importlib._bootstrap_external>", line 850, in exec_module
  File "<frozen importlib._bootstrap>", line 228, in _call_with_frames_removed
  File "/opt/airflow/dags/redditdag.py", line 5, in <module>
    from airflow.providers.standard.operators.python import PythonOperator
ModuleNotFoundError: No module named 'airflow.providers.standard'
[2025-06-08T10:07:15.650+0000] {processor.py:841} WARNING - No viable dags retrieved from /opt/airflow/dags/redditdag.py
[2025-06-08T10:07:15.681+0000] {processor.py:179} INFO - Processing /opt/airflow/dags/redditdag.py took 0.089 seconds
[2025-06-08T13:10:14.568+0000] {processor.py:157} INFO - Started process (PID=785) to work on /opt/airflow/dags/redditdag.py
[2025-06-08T13:10:14.574+0000] {processor.py:829} INFO - Processing file /opt/airflow/dags/redditdag.py for tasks to queue
[2025-06-08T13:10:14.589+0000] {logging_mixin.py:151} INFO - [2025-06-08T13:10:14.588+0000] {dagbag.py:536} INFO - Filling up the DagBag from /opt/airflow/dags/redditdag.py
[2025-06-08T13:10:14.605+0000] {logging_mixin.py:151} INFO - [2025-06-08T13:10:14.597+0000] {dagbag.py:346} ERROR - Failed to import: /opt/airflow/dags/redditdag.py
Traceback (most recent call last):
  File "/home/airflow/.local/lib/python3.9/site-packages/airflow/models/dagbag.py", line 342, in parse
    loader.exec_module(new_module)
  File "<frozen importlib._bootstrap_external>", line 850, in exec_module
  File "<frozen importlib._bootstrap>", line 228, in _call_with_frames_removed
  File "/opt/airflow/dags/redditdag.py", line 5, in <module>
    from airflow.providers.standard.operators.python import PythonOperator
ModuleNotFoundError: No module named 'airflow.providers.standard'
[2025-06-08T13:10:14.607+0000] {processor.py:841} WARNING - No viable dags retrieved from /opt/airflow/dags/redditdag.py
[2025-06-08T13:10:14.653+0000] {processor.py:179} INFO - Processing /opt/airflow/dags/redditdag.py took 0.106 seconds
[2025-06-08T13:46:25.083+0000] {processor.py:157} INFO - Started process (PID=786) to work on /opt/airflow/dags/redditdag.py
[2025-06-08T13:46:25.091+0000] {processor.py:829} INFO - Processing file /opt/airflow/dags/redditdag.py for tasks to queue
[2025-06-08T13:46:25.112+0000] {logging_mixin.py:151} INFO - [2025-06-08T13:46:25.109+0000] {dagbag.py:536} INFO - Filling up the DagBag from /opt/airflow/dags/redditdag.py
[2025-06-08T13:46:25.142+0000] {logging_mixin.py:151} INFO - [2025-06-08T13:46:25.138+0000] {dagbag.py:346} ERROR - Failed to import: /opt/airflow/dags/redditdag.py
Traceback (most recent call last):
  File "/home/airflow/.local/lib/python3.9/site-packages/airflow/models/dagbag.py", line 342, in parse
    loader.exec_module(new_module)
  File "<frozen importlib._bootstrap_external>", line 850, in exec_module
  File "<frozen importlib._bootstrap>", line 228, in _call_with_frames_removed
  File "/opt/airflow/dags/redditdag.py", line 5, in <module>
    from airflow.providers.standard.operators.python import PythonOperator
ModuleNotFoundError: No module named 'airflow.providers.standard'
[2025-06-08T13:46:25.143+0000] {processor.py:841} WARNING - No viable dags retrieved from /opt/airflow/dags/redditdag.py
[2025-06-08T13:46:25.213+0000] {processor.py:179} INFO - Processing /opt/airflow/dags/redditdag.py took 0.161 seconds
[2025-06-08T14:11:15.482+0000] {processor.py:157} INFO - Started process (PID=787) to work on /opt/airflow/dags/redditdag.py
[2025-06-08T14:11:15.485+0000] {processor.py:829} INFO - Processing file /opt/airflow/dags/redditdag.py for tasks to queue
[2025-06-08T14:11:15.492+0000] {logging_mixin.py:151} INFO - [2025-06-08T14:11:15.491+0000] {dagbag.py:536} INFO - Filling up the DagBag from /opt/airflow/dags/redditdag.py
[2025-06-08T14:11:15.509+0000] {logging_mixin.py:151} INFO - [2025-06-08T14:11:15.507+0000] {dagbag.py:346} ERROR - Failed to import: /opt/airflow/dags/redditdag.py
Traceback (most recent call last):
  File "/home/airflow/.local/lib/python3.9/site-packages/airflow/models/dagbag.py", line 342, in parse
    loader.exec_module(new_module)
  File "<frozen importlib._bootstrap_external>", line 850, in exec_module
  File "<frozen importlib._bootstrap>", line 228, in _call_with_frames_removed
  File "/opt/airflow/dags/redditdag.py", line 5, in <module>
    from airflow.providers.standard.operators.python import PythonOperator
ModuleNotFoundError: No module named 'airflow.providers.standard'
[2025-06-08T14:11:15.509+0000] {processor.py:841} WARNING - No viable dags retrieved from /opt/airflow/dags/redditdag.py
[2025-06-08T14:11:15.545+0000] {processor.py:179} INFO - Processing /opt/airflow/dags/redditdag.py took 0.072 seconds
[2025-06-08T15:12:21.518+0000] {processor.py:157} INFO - Started process (PID=788) to work on /opt/airflow/dags/redditdag.py
[2025-06-08T15:12:21.521+0000] {processor.py:829} INFO - Processing file /opt/airflow/dags/redditdag.py for tasks to queue
[2025-06-08T15:12:21.531+0000] {logging_mixin.py:151} INFO - [2025-06-08T15:12:21.530+0000] {dagbag.py:536} INFO - Filling up the DagBag from /opt/airflow/dags/redditdag.py
[2025-06-08T15:12:21.754+0000] {logging_mixin.py:151} INFO - [2025-06-08T15:12:21.746+0000] {dagbag.py:346} ERROR - Failed to import: /opt/airflow/dags/redditdag.py
Traceback (most recent call last):
  File "/home/airflow/.local/lib/python3.9/site-packages/airflow/models/dagbag.py", line 342, in parse
    loader.exec_module(new_module)
  File "<frozen importlib._bootstrap_external>", line 850, in exec_module
  File "<frozen importlib._bootstrap>", line 228, in _call_with_frames_removed
  File "/opt/airflow/dags/redditdag.py", line 5, in <module>
    from airflow.providers.standard.operators.python import PythonOperator
ModuleNotFoundError: No module named 'airflow.providers.standard'
[2025-06-08T15:12:21.755+0000] {processor.py:841} WARNING - No viable dags retrieved from /opt/airflow/dags/redditdag.py
[2025-06-08T15:12:21.790+0000] {processor.py:179} INFO - Processing /opt/airflow/dags/redditdag.py took 0.281 seconds
[2025-06-08T15:15:35.049+0000] {processor.py:157} INFO - Started process (PID=789) to work on /opt/airflow/dags/redditdag.py
[2025-06-08T15:15:35.052+0000] {processor.py:829} INFO - Processing file /opt/airflow/dags/redditdag.py for tasks to queue
[2025-06-08T15:15:35.065+0000] {logging_mixin.py:151} INFO - [2025-06-08T15:15:35.062+0000] {dagbag.py:536} INFO - Filling up the DagBag from /opt/airflow/dags/redditdag.py
[2025-06-08T15:15:35.088+0000] {logging_mixin.py:151} INFO - [2025-06-08T15:15:35.085+0000] {dagbag.py:346} ERROR - Failed to import: /opt/airflow/dags/redditdag.py
Traceback (most recent call last):
  File "/home/airflow/.local/lib/python3.9/site-packages/airflow/models/dagbag.py", line 342, in parse
    loader.exec_module(new_module)
  File "<frozen importlib._bootstrap_external>", line 850, in exec_module
  File "<frozen importlib._bootstrap>", line 228, in _call_with_frames_removed
  File "/opt/airflow/dags/redditdag.py", line 5, in <module>
    from airflow.providers.standard.operators.python import PythonOperator
ModuleNotFoundError: No module named 'airflow.providers.standard'
[2025-06-08T15:15:35.088+0000] {processor.py:841} WARNING - No viable dags retrieved from /opt/airflow/dags/redditdag.py
[2025-06-08T15:15:35.136+0000] {processor.py:179} INFO - Processing /opt/airflow/dags/redditdag.py took 0.110 seconds
[2025-06-08T15:16:05.438+0000] {processor.py:157} INFO - Started process (PID=790) to work on /opt/airflow/dags/redditdag.py
[2025-06-08T15:16:05.440+0000] {processor.py:829} INFO - Processing file /opt/airflow/dags/redditdag.py for tasks to queue
[2025-06-08T15:16:05.455+0000] {logging_mixin.py:151} INFO - [2025-06-08T15:16:05.453+0000] {dagbag.py:536} INFO - Filling up the DagBag from /opt/airflow/dags/redditdag.py
[2025-06-08T15:16:05.475+0000] {logging_mixin.py:151} INFO - [2025-06-08T15:16:05.473+0000] {dagbag.py:346} ERROR - Failed to import: /opt/airflow/dags/redditdag.py
Traceback (most recent call last):
  File "/home/airflow/.local/lib/python3.9/site-packages/airflow/models/dagbag.py", line 342, in parse
    loader.exec_module(new_module)
  File "<frozen importlib._bootstrap_external>", line 850, in exec_module
  File "<frozen importlib._bootstrap>", line 228, in _call_with_frames_removed
  File "/opt/airflow/dags/redditdag.py", line 5, in <module>
    from airflow.providers.standard.operators.python import PythonOperator
ModuleNotFoundError: No module named 'airflow.providers.standard'
[2025-06-08T15:16:05.475+0000] {processor.py:841} WARNING - No viable dags retrieved from /opt/airflow/dags/redditdag.py
[2025-06-08T15:16:05.506+0000] {processor.py:179} INFO - Processing /opt/airflow/dags/redditdag.py took 0.079 seconds
[2025-06-08T15:16:35.732+0000] {processor.py:157} INFO - Started process (PID=791) to work on /opt/airflow/dags/redditdag.py
[2025-06-08T15:16:35.734+0000] {processor.py:829} INFO - Processing file /opt/airflow/dags/redditdag.py for tasks to queue
[2025-06-08T15:16:35.736+0000] {logging_mixin.py:151} INFO - [2025-06-08T15:16:35.735+0000] {dagbag.py:536} INFO - Filling up the DagBag from /opt/airflow/dags/redditdag.py
[2025-06-08T15:16:35.740+0000] {logging_mixin.py:151} INFO - [2025-06-08T15:16:35.739+0000] {dagbag.py:346} ERROR - Failed to import: /opt/airflow/dags/redditdag.py
Traceback (most recent call last):
  File "/home/airflow/.local/lib/python3.9/site-packages/airflow/models/dagbag.py", line 342, in parse
    loader.exec_module(new_module)
  File "<frozen importlib._bootstrap_external>", line 850, in exec_module
  File "<frozen importlib._bootstrap>", line 228, in _call_with_frames_removed
  File "/opt/airflow/dags/redditdag.py", line 5, in <module>
    from airflow.providers.standard.operators.python import PythonOperator
ModuleNotFoundError: No module named 'airflow.providers.standard'
[2025-06-08T15:16:35.740+0000] {processor.py:841} WARNING - No viable dags retrieved from /opt/airflow/dags/redditdag.py
[2025-06-08T15:16:35.759+0000] {processor.py:179} INFO - Processing /opt/airflow/dags/redditdag.py took 0.030 seconds
[2025-06-08T15:17:06.054+0000] {processor.py:157} INFO - Started process (PID=792) to work on /opt/airflow/dags/redditdag.py
[2025-06-08T15:17:06.055+0000] {processor.py:829} INFO - Processing file /opt/airflow/dags/redditdag.py for tasks to queue
[2025-06-08T15:17:06.060+0000] {logging_mixin.py:151} INFO - [2025-06-08T15:17:06.059+0000] {dagbag.py:536} INFO - Filling up the DagBag from /opt/airflow/dags/redditdag.py
[2025-06-08T15:17:06.067+0000] {logging_mixin.py:151} INFO - [2025-06-08T15:17:06.066+0000] {dagbag.py:346} ERROR - Failed to import: /opt/airflow/dags/redditdag.py
Traceback (most recent call last):
  File "/home/airflow/.local/lib/python3.9/site-packages/airflow/models/dagbag.py", line 342, in parse
    loader.exec_module(new_module)
  File "<frozen importlib._bootstrap_external>", line 850, in exec_module
  File "<frozen importlib._bootstrap>", line 228, in _call_with_frames_removed
  File "/opt/airflow/dags/redditdag.py", line 5, in <module>
    from airflow.providers.standard.operators.python import PythonOperator
ModuleNotFoundError: No module named 'airflow.providers.standard'
[2025-06-08T15:17:06.068+0000] {processor.py:841} WARNING - No viable dags retrieved from /opt/airflow/dags/redditdag.py
[2025-06-08T15:17:06.098+0000] {processor.py:179} INFO - Processing /opt/airflow/dags/redditdag.py took 0.050 seconds
[2025-06-08T15:17:36.451+0000] {processor.py:157} INFO - Started process (PID=793) to work on /opt/airflow/dags/redditdag.py
[2025-06-08T15:17:36.454+0000] {processor.py:829} INFO - Processing file /opt/airflow/dags/redditdag.py for tasks to queue
[2025-06-08T15:17:36.456+0000] {logging_mixin.py:151} INFO - [2025-06-08T15:17:36.456+0000] {dagbag.py:536} INFO - Filling up the DagBag from /opt/airflow/dags/redditdag.py
[2025-06-08T15:17:36.462+0000] {logging_mixin.py:151} INFO - [2025-06-08T15:17:36.461+0000] {dagbag.py:346} ERROR - Failed to import: /opt/airflow/dags/redditdag.py
Traceback (most recent call last):
  File "/home/airflow/.local/lib/python3.9/site-packages/airflow/models/dagbag.py", line 342, in parse
    loader.exec_module(new_module)
  File "<frozen importlib._bootstrap_external>", line 850, in exec_module
  File "<frozen importlib._bootstrap>", line 228, in _call_with_frames_removed
  File "/opt/airflow/dags/redditdag.py", line 5, in <module>
    from airflow.providers.standard.operators.python import PythonOperator
ModuleNotFoundError: No module named 'airflow.providers.standard'
[2025-06-08T15:17:36.463+0000] {processor.py:841} WARNING - No viable dags retrieved from /opt/airflow/dags/redditdag.py
[2025-06-08T15:17:36.486+0000] {processor.py:179} INFO - Processing /opt/airflow/dags/redditdag.py took 0.039 seconds
[2025-06-08T15:18:06.869+0000] {processor.py:157} INFO - Started process (PID=794) to work on /opt/airflow/dags/redditdag.py
[2025-06-08T15:18:06.874+0000] {processor.py:829} INFO - Processing file /opt/airflow/dags/redditdag.py for tasks to queue
[2025-06-08T15:18:06.886+0000] {logging_mixin.py:151} INFO - [2025-06-08T15:18:06.885+0000] {dagbag.py:536} INFO - Filling up the DagBag from /opt/airflow/dags/redditdag.py
[2025-06-08T15:18:06.899+0000] {logging_mixin.py:151} INFO - [2025-06-08T15:18:06.896+0000] {dagbag.py:346} ERROR - Failed to import: /opt/airflow/dags/redditdag.py
Traceback (most recent call last):
  File "/home/airflow/.local/lib/python3.9/site-packages/airflow/models/dagbag.py", line 342, in parse
    loader.exec_module(new_module)
  File "<frozen importlib._bootstrap_external>", line 850, in exec_module
  File "<frozen importlib._bootstrap>", line 228, in _call_with_frames_removed
  File "/opt/airflow/dags/redditdag.py", line 5, in <module>
    from airflow.providers.standard.operators.python import PythonOperator
ModuleNotFoundError: No module named 'airflow.providers.standard'
[2025-06-08T15:18:06.899+0000] {processor.py:841} WARNING - No viable dags retrieved from /opt/airflow/dags/redditdag.py
[2025-06-08T15:18:06.954+0000] {processor.py:179} INFO - Processing /opt/airflow/dags/redditdag.py took 0.100 seconds
[2025-06-08T15:18:37.224+0000] {processor.py:157} INFO - Started process (PID=795) to work on /opt/airflow/dags/redditdag.py
[2025-06-08T15:18:37.227+0000] {processor.py:829} INFO - Processing file /opt/airflow/dags/redditdag.py for tasks to queue
[2025-06-08T15:18:37.234+0000] {logging_mixin.py:151} INFO - [2025-06-08T15:18:37.233+0000] {dagbag.py:536} INFO - Filling up the DagBag from /opt/airflow/dags/redditdag.py
[2025-06-08T15:18:37.250+0000] {logging_mixin.py:151} INFO - [2025-06-08T15:18:37.245+0000] {dagbag.py:346} ERROR - Failed to import: /opt/airflow/dags/redditdag.py
Traceback (most recent call last):
  File "/home/airflow/.local/lib/python3.9/site-packages/airflow/models/dagbag.py", line 342, in parse
    loader.exec_module(new_module)
  File "<frozen importlib._bootstrap_external>", line 850, in exec_module
  File "<frozen importlib._bootstrap>", line 228, in _call_with_frames_removed
  File "/opt/airflow/dags/redditdag.py", line 5, in <module>
    from airflow.providers.standard.operators.python import PythonOperator
ModuleNotFoundError: No module named 'airflow.providers.standard'
[2025-06-08T15:18:37.252+0000] {processor.py:841} WARNING - No viable dags retrieved from /opt/airflow/dags/redditdag.py
[2025-06-08T15:18:37.291+0000] {processor.py:179} INFO - Processing /opt/airflow/dags/redditdag.py took 0.076 seconds
[2025-06-08T15:19:07.638+0000] {processor.py:157} INFO - Started process (PID=796) to work on /opt/airflow/dags/redditdag.py
[2025-06-08T15:19:07.639+0000] {processor.py:829} INFO - Processing file /opt/airflow/dags/redditdag.py for tasks to queue
[2025-06-08T15:19:07.642+0000] {logging_mixin.py:151} INFO - [2025-06-08T15:19:07.642+0000] {dagbag.py:536} INFO - Filling up the DagBag from /opt/airflow/dags/redditdag.py
[2025-06-08T15:19:07.647+0000] {logging_mixin.py:151} INFO - [2025-06-08T15:19:07.646+0000] {dagbag.py:346} ERROR - Failed to import: /opt/airflow/dags/redditdag.py
Traceback (most recent call last):
  File "/home/airflow/.local/lib/python3.9/site-packages/airflow/models/dagbag.py", line 342, in parse
    loader.exec_module(new_module)
  File "<frozen importlib._bootstrap_external>", line 850, in exec_module
  File "<frozen importlib._bootstrap>", line 228, in _call_with_frames_removed
  File "/opt/airflow/dags/redditdag.py", line 5, in <module>
    from airflow.providers.standard.operators.python import PythonOperator
ModuleNotFoundError: No module named 'airflow.providers.standard'
[2025-06-08T15:19:07.647+0000] {processor.py:841} WARNING - No viable dags retrieved from /opt/airflow/dags/redditdag.py
[2025-06-08T15:19:07.679+0000] {processor.py:179} INFO - Processing /opt/airflow/dags/redditdag.py took 0.046 seconds
[2025-06-08T15:19:37.955+0000] {processor.py:157} INFO - Started process (PID=797) to work on /opt/airflow/dags/redditdag.py
[2025-06-08T15:19:37.957+0000] {processor.py:829} INFO - Processing file /opt/airflow/dags/redditdag.py for tasks to queue
[2025-06-08T15:19:37.960+0000] {logging_mixin.py:151} INFO - [2025-06-08T15:19:37.959+0000] {dagbag.py:536} INFO - Filling up the DagBag from /opt/airflow/dags/redditdag.py
[2025-06-08T15:19:37.965+0000] {logging_mixin.py:151} INFO - [2025-06-08T15:19:37.963+0000] {dagbag.py:346} ERROR - Failed to import: /opt/airflow/dags/redditdag.py
Traceback (most recent call last):
  File "/home/airflow/.local/lib/python3.9/site-packages/airflow/models/dagbag.py", line 342, in parse
    loader.exec_module(new_module)
  File "<frozen importlib._bootstrap_external>", line 850, in exec_module
  File "<frozen importlib._bootstrap>", line 228, in _call_with_frames_removed
  File "/opt/airflow/dags/redditdag.py", line 5, in <module>
    from airflow.providers.standard.operators.python import PythonOperator
ModuleNotFoundError: No module named 'airflow.providers.standard'
[2025-06-08T15:19:37.965+0000] {processor.py:841} WARNING - No viable dags retrieved from /opt/airflow/dags/redditdag.py
[2025-06-08T15:19:37.988+0000] {processor.py:179} INFO - Processing /opt/airflow/dags/redditdag.py took 0.038 seconds
[2025-06-08T15:20:08.306+0000] {processor.py:157} INFO - Started process (PID=798) to work on /opt/airflow/dags/redditdag.py
[2025-06-08T15:20:08.307+0000] {processor.py:829} INFO - Processing file /opt/airflow/dags/redditdag.py for tasks to queue
[2025-06-08T15:20:08.309+0000] {logging_mixin.py:151} INFO - [2025-06-08T15:20:08.309+0000] {dagbag.py:536} INFO - Filling up the DagBag from /opt/airflow/dags/redditdag.py
[2025-06-08T15:20:08.314+0000] {logging_mixin.py:151} INFO - [2025-06-08T15:20:08.313+0000] {dagbag.py:346} ERROR - Failed to import: /opt/airflow/dags/redditdag.py
Traceback (most recent call last):
  File "/home/airflow/.local/lib/python3.9/site-packages/airflow/models/dagbag.py", line 342, in parse
    loader.exec_module(new_module)
  File "<frozen importlib._bootstrap_external>", line 850, in exec_module
  File "<frozen importlib._bootstrap>", line 228, in _call_with_frames_removed
  File "/opt/airflow/dags/redditdag.py", line 5, in <module>
    from airflow.providers.standard.operators.python import PythonOperator
ModuleNotFoundError: No module named 'airflow.providers.standard'
[2025-06-08T15:20:08.314+0000] {processor.py:841} WARNING - No viable dags retrieved from /opt/airflow/dags/redditdag.py
[2025-06-08T15:20:08.336+0000] {processor.py:179} INFO - Processing /opt/airflow/dags/redditdag.py took 0.035 seconds
[2025-06-08T15:20:38.709+0000] {processor.py:157} INFO - Started process (PID=799) to work on /opt/airflow/dags/redditdag.py
[2025-06-08T15:20:38.711+0000] {processor.py:829} INFO - Processing file /opt/airflow/dags/redditdag.py for tasks to queue
[2025-06-08T15:20:38.718+0000] {logging_mixin.py:151} INFO - [2025-06-08T15:20:38.717+0000] {dagbag.py:536} INFO - Filling up the DagBag from /opt/airflow/dags/redditdag.py
[2025-06-08T15:20:38.728+0000] {logging_mixin.py:151} INFO - [2025-06-08T15:20:38.725+0000] {dagbag.py:346} ERROR - Failed to import: /opt/airflow/dags/redditdag.py
Traceback (most recent call last):
  File "/home/airflow/.local/lib/python3.9/site-packages/airflow/models/dagbag.py", line 342, in parse
    loader.exec_module(new_module)
  File "<frozen importlib._bootstrap_external>", line 850, in exec_module
  File "<frozen importlib._bootstrap>", line 228, in _call_with_frames_removed
  File "/opt/airflow/dags/redditdag.py", line 5, in <module>
    from airflow.providers.standard.operators.python import PythonOperator
ModuleNotFoundError: No module named 'airflow.providers.standard'
[2025-06-08T15:20:38.728+0000] {processor.py:841} WARNING - No viable dags retrieved from /opt/airflow/dags/redditdag.py
[2025-06-08T15:20:38.761+0000] {processor.py:179} INFO - Processing /opt/airflow/dags/redditdag.py took 0.061 seconds
[2025-06-08T15:21:09.145+0000] {processor.py:157} INFO - Started process (PID=800) to work on /opt/airflow/dags/redditdag.py
[2025-06-08T15:21:09.150+0000] {processor.py:829} INFO - Processing file /opt/airflow/dags/redditdag.py for tasks to queue
[2025-06-08T15:21:09.161+0000] {logging_mixin.py:151} INFO - [2025-06-08T15:21:09.160+0000] {dagbag.py:536} INFO - Filling up the DagBag from /opt/airflow/dags/redditdag.py
[2025-06-08T15:21:09.171+0000] {logging_mixin.py:151} INFO - [2025-06-08T15:21:09.169+0000] {dagbag.py:346} ERROR - Failed to import: /opt/airflow/dags/redditdag.py
Traceback (most recent call last):
  File "/home/airflow/.local/lib/python3.9/site-packages/airflow/models/dagbag.py", line 342, in parse
    loader.exec_module(new_module)
  File "<frozen importlib._bootstrap_external>", line 850, in exec_module
  File "<frozen importlib._bootstrap>", line 228, in _call_with_frames_removed
  File "/opt/airflow/dags/redditdag.py", line 5, in <module>
    from airflow.providers.standard.operators.python import PythonOperator
ModuleNotFoundError: No module named 'airflow.providers.standard'
[2025-06-08T15:21:09.173+0000] {processor.py:841} WARNING - No viable dags retrieved from /opt/airflow/dags/redditdag.py
[2025-06-08T15:21:09.204+0000] {processor.py:179} INFO - Processing /opt/airflow/dags/redditdag.py took 0.074 seconds
[2025-06-08T15:21:39.431+0000] {processor.py:157} INFO - Started process (PID=801) to work on /opt/airflow/dags/redditdag.py
[2025-06-08T15:21:39.433+0000] {processor.py:829} INFO - Processing file /opt/airflow/dags/redditdag.py for tasks to queue
[2025-06-08T15:21:39.434+0000] {logging_mixin.py:151} INFO - [2025-06-08T15:21:39.434+0000] {dagbag.py:536} INFO - Filling up the DagBag from /opt/airflow/dags/redditdag.py
[2025-06-08T15:21:39.438+0000] {logging_mixin.py:151} INFO - [2025-06-08T15:21:39.437+0000] {dagbag.py:346} ERROR - Failed to import: /opt/airflow/dags/redditdag.py
Traceback (most recent call last):
  File "/home/airflow/.local/lib/python3.9/site-packages/airflow/models/dagbag.py", line 342, in parse
    loader.exec_module(new_module)
  File "<frozen importlib._bootstrap_external>", line 850, in exec_module
  File "<frozen importlib._bootstrap>", line 228, in _call_with_frames_removed
  File "/opt/airflow/dags/redditdag.py", line 5, in <module>
    from airflow.providers.standard.operators.python import PythonOperator
ModuleNotFoundError: No module named 'airflow.providers.standard'
[2025-06-08T15:21:39.438+0000] {processor.py:841} WARNING - No viable dags retrieved from /opt/airflow/dags/redditdag.py
[2025-06-08T15:21:39.454+0000] {processor.py:179} INFO - Processing /opt/airflow/dags/redditdag.py took 0.027 seconds
[2025-06-08T15:22:09.805+0000] {processor.py:157} INFO - Started process (PID=802) to work on /opt/airflow/dags/redditdag.py
[2025-06-08T15:22:09.808+0000] {processor.py:829} INFO - Processing file /opt/airflow/dags/redditdag.py for tasks to queue
[2025-06-08T15:22:09.815+0000] {logging_mixin.py:151} INFO - [2025-06-08T15:22:09.814+0000] {dagbag.py:536} INFO - Filling up the DagBag from /opt/airflow/dags/redditdag.py
[2025-06-08T15:22:09.823+0000] {logging_mixin.py:151} INFO - [2025-06-08T15:22:09.821+0000] {dagbag.py:346} ERROR - Failed to import: /opt/airflow/dags/redditdag.py
Traceback (most recent call last):
  File "/home/airflow/.local/lib/python3.9/site-packages/airflow/models/dagbag.py", line 342, in parse
    loader.exec_module(new_module)
  File "<frozen importlib._bootstrap_external>", line 850, in exec_module
  File "<frozen importlib._bootstrap>", line 228, in _call_with_frames_removed
  File "/opt/airflow/dags/redditdag.py", line 5, in <module>
    from airflow.providers.standard.operators.python import PythonOperator
ModuleNotFoundError: No module named 'airflow.providers.standard'
[2025-06-08T15:22:09.823+0000] {processor.py:841} WARNING - No viable dags retrieved from /opt/airflow/dags/redditdag.py
[2025-06-08T15:22:09.847+0000] {processor.py:179} INFO - Processing /opt/airflow/dags/redditdag.py took 0.048 seconds
[2025-06-08T15:22:40.206+0000] {processor.py:157} INFO - Started process (PID=803) to work on /opt/airflow/dags/redditdag.py
[2025-06-08T15:22:40.209+0000] {processor.py:829} INFO - Processing file /opt/airflow/dags/redditdag.py for tasks to queue
[2025-06-08T15:22:40.215+0000] {logging_mixin.py:151} INFO - [2025-06-08T15:22:40.214+0000] {dagbag.py:536} INFO - Filling up the DagBag from /opt/airflow/dags/redditdag.py
[2025-06-08T15:22:40.221+0000] {logging_mixin.py:151} INFO - [2025-06-08T15:22:40.220+0000] {dagbag.py:346} ERROR - Failed to import: /opt/airflow/dags/redditdag.py
Traceback (most recent call last):
  File "/home/airflow/.local/lib/python3.9/site-packages/airflow/models/dagbag.py", line 342, in parse
    loader.exec_module(new_module)
  File "<frozen importlib._bootstrap_external>", line 850, in exec_module
  File "<frozen importlib._bootstrap>", line 228, in _call_with_frames_removed
  File "/opt/airflow/dags/redditdag.py", line 5, in <module>
    from airflow.providers.standard.operators.python import PythonOperator
ModuleNotFoundError: No module named 'airflow.providers.standard'
[2025-06-08T15:22:40.222+0000] {processor.py:841} WARNING - No viable dags retrieved from /opt/airflow/dags/redditdag.py
[2025-06-08T15:22:40.245+0000] {processor.py:179} INFO - Processing /opt/airflow/dags/redditdag.py took 0.044 seconds
[2025-06-08T15:23:10.537+0000] {processor.py:157} INFO - Started process (PID=804) to work on /opt/airflow/dags/redditdag.py
[2025-06-08T15:23:10.539+0000] {processor.py:829} INFO - Processing file /opt/airflow/dags/redditdag.py for tasks to queue
[2025-06-08T15:23:10.541+0000] {logging_mixin.py:151} INFO - [2025-06-08T15:23:10.541+0000] {dagbag.py:536} INFO - Filling up the DagBag from /opt/airflow/dags/redditdag.py
[2025-06-08T15:23:10.546+0000] {logging_mixin.py:151} INFO - [2025-06-08T15:23:10.545+0000] {dagbag.py:346} ERROR - Failed to import: /opt/airflow/dags/redditdag.py
Traceback (most recent call last):
  File "/home/airflow/.local/lib/python3.9/site-packages/airflow/models/dagbag.py", line 342, in parse
    loader.exec_module(new_module)
  File "<frozen importlib._bootstrap_external>", line 850, in exec_module
  File "<frozen importlib._bootstrap>", line 228, in _call_with_frames_removed
  File "/opt/airflow/dags/redditdag.py", line 5, in <module>
    from airflow.providers.standard.operators.python import PythonOperator
ModuleNotFoundError: No module named 'airflow.providers.standard'
[2025-06-08T15:23:10.547+0000] {processor.py:841} WARNING - No viable dags retrieved from /opt/airflow/dags/redditdag.py
[2025-06-08T15:23:10.564+0000] {processor.py:179} INFO - Processing /opt/airflow/dags/redditdag.py took 0.031 seconds
[2025-06-08T15:23:40.862+0000] {processor.py:157} INFO - Started process (PID=805) to work on /opt/airflow/dags/redditdag.py
[2025-06-08T15:23:40.864+0000] {processor.py:829} INFO - Processing file /opt/airflow/dags/redditdag.py for tasks to queue
[2025-06-08T15:23:40.866+0000] {logging_mixin.py:151} INFO - [2025-06-08T15:23:40.865+0000] {dagbag.py:536} INFO - Filling up the DagBag from /opt/airflow/dags/redditdag.py
[2025-06-08T15:23:40.870+0000] {logging_mixin.py:151} INFO - [2025-06-08T15:23:40.869+0000] {dagbag.py:346} ERROR - Failed to import: /opt/airflow/dags/redditdag.py
Traceback (most recent call last):
  File "/home/airflow/.local/lib/python3.9/site-packages/airflow/models/dagbag.py", line 342, in parse
    loader.exec_module(new_module)
  File "<frozen importlib._bootstrap_external>", line 850, in exec_module
  File "<frozen importlib._bootstrap>", line 228, in _call_with_frames_removed
  File "/opt/airflow/dags/redditdag.py", line 5, in <module>
    from airflow.providers.standard.operators.python import PythonOperator
ModuleNotFoundError: No module named 'airflow.providers.standard'
[2025-06-08T15:23:40.871+0000] {processor.py:841} WARNING - No viable dags retrieved from /opt/airflow/dags/redditdag.py
[2025-06-08T15:23:40.891+0000] {processor.py:179} INFO - Processing /opt/airflow/dags/redditdag.py took 0.033 seconds
[2025-06-08T15:24:11.197+0000] {processor.py:157} INFO - Started process (PID=806) to work on /opt/airflow/dags/redditdag.py
[2025-06-08T15:24:11.199+0000] {processor.py:829} INFO - Processing file /opt/airflow/dags/redditdag.py for tasks to queue
[2025-06-08T15:24:11.201+0000] {logging_mixin.py:151} INFO - [2025-06-08T15:24:11.201+0000] {dagbag.py:536} INFO - Filling up the DagBag from /opt/airflow/dags/redditdag.py
[2025-06-08T15:24:11.206+0000] {logging_mixin.py:151} INFO - [2025-06-08T15:24:11.205+0000] {dagbag.py:346} ERROR - Failed to import: /opt/airflow/dags/redditdag.py
Traceback (most recent call last):
  File "/home/airflow/.local/lib/python3.9/site-packages/airflow/models/dagbag.py", line 342, in parse
    loader.exec_module(new_module)
  File "<frozen importlib._bootstrap_external>", line 850, in exec_module
  File "<frozen importlib._bootstrap>", line 228, in _call_with_frames_removed
  File "/opt/airflow/dags/redditdag.py", line 5, in <module>
    from airflow.providers.standard.operators.python import PythonOperator
ModuleNotFoundError: No module named 'airflow.providers.standard'
[2025-06-08T15:24:11.206+0000] {processor.py:841} WARNING - No viable dags retrieved from /opt/airflow/dags/redditdag.py
[2025-06-08T15:24:11.225+0000] {processor.py:179} INFO - Processing /opt/airflow/dags/redditdag.py took 0.032 seconds
[2025-06-08T15:24:41.549+0000] {processor.py:157} INFO - Started process (PID=807) to work on /opt/airflow/dags/redditdag.py
[2025-06-08T15:24:41.551+0000] {processor.py:829} INFO - Processing file /opt/airflow/dags/redditdag.py for tasks to queue
[2025-06-08T15:24:41.553+0000] {logging_mixin.py:151} INFO - [2025-06-08T15:24:41.553+0000] {dagbag.py:536} INFO - Filling up the DagBag from /opt/airflow/dags/redditdag.py
[2025-06-08T15:24:41.558+0000] {logging_mixin.py:151} INFO - [2025-06-08T15:24:41.557+0000] {dagbag.py:346} ERROR - Failed to import: /opt/airflow/dags/redditdag.py
Traceback (most recent call last):
  File "/home/airflow/.local/lib/python3.9/site-packages/airflow/models/dagbag.py", line 342, in parse
    loader.exec_module(new_module)
  File "<frozen importlib._bootstrap_external>", line 850, in exec_module
  File "<frozen importlib._bootstrap>", line 228, in _call_with_frames_removed
  File "/opt/airflow/dags/redditdag.py", line 5, in <module>
    from airflow.providers.standard.operators.python import PythonOperator
ModuleNotFoundError: No module named 'airflow.providers.standard'
[2025-06-08T15:24:41.558+0000] {processor.py:841} WARNING - No viable dags retrieved from /opt/airflow/dags/redditdag.py
[2025-06-08T15:24:41.575+0000] {processor.py:179} INFO - Processing /opt/airflow/dags/redditdag.py took 0.030 seconds
[2025-06-08T15:25:11.884+0000] {processor.py:157} INFO - Started process (PID=808) to work on /opt/airflow/dags/redditdag.py
[2025-06-08T15:25:11.887+0000] {processor.py:829} INFO - Processing file /opt/airflow/dags/redditdag.py for tasks to queue
[2025-06-08T15:25:11.891+0000] {logging_mixin.py:151} INFO - [2025-06-08T15:25:11.890+0000] {dagbag.py:536} INFO - Filling up the DagBag from /opt/airflow/dags/redditdag.py
[2025-06-08T15:25:11.897+0000] {logging_mixin.py:151} INFO - [2025-06-08T15:25:11.896+0000] {dagbag.py:346} ERROR - Failed to import: /opt/airflow/dags/redditdag.py
Traceback (most recent call last):
  File "/home/airflow/.local/lib/python3.9/site-packages/airflow/models/dagbag.py", line 342, in parse
    loader.exec_module(new_module)
  File "<frozen importlib._bootstrap_external>", line 850, in exec_module
  File "<frozen importlib._bootstrap>", line 228, in _call_with_frames_removed
  File "/opt/airflow/dags/redditdag.py", line 5, in <module>
    from airflow.providers.standard.operators.python import PythonOperator
ModuleNotFoundError: No module named 'airflow.providers.standard'
[2025-06-08T15:25:11.898+0000] {processor.py:841} WARNING - No viable dags retrieved from /opt/airflow/dags/redditdag.py
[2025-06-08T15:25:11.924+0000] {processor.py:179} INFO - Processing /opt/airflow/dags/redditdag.py took 0.046 seconds
[2025-06-08T15:25:42.243+0000] {processor.py:157} INFO - Started process (PID=809) to work on /opt/airflow/dags/redditdag.py
[2025-06-08T15:25:42.246+0000] {processor.py:829} INFO - Processing file /opt/airflow/dags/redditdag.py for tasks to queue
[2025-06-08T15:25:42.248+0000] {logging_mixin.py:151} INFO - [2025-06-08T15:25:42.248+0000] {dagbag.py:536} INFO - Filling up the DagBag from /opt/airflow/dags/redditdag.py
[2025-06-08T15:25:42.251+0000] {logging_mixin.py:151} INFO - [2025-06-08T15:25:42.250+0000] {dagbag.py:346} ERROR - Failed to import: /opt/airflow/dags/redditdag.py
Traceback (most recent call last):
  File "/home/airflow/.local/lib/python3.9/site-packages/airflow/models/dagbag.py", line 342, in parse
    loader.exec_module(new_module)
  File "<frozen importlib._bootstrap_external>", line 850, in exec_module
  File "<frozen importlib._bootstrap>", line 228, in _call_with_frames_removed
  File "/opt/airflow/dags/redditdag.py", line 5, in <module>
    from airflow.providers.standard.operators.python import PythonOperator
ModuleNotFoundError: No module named 'airflow.providers.standard'
[2025-06-08T15:25:42.252+0000] {processor.py:841} WARNING - No viable dags retrieved from /opt/airflow/dags/redditdag.py
[2025-06-08T15:25:42.265+0000] {processor.py:179} INFO - Processing /opt/airflow/dags/redditdag.py took 0.025 seconds
[2025-06-08T15:26:12.604+0000] {processor.py:157} INFO - Started process (PID=810) to work on /opt/airflow/dags/redditdag.py
[2025-06-08T15:26:12.606+0000] {processor.py:829} INFO - Processing file /opt/airflow/dags/redditdag.py for tasks to queue
[2025-06-08T15:26:12.610+0000] {logging_mixin.py:151} INFO - [2025-06-08T15:26:12.610+0000] {dagbag.py:536} INFO - Filling up the DagBag from /opt/airflow/dags/redditdag.py
[2025-06-08T15:26:12.616+0000] {logging_mixin.py:151} INFO - [2025-06-08T15:26:12.615+0000] {dagbag.py:346} ERROR - Failed to import: /opt/airflow/dags/redditdag.py
Traceback (most recent call last):
  File "/home/airflow/.local/lib/python3.9/site-packages/airflow/models/dagbag.py", line 342, in parse
    loader.exec_module(new_module)
  File "<frozen importlib._bootstrap_external>", line 850, in exec_module
  File "<frozen importlib._bootstrap>", line 228, in _call_with_frames_removed
  File "/opt/airflow/dags/redditdag.py", line 5, in <module>
    from airflow.providers.standard.operators.python import PythonOperator
ModuleNotFoundError: No module named 'airflow.providers.standard'
[2025-06-08T15:26:12.616+0000] {processor.py:841} WARNING - No viable dags retrieved from /opt/airflow/dags/redditdag.py
[2025-06-08T15:26:12.639+0000] {processor.py:179} INFO - Processing /opt/airflow/dags/redditdag.py took 0.041 seconds
[2025-06-08T15:26:42.925+0000] {processor.py:157} INFO - Started process (PID=811) to work on /opt/airflow/dags/redditdag.py
[2025-06-08T15:26:42.927+0000] {processor.py:829} INFO - Processing file /opt/airflow/dags/redditdag.py for tasks to queue
[2025-06-08T15:26:42.930+0000] {logging_mixin.py:151} INFO - [2025-06-08T15:26:42.930+0000] {dagbag.py:536} INFO - Filling up the DagBag from /opt/airflow/dags/redditdag.py
[2025-06-08T15:26:42.935+0000] {logging_mixin.py:151} INFO - [2025-06-08T15:26:42.934+0000] {dagbag.py:346} ERROR - Failed to import: /opt/airflow/dags/redditdag.py
Traceback (most recent call last):
  File "/home/airflow/.local/lib/python3.9/site-packages/airflow/models/dagbag.py", line 342, in parse
    loader.exec_module(new_module)
  File "<frozen importlib._bootstrap_external>", line 850, in exec_module
  File "<frozen importlib._bootstrap>", line 228, in _call_with_frames_removed
  File "/opt/airflow/dags/redditdag.py", line 5, in <module>
    from airflow.providers.standard.operators.python import PythonOperator
ModuleNotFoundError: No module named 'airflow.providers.standard'
[2025-06-08T15:26:42.935+0000] {processor.py:841} WARNING - No viable dags retrieved from /opt/airflow/dags/redditdag.py
[2025-06-08T15:26:42.948+0000] {processor.py:179} INFO - Processing /opt/airflow/dags/redditdag.py took 0.028 seconds
[2025-06-08T15:27:13.270+0000] {processor.py:157} INFO - Started process (PID=812) to work on /opt/airflow/dags/redditdag.py
[2025-06-08T15:27:13.272+0000] {processor.py:829} INFO - Processing file /opt/airflow/dags/redditdag.py for tasks to queue
[2025-06-08T15:27:13.275+0000] {logging_mixin.py:151} INFO - [2025-06-08T15:27:13.274+0000] {dagbag.py:536} INFO - Filling up the DagBag from /opt/airflow/dags/redditdag.py
[2025-06-08T15:27:13.278+0000] {logging_mixin.py:151} INFO - [2025-06-08T15:27:13.277+0000] {dagbag.py:346} ERROR - Failed to import: /opt/airflow/dags/redditdag.py
Traceback (most recent call last):
  File "/home/airflow/.local/lib/python3.9/site-packages/airflow/models/dagbag.py", line 342, in parse
    loader.exec_module(new_module)
  File "<frozen importlib._bootstrap_external>", line 850, in exec_module
  File "<frozen importlib._bootstrap>", line 228, in _call_with_frames_removed
  File "/opt/airflow/dags/redditdag.py", line 5, in <module>
    from airflow.providers.standard.operators.python import PythonOperator
ModuleNotFoundError: No module named 'airflow.providers.standard'
[2025-06-08T15:27:13.279+0000] {processor.py:841} WARNING - No viable dags retrieved from /opt/airflow/dags/redditdag.py
[2025-06-08T15:27:13.298+0000] {processor.py:179} INFO - Processing /opt/airflow/dags/redditdag.py took 0.032 seconds
[2025-06-08T15:27:43.626+0000] {processor.py:157} INFO - Started process (PID=813) to work on /opt/airflow/dags/redditdag.py
[2025-06-08T15:27:43.627+0000] {processor.py:829} INFO - Processing file /opt/airflow/dags/redditdag.py for tasks to queue
[2025-06-08T15:27:43.630+0000] {logging_mixin.py:151} INFO - [2025-06-08T15:27:43.630+0000] {dagbag.py:536} INFO - Filling up the DagBag from /opt/airflow/dags/redditdag.py
[2025-06-08T15:27:43.635+0000] {logging_mixin.py:151} INFO - [2025-06-08T15:27:43.634+0000] {dagbag.py:346} ERROR - Failed to import: /opt/airflow/dags/redditdag.py
Traceback (most recent call last):
  File "/home/airflow/.local/lib/python3.9/site-packages/airflow/models/dagbag.py", line 342, in parse
    loader.exec_module(new_module)
  File "<frozen importlib._bootstrap_external>", line 850, in exec_module
  File "<frozen importlib._bootstrap>", line 228, in _call_with_frames_removed
  File "/opt/airflow/dags/redditdag.py", line 5, in <module>
    from airflow.providers.standard.operators.python import PythonOperator
ModuleNotFoundError: No module named 'airflow.providers.standard'
[2025-06-08T15:27:43.635+0000] {processor.py:841} WARNING - No viable dags retrieved from /opt/airflow/dags/redditdag.py
[2025-06-08T15:27:43.652+0000] {processor.py:179} INFO - Processing /opt/airflow/dags/redditdag.py took 0.030 seconds
[2025-06-08T15:31:57.962+0000] {processor.py:157} INFO - Started process (PID=814) to work on /opt/airflow/dags/redditdag.py
[2025-06-08T15:31:57.965+0000] {processor.py:829} INFO - Processing file /opt/airflow/dags/redditdag.py for tasks to queue
[2025-06-08T15:31:57.975+0000] {logging_mixin.py:151} INFO - [2025-06-08T15:31:57.975+0000] {dagbag.py:536} INFO - Filling up the DagBag from /opt/airflow/dags/redditdag.py
[2025-06-08T15:31:57.981+0000] {logging_mixin.py:151} INFO - [2025-06-08T15:31:57.980+0000] {dagbag.py:346} ERROR - Failed to import: /opt/airflow/dags/redditdag.py
Traceback (most recent call last):
  File "/home/airflow/.local/lib/python3.9/site-packages/airflow/models/dagbag.py", line 342, in parse
    loader.exec_module(new_module)
  File "<frozen importlib._bootstrap_external>", line 850, in exec_module
  File "<frozen importlib._bootstrap>", line 228, in _call_with_frames_removed
  File "/opt/airflow/dags/redditdag.py", line 5, in <module>
    from airflow.providers.standard.operators.python import PythonOperator
ModuleNotFoundError: No module named 'airflow.providers.standard'
[2025-06-08T15:31:57.982+0000] {processor.py:841} WARNING - No viable dags retrieved from /opt/airflow/dags/redditdag.py
[2025-06-08T15:31:58.004+0000] {processor.py:179} INFO - Processing /opt/airflow/dags/redditdag.py took 0.050 seconds
[2025-06-08T16:41:19.475+0000] {processor.py:157} INFO - Started process (PID=815) to work on /opt/airflow/dags/redditdag.py
[2025-06-08T16:41:19.484+0000] {processor.py:829} INFO - Processing file /opt/airflow/dags/redditdag.py for tasks to queue
[2025-06-08T16:41:19.488+0000] {logging_mixin.py:151} INFO - [2025-06-08T16:41:19.488+0000] {dagbag.py:536} INFO - Filling up the DagBag from /opt/airflow/dags/redditdag.py
[2025-06-08T16:41:19.497+0000] {logging_mixin.py:151} INFO - [2025-06-08T16:41:19.496+0000] {dagbag.py:346} ERROR - Failed to import: /opt/airflow/dags/redditdag.py
Traceback (most recent call last):
  File "/home/airflow/.local/lib/python3.9/site-packages/airflow/models/dagbag.py", line 342, in parse
    loader.exec_module(new_module)
  File "<frozen importlib._bootstrap_external>", line 850, in exec_module
  File "<frozen importlib._bootstrap>", line 228, in _call_with_frames_removed
  File "/opt/airflow/dags/redditdag.py", line 5, in <module>
    from airflow.providers.standard.operators.python import PythonOperator
ModuleNotFoundError: No module named 'airflow.providers.standard'
[2025-06-08T16:41:19.498+0000] {processor.py:841} WARNING - No viable dags retrieved from /opt/airflow/dags/redditdag.py
[2025-06-08T16:41:19.882+0000] {processor.py:179} INFO - Processing /opt/airflow/dags/redditdag.py took 0.412 seconds
[2025-06-08T17:40:30.300+0000] {processor.py:157} INFO - Started process (PID=816) to work on /opt/airflow/dags/redditdag.py
[2025-06-08T17:40:30.303+0000] {processor.py:829} INFO - Processing file /opt/airflow/dags/redditdag.py for tasks to queue
[2025-06-08T17:40:30.307+0000] {logging_mixin.py:151} INFO - [2025-06-08T17:40:30.307+0000] {dagbag.py:536} INFO - Filling up the DagBag from /opt/airflow/dags/redditdag.py
[2025-06-08T17:40:30.312+0000] {logging_mixin.py:151} INFO - [2025-06-08T17:40:30.311+0000] {dagbag.py:346} ERROR - Failed to import: /opt/airflow/dags/redditdag.py
Traceback (most recent call last):
  File "/home/airflow/.local/lib/python3.9/site-packages/airflow/models/dagbag.py", line 342, in parse
    loader.exec_module(new_module)
  File "<frozen importlib._bootstrap_external>", line 850, in exec_module
  File "<frozen importlib._bootstrap>", line 228, in _call_with_frames_removed
  File "/opt/airflow/dags/redditdag.py", line 5, in <module>
    from airflow.providers.standard.operators.python import PythonOperator
ModuleNotFoundError: No module named 'airflow.providers.standard'
[2025-06-08T17:40:30.313+0000] {processor.py:841} WARNING - No viable dags retrieved from /opt/airflow/dags/redditdag.py
[2025-06-08T17:40:30.336+0000] {processor.py:179} INFO - Processing /opt/airflow/dags/redditdag.py took 0.041 seconds
[2025-06-08T18:03:35.054+0000] {processor.py:157} INFO - Started process (PID=817) to work on /opt/airflow/dags/redditdag.py
[2025-06-08T18:03:35.057+0000] {processor.py:829} INFO - Processing file /opt/airflow/dags/redditdag.py for tasks to queue
[2025-06-08T18:03:35.066+0000] {logging_mixin.py:151} INFO - [2025-06-08T18:03:35.065+0000] {dagbag.py:536} INFO - Filling up the DagBag from /opt/airflow/dags/redditdag.py
[2025-06-08T18:03:35.074+0000] {logging_mixin.py:151} INFO - [2025-06-08T18:03:35.072+0000] {dagbag.py:346} ERROR - Failed to import: /opt/airflow/dags/redditdag.py
Traceback (most recent call last):
  File "/home/airflow/.local/lib/python3.9/site-packages/airflow/models/dagbag.py", line 342, in parse
    loader.exec_module(new_module)
  File "<frozen importlib._bootstrap_external>", line 850, in exec_module
  File "<frozen importlib._bootstrap>", line 228, in _call_with_frames_removed
  File "/opt/airflow/dags/redditdag.py", line 5, in <module>
    from airflow.providers.standard.operators.python import PythonOperator
ModuleNotFoundError: No module named 'airflow.providers.standard'
[2025-06-08T18:03:35.075+0000] {processor.py:841} WARNING - No viable dags retrieved from /opt/airflow/dags/redditdag.py
[2025-06-08T18:03:35.123+0000] {processor.py:179} INFO - Processing /opt/airflow/dags/redditdag.py took 0.095 seconds
[2025-06-08T18:04:05.413+0000] {processor.py:157} INFO - Started process (PID=818) to work on /opt/airflow/dags/redditdag.py
[2025-06-08T18:04:05.415+0000] {processor.py:829} INFO - Processing file /opt/airflow/dags/redditdag.py for tasks to queue
[2025-06-08T18:04:05.421+0000] {logging_mixin.py:151} INFO - [2025-06-08T18:04:05.421+0000] {dagbag.py:536} INFO - Filling up the DagBag from /opt/airflow/dags/redditdag.py
[2025-06-08T18:04:05.430+0000] {logging_mixin.py:151} INFO - [2025-06-08T18:04:05.428+0000] {dagbag.py:346} ERROR - Failed to import: /opt/airflow/dags/redditdag.py
Traceback (most recent call last):
  File "/home/airflow/.local/lib/python3.9/site-packages/airflow/models/dagbag.py", line 342, in parse
    loader.exec_module(new_module)
  File "<frozen importlib._bootstrap_external>", line 850, in exec_module
  File "<frozen importlib._bootstrap>", line 228, in _call_with_frames_removed
  File "/opt/airflow/dags/redditdag.py", line 5, in <module>
    from airflow.providers.standard.operators.python import PythonOperator
ModuleNotFoundError: No module named 'airflow.providers.standard'
[2025-06-08T18:04:05.431+0000] {processor.py:841} WARNING - No viable dags retrieved from /opt/airflow/dags/redditdag.py
[2025-06-08T18:04:05.471+0000] {processor.py:179} INFO - Processing /opt/airflow/dags/redditdag.py took 0.069 seconds
[2025-06-08T18:04:35.796+0000] {processor.py:157} INFO - Started process (PID=819) to work on /opt/airflow/dags/redditdag.py
[2025-06-08T18:04:35.799+0000] {processor.py:829} INFO - Processing file /opt/airflow/dags/redditdag.py for tasks to queue
[2025-06-08T18:04:35.807+0000] {logging_mixin.py:151} INFO - [2025-06-08T18:04:35.806+0000] {dagbag.py:536} INFO - Filling up the DagBag from /opt/airflow/dags/redditdag.py
[2025-06-08T18:04:35.832+0000] {logging_mixin.py:151} INFO - [2025-06-08T18:04:35.829+0000] {dagbag.py:346} ERROR - Failed to import: /opt/airflow/dags/redditdag.py
Traceback (most recent call last):
  File "/home/airflow/.local/lib/python3.9/site-packages/airflow/models/dagbag.py", line 342, in parse
    loader.exec_module(new_module)
  File "<frozen importlib._bootstrap_external>", line 850, in exec_module
  File "<frozen importlib._bootstrap>", line 228, in _call_with_frames_removed
  File "/opt/airflow/dags/redditdag.py", line 5, in <module>
    from airflow.providers.standard.operators.python import PythonOperator
ModuleNotFoundError: No module named 'airflow.providers.standard'
[2025-06-08T18:04:35.833+0000] {processor.py:841} WARNING - No viable dags retrieved from /opt/airflow/dags/redditdag.py
[2025-06-08T18:04:35.870+0000] {processor.py:179} INFO - Processing /opt/airflow/dags/redditdag.py took 0.084 seconds
[2025-06-08T18:05:06.121+0000] {processor.py:157} INFO - Started process (PID=820) to work on /opt/airflow/dags/redditdag.py
[2025-06-08T18:05:06.123+0000] {processor.py:829} INFO - Processing file /opt/airflow/dags/redditdag.py for tasks to queue
[2025-06-08T18:05:06.124+0000] {logging_mixin.py:151} INFO - [2025-06-08T18:05:06.124+0000] {dagbag.py:536} INFO - Filling up the DagBag from /opt/airflow/dags/redditdag.py
[2025-06-08T18:05:06.127+0000] {logging_mixin.py:151} INFO - [2025-06-08T18:05:06.126+0000] {dagbag.py:346} ERROR - Failed to import: /opt/airflow/dags/redditdag.py
Traceback (most recent call last):
  File "/home/airflow/.local/lib/python3.9/site-packages/airflow/models/dagbag.py", line 342, in parse
    loader.exec_module(new_module)
  File "<frozen importlib._bootstrap_external>", line 850, in exec_module
  File "<frozen importlib._bootstrap>", line 228, in _call_with_frames_removed
  File "/opt/airflow/dags/redditdag.py", line 5, in <module>
    from airflow.providers.standard.operators.python import PythonOperator
ModuleNotFoundError: No module named 'airflow.providers.standard'
[2025-06-08T18:05:06.127+0000] {processor.py:841} WARNING - No viable dags retrieved from /opt/airflow/dags/redditdag.py
[2025-06-08T18:05:06.144+0000] {processor.py:179} INFO - Processing /opt/airflow/dags/redditdag.py took 0.027 seconds
[2025-06-08T18:05:36.624+0000] {processor.py:157} INFO - Started process (PID=821) to work on /opt/airflow/dags/redditdag.py
[2025-06-08T18:05:36.628+0000] {processor.py:829} INFO - Processing file /opt/airflow/dags/redditdag.py for tasks to queue
[2025-06-08T18:05:36.638+0000] {logging_mixin.py:151} INFO - [2025-06-08T18:05:36.637+0000] {dagbag.py:536} INFO - Filling up the DagBag from /opt/airflow/dags/redditdag.py
[2025-06-08T18:05:36.654+0000] {logging_mixin.py:151} INFO - [2025-06-08T18:05:36.650+0000] {dagbag.py:346} ERROR - Failed to import: /opt/airflow/dags/redditdag.py
Traceback (most recent call last):
  File "/home/airflow/.local/lib/python3.9/site-packages/airflow/models/dagbag.py", line 342, in parse
    loader.exec_module(new_module)
  File "<frozen importlib._bootstrap_external>", line 850, in exec_module
  File "<frozen importlib._bootstrap>", line 228, in _call_with_frames_removed
  File "/opt/airflow/dags/redditdag.py", line 5, in <module>
    from airflow.providers.standard.operators.python import PythonOperator
ModuleNotFoundError: No module named 'airflow.providers.standard'
[2025-06-08T18:05:36.655+0000] {processor.py:841} WARNING - No viable dags retrieved from /opt/airflow/dags/redditdag.py
[2025-06-08T18:05:36.697+0000] {processor.py:179} INFO - Processing /opt/airflow/dags/redditdag.py took 0.087 seconds
[2025-06-08T18:06:06.960+0000] {processor.py:157} INFO - Started process (PID=822) to work on /opt/airflow/dags/redditdag.py
[2025-06-08T18:06:06.964+0000] {processor.py:829} INFO - Processing file /opt/airflow/dags/redditdag.py for tasks to queue
[2025-06-08T18:06:06.967+0000] {logging_mixin.py:151} INFO - [2025-06-08T18:06:06.966+0000] {dagbag.py:536} INFO - Filling up the DagBag from /opt/airflow/dags/redditdag.py
[2025-06-08T18:06:06.971+0000] {logging_mixin.py:151} INFO - [2025-06-08T18:06:06.970+0000] {dagbag.py:346} ERROR - Failed to import: /opt/airflow/dags/redditdag.py
Traceback (most recent call last):
  File "/home/airflow/.local/lib/python3.9/site-packages/airflow/models/dagbag.py", line 342, in parse
    loader.exec_module(new_module)
  File "<frozen importlib._bootstrap_external>", line 850, in exec_module
  File "<frozen importlib._bootstrap>", line 228, in _call_with_frames_removed
  File "/opt/airflow/dags/redditdag.py", line 5, in <module>
    from airflow.providers.standard.operators.python import PythonOperator
ModuleNotFoundError: No module named 'airflow.providers.standard'
[2025-06-08T18:06:06.971+0000] {processor.py:841} WARNING - No viable dags retrieved from /opt/airflow/dags/redditdag.py
[2025-06-08T18:06:06.989+0000] {processor.py:179} INFO - Processing /opt/airflow/dags/redditdag.py took 0.035 seconds
[2025-06-08T18:06:37.352+0000] {processor.py:157} INFO - Started process (PID=823) to work on /opt/airflow/dags/redditdag.py
[2025-06-08T18:06:37.356+0000] {processor.py:829} INFO - Processing file /opt/airflow/dags/redditdag.py for tasks to queue
[2025-06-08T18:06:37.371+0000] {logging_mixin.py:151} INFO - [2025-06-08T18:06:37.368+0000] {dagbag.py:536} INFO - Filling up the DagBag from /opt/airflow/dags/redditdag.py
[2025-06-08T18:06:37.396+0000] {logging_mixin.py:151} INFO - [2025-06-08T18:06:37.394+0000] {dagbag.py:346} ERROR - Failed to import: /opt/airflow/dags/redditdag.py
Traceback (most recent call last):
  File "/home/airflow/.local/lib/python3.9/site-packages/airflow/models/dagbag.py", line 342, in parse
    loader.exec_module(new_module)
  File "<frozen importlib._bootstrap_external>", line 850, in exec_module
  File "<frozen importlib._bootstrap>", line 228, in _call_with_frames_removed
  File "/opt/airflow/dags/redditdag.py", line 5, in <module>
    from airflow.providers.standard.operators.python import PythonOperator
ModuleNotFoundError: No module named 'airflow.providers.standard'
[2025-06-08T18:06:37.396+0000] {processor.py:841} WARNING - No viable dags retrieved from /opt/airflow/dags/redditdag.py
[2025-06-08T18:06:37.431+0000] {processor.py:179} INFO - Processing /opt/airflow/dags/redditdag.py took 0.088 seconds
[2025-06-08T18:07:07.689+0000] {processor.py:157} INFO - Started process (PID=824) to work on /opt/airflow/dags/redditdag.py
[2025-06-08T18:07:07.691+0000] {processor.py:829} INFO - Processing file /opt/airflow/dags/redditdag.py for tasks to queue
[2025-06-08T18:07:07.699+0000] {logging_mixin.py:151} INFO - [2025-06-08T18:07:07.699+0000] {dagbag.py:536} INFO - Filling up the DagBag from /opt/airflow/dags/redditdag.py
[2025-06-08T18:07:07.704+0000] {logging_mixin.py:151} INFO - [2025-06-08T18:07:07.703+0000] {dagbag.py:346} ERROR - Failed to import: /opt/airflow/dags/redditdag.py
Traceback (most recent call last):
  File "/home/airflow/.local/lib/python3.9/site-packages/airflow/models/dagbag.py", line 342, in parse
    loader.exec_module(new_module)
  File "<frozen importlib._bootstrap_external>", line 850, in exec_module
  File "<frozen importlib._bootstrap>", line 228, in _call_with_frames_removed
  File "/opt/airflow/dags/redditdag.py", line 5, in <module>
    from airflow.providers.standard.operators.python import PythonOperator
ModuleNotFoundError: No module named 'airflow.providers.standard'
[2025-06-08T18:07:07.705+0000] {processor.py:841} WARNING - No viable dags retrieved from /opt/airflow/dags/redditdag.py
[2025-06-08T18:07:07.739+0000] {processor.py:179} INFO - Processing /opt/airflow/dags/redditdag.py took 0.056 seconds
[2025-06-08T18:07:38.084+0000] {processor.py:157} INFO - Started process (PID=825) to work on /opt/airflow/dags/redditdag.py
[2025-06-08T18:07:38.087+0000] {processor.py:829} INFO - Processing file /opt/airflow/dags/redditdag.py for tasks to queue
[2025-06-08T18:07:38.094+0000] {logging_mixin.py:151} INFO - [2025-06-08T18:07:38.093+0000] {dagbag.py:536} INFO - Filling up the DagBag from /opt/airflow/dags/redditdag.py
[2025-06-08T18:07:38.101+0000] {logging_mixin.py:151} INFO - [2025-06-08T18:07:38.099+0000] {dagbag.py:346} ERROR - Failed to import: /opt/airflow/dags/redditdag.py
Traceback (most recent call last):
  File "/home/airflow/.local/lib/python3.9/site-packages/airflow/models/dagbag.py", line 342, in parse
    loader.exec_module(new_module)
  File "<frozen importlib._bootstrap_external>", line 850, in exec_module
  File "<frozen importlib._bootstrap>", line 228, in _call_with_frames_removed
  File "/opt/airflow/dags/redditdag.py", line 5, in <module>
    from airflow.providers.standard.operators.python import PythonOperator
ModuleNotFoundError: No module named 'airflow.providers.standard'
[2025-06-08T18:07:38.101+0000] {processor.py:841} WARNING - No viable dags retrieved from /opt/airflow/dags/redditdag.py
[2025-06-08T18:07:38.128+0000] {processor.py:179} INFO - Processing /opt/airflow/dags/redditdag.py took 0.050 seconds
[2025-06-08T18:08:08.379+0000] {processor.py:157} INFO - Started process (PID=826) to work on /opt/airflow/dags/redditdag.py
[2025-06-08T18:08:08.381+0000] {processor.py:829} INFO - Processing file /opt/airflow/dags/redditdag.py for tasks to queue
[2025-06-08T18:08:08.385+0000] {logging_mixin.py:151} INFO - [2025-06-08T18:08:08.385+0000] {dagbag.py:536} INFO - Filling up the DagBag from /opt/airflow/dags/redditdag.py
[2025-06-08T18:08:08.390+0000] {logging_mixin.py:151} INFO - [2025-06-08T18:08:08.389+0000] {dagbag.py:346} ERROR - Failed to import: /opt/airflow/dags/redditdag.py
Traceback (most recent call last):
  File "/home/airflow/.local/lib/python3.9/site-packages/airflow/models/dagbag.py", line 342, in parse
    loader.exec_module(new_module)
  File "<frozen importlib._bootstrap_external>", line 850, in exec_module
  File "<frozen importlib._bootstrap>", line 228, in _call_with_frames_removed
  File "/opt/airflow/dags/redditdag.py", line 5, in <module>
    from airflow.providers.standard.operators.python import PythonOperator
ModuleNotFoundError: No module named 'airflow.providers.standard'
[2025-06-08T18:08:08.390+0000] {processor.py:841} WARNING - No viable dags retrieved from /opt/airflow/dags/redditdag.py
[2025-06-08T18:08:08.416+0000] {processor.py:179} INFO - Processing /opt/airflow/dags/redditdag.py took 0.043 seconds
[2025-06-08T18:08:38.771+0000] {processor.py:157} INFO - Started process (PID=827) to work on /opt/airflow/dags/redditdag.py
[2025-06-08T18:08:38.774+0000] {processor.py:829} INFO - Processing file /opt/airflow/dags/redditdag.py for tasks to queue
[2025-06-08T18:08:38.778+0000] {logging_mixin.py:151} INFO - [2025-06-08T18:08:38.777+0000] {dagbag.py:536} INFO - Filling up the DagBag from /opt/airflow/dags/redditdag.py
[2025-06-08T18:08:38.784+0000] {logging_mixin.py:151} INFO - [2025-06-08T18:08:38.782+0000] {dagbag.py:346} ERROR - Failed to import: /opt/airflow/dags/redditdag.py
Traceback (most recent call last):
  File "/home/airflow/.local/lib/python3.9/site-packages/airflow/models/dagbag.py", line 342, in parse
    loader.exec_module(new_module)
  File "<frozen importlib._bootstrap_external>", line 850, in exec_module
  File "<frozen importlib._bootstrap>", line 228, in _call_with_frames_removed
  File "/opt/airflow/dags/redditdag.py", line 5, in <module>
    from airflow.providers.standard.operators.python import PythonOperator
ModuleNotFoundError: No module named 'airflow.providers.standard'
[2025-06-08T18:08:38.784+0000] {processor.py:841} WARNING - No viable dags retrieved from /opt/airflow/dags/redditdag.py
[2025-06-08T18:08:38.806+0000] {processor.py:179} INFO - Processing /opt/airflow/dags/redditdag.py took 0.040 seconds
[2025-06-08T18:09:09.125+0000] {processor.py:157} INFO - Started process (PID=828) to work on /opt/airflow/dags/redditdag.py
[2025-06-08T18:09:09.127+0000] {processor.py:829} INFO - Processing file /opt/airflow/dags/redditdag.py for tasks to queue
[2025-06-08T18:09:09.130+0000] {logging_mixin.py:151} INFO - [2025-06-08T18:09:09.130+0000] {dagbag.py:536} INFO - Filling up the DagBag from /opt/airflow/dags/redditdag.py
[2025-06-08T18:09:09.135+0000] {logging_mixin.py:151} INFO - [2025-06-08T18:09:09.133+0000] {dagbag.py:346} ERROR - Failed to import: /opt/airflow/dags/redditdag.py
Traceback (most recent call last):
  File "/home/airflow/.local/lib/python3.9/site-packages/airflow/models/dagbag.py", line 342, in parse
    loader.exec_module(new_module)
  File "<frozen importlib._bootstrap_external>", line 850, in exec_module
  File "<frozen importlib._bootstrap>", line 228, in _call_with_frames_removed
  File "/opt/airflow/dags/redditdag.py", line 5, in <module>
    from airflow.providers.standard.operators.python import PythonOperator
ModuleNotFoundError: No module named 'airflow.providers.standard'
[2025-06-08T18:09:09.135+0000] {processor.py:841} WARNING - No viable dags retrieved from /opt/airflow/dags/redditdag.py
[2025-06-08T18:09:09.158+0000] {processor.py:179} INFO - Processing /opt/airflow/dags/redditdag.py took 0.037 seconds
[2025-06-08T18:09:39.601+0000] {processor.py:157} INFO - Started process (PID=829) to work on /opt/airflow/dags/redditdag.py
[2025-06-08T18:09:39.605+0000] {processor.py:829} INFO - Processing file /opt/airflow/dags/redditdag.py for tasks to queue
[2025-06-08T18:09:39.611+0000] {logging_mixin.py:151} INFO - [2025-06-08T18:09:39.611+0000] {dagbag.py:536} INFO - Filling up the DagBag from /opt/airflow/dags/redditdag.py
[2025-06-08T18:09:39.619+0000] {logging_mixin.py:151} INFO - [2025-06-08T18:09:39.617+0000] {dagbag.py:346} ERROR - Failed to import: /opt/airflow/dags/redditdag.py
Traceback (most recent call last):
  File "/home/airflow/.local/lib/python3.9/site-packages/airflow/models/dagbag.py", line 342, in parse
    loader.exec_module(new_module)
  File "<frozen importlib._bootstrap_external>", line 850, in exec_module
  File "<frozen importlib._bootstrap>", line 228, in _call_with_frames_removed
  File "/opt/airflow/dags/redditdag.py", line 5, in <module>
    from airflow.providers.standard.operators.python import PythonOperator
ModuleNotFoundError: No module named 'airflow.providers.standard'
[2025-06-08T18:09:39.619+0000] {processor.py:841} WARNING - No viable dags retrieved from /opt/airflow/dags/redditdag.py
[2025-06-08T18:09:39.646+0000] {processor.py:179} INFO - Processing /opt/airflow/dags/redditdag.py took 0.064 seconds
[2025-06-08T18:10:09.936+0000] {processor.py:157} INFO - Started process (PID=830) to work on /opt/airflow/dags/redditdag.py
[2025-06-08T18:10:09.939+0000] {processor.py:829} INFO - Processing file /opt/airflow/dags/redditdag.py for tasks to queue
[2025-06-08T18:10:09.941+0000] {logging_mixin.py:151} INFO - [2025-06-08T18:10:09.940+0000] {dagbag.py:536} INFO - Filling up the DagBag from /opt/airflow/dags/redditdag.py
[2025-06-08T18:10:09.944+0000] {logging_mixin.py:151} INFO - [2025-06-08T18:10:09.943+0000] {dagbag.py:346} ERROR - Failed to import: /opt/airflow/dags/redditdag.py
Traceback (most recent call last):
  File "/home/airflow/.local/lib/python3.9/site-packages/airflow/models/dagbag.py", line 342, in parse
    loader.exec_module(new_module)
  File "<frozen importlib._bootstrap_external>", line 850, in exec_module
  File "<frozen importlib._bootstrap>", line 228, in _call_with_frames_removed
  File "/opt/airflow/dags/redditdag.py", line 5, in <module>
    from airflow.providers.standard.operators.python import PythonOperator
ModuleNotFoundError: No module named 'airflow.providers.standard'
[2025-06-08T18:10:09.944+0000] {processor.py:841} WARNING - No viable dags retrieved from /opt/airflow/dags/redditdag.py
[2025-06-08T18:10:09.958+0000] {processor.py:179} INFO - Processing /opt/airflow/dags/redditdag.py took 0.023 seconds
[2025-06-08T18:10:40.258+0000] {processor.py:157} INFO - Started process (PID=831) to work on /opt/airflow/dags/redditdag.py
[2025-06-08T18:10:40.260+0000] {processor.py:829} INFO - Processing file /opt/airflow/dags/redditdag.py for tasks to queue
[2025-06-08T18:10:40.264+0000] {logging_mixin.py:151} INFO - [2025-06-08T18:10:40.263+0000] {dagbag.py:536} INFO - Filling up the DagBag from /opt/airflow/dags/redditdag.py
[2025-06-08T18:10:40.268+0000] {logging_mixin.py:151} INFO - [2025-06-08T18:10:40.267+0000] {dagbag.py:346} ERROR - Failed to import: /opt/airflow/dags/redditdag.py
Traceback (most recent call last):
  File "/home/airflow/.local/lib/python3.9/site-packages/airflow/models/dagbag.py", line 342, in parse
    loader.exec_module(new_module)
  File "<frozen importlib._bootstrap_external>", line 850, in exec_module
  File "<frozen importlib._bootstrap>", line 228, in _call_with_frames_removed
  File "/opt/airflow/dags/redditdag.py", line 5, in <module>
    from airflow.providers.standard.operators.python import PythonOperator
ModuleNotFoundError: No module named 'airflow.providers.standard'
[2025-06-08T18:10:40.269+0000] {processor.py:841} WARNING - No viable dags retrieved from /opt/airflow/dags/redditdag.py
[2025-06-08T18:10:40.318+0000] {processor.py:179} INFO - Processing /opt/airflow/dags/redditdag.py took 0.065 seconds
[2025-06-08T18:11:10.672+0000] {processor.py:157} INFO - Started process (PID=832) to work on /opt/airflow/dags/redditdag.py
[2025-06-08T18:11:10.676+0000] {processor.py:829} INFO - Processing file /opt/airflow/dags/redditdag.py for tasks to queue
[2025-06-08T18:11:10.683+0000] {logging_mixin.py:151} INFO - [2025-06-08T18:11:10.682+0000] {dagbag.py:536} INFO - Filling up the DagBag from /opt/airflow/dags/redditdag.py
[2025-06-08T18:11:10.690+0000] {logging_mixin.py:151} INFO - [2025-06-08T18:11:10.688+0000] {dagbag.py:346} ERROR - Failed to import: /opt/airflow/dags/redditdag.py
Traceback (most recent call last):
  File "/home/airflow/.local/lib/python3.9/site-packages/airflow/models/dagbag.py", line 342, in parse
    loader.exec_module(new_module)
  File "<frozen importlib._bootstrap_external>", line 850, in exec_module
  File "<frozen importlib._bootstrap>", line 228, in _call_with_frames_removed
  File "/opt/airflow/dags/redditdag.py", line 5, in <module>
    from airflow.providers.standard.operators.python import PythonOperator
ModuleNotFoundError: No module named 'airflow.providers.standard'
[2025-06-08T18:11:10.691+0000] {processor.py:841} WARNING - No viable dags retrieved from /opt/airflow/dags/redditdag.py
[2025-06-08T18:11:10.721+0000] {processor.py:179} INFO - Processing /opt/airflow/dags/redditdag.py took 0.063 seconds
[2025-06-08T19:29:02.530+0000] {processor.py:157} INFO - Started process (PID=833) to work on /opt/airflow/dags/redditdag.py
[2025-06-08T19:29:02.532+0000] {processor.py:829} INFO - Processing file /opt/airflow/dags/redditdag.py for tasks to queue
[2025-06-08T19:29:02.537+0000] {logging_mixin.py:151} INFO - [2025-06-08T19:29:02.536+0000] {dagbag.py:536} INFO - Filling up the DagBag from /opt/airflow/dags/redditdag.py
[2025-06-08T19:29:02.542+0000] {logging_mixin.py:151} INFO - [2025-06-08T19:29:02.541+0000] {dagbag.py:346} ERROR - Failed to import: /opt/airflow/dags/redditdag.py
Traceback (most recent call last):
  File "/home/airflow/.local/lib/python3.9/site-packages/airflow/models/dagbag.py", line 342, in parse
    loader.exec_module(new_module)
  File "<frozen importlib._bootstrap_external>", line 850, in exec_module
  File "<frozen importlib._bootstrap>", line 228, in _call_with_frames_removed
  File "/opt/airflow/dags/redditdag.py", line 5, in <module>
    from airflow.providers.standard.operators.python import PythonOperator
ModuleNotFoundError: No module named 'airflow.providers.standard'
[2025-06-08T19:29:02.542+0000] {processor.py:841} WARNING - No viable dags retrieved from /opt/airflow/dags/redditdag.py
[2025-06-08T19:29:02.562+0000] {processor.py:179} INFO - Processing /opt/airflow/dags/redditdag.py took 0.037 seconds
[2025-06-08T20:54:32.814+0000] {processor.py:157} INFO - Started process (PID=834) to work on /opt/airflow/dags/redditdag.py
[2025-06-08T20:54:32.821+0000] {processor.py:829} INFO - Processing file /opt/airflow/dags/redditdag.py for tasks to queue
[2025-06-08T20:54:32.838+0000] {logging_mixin.py:151} INFO - [2025-06-08T20:54:32.836+0000] {dagbag.py:536} INFO - Filling up the DagBag from /opt/airflow/dags/redditdag.py
[2025-06-08T20:54:32.848+0000] {logging_mixin.py:151} INFO - [2025-06-08T20:54:32.845+0000] {dagbag.py:346} ERROR - Failed to import: /opt/airflow/dags/redditdag.py
Traceback (most recent call last):
  File "/home/airflow/.local/lib/python3.9/site-packages/airflow/models/dagbag.py", line 342, in parse
    loader.exec_module(new_module)
  File "<frozen importlib._bootstrap_external>", line 850, in exec_module
  File "<frozen importlib._bootstrap>", line 228, in _call_with_frames_removed
  File "/opt/airflow/dags/redditdag.py", line 5, in <module>
    from airflow.providers.standard.operators.python import PythonOperator
ModuleNotFoundError: No module named 'airflow.providers.standard'
[2025-06-08T20:54:32.849+0000] {processor.py:841} WARNING - No viable dags retrieved from /opt/airflow/dags/redditdag.py
[2025-06-08T20:54:32.897+0000] {processor.py:179} INFO - Processing /opt/airflow/dags/redditdag.py took 0.106 seconds
[2025-06-08T21:30:50.471+0000] {processor.py:157} INFO - Started process (PID=835) to work on /opt/airflow/dags/redditdag.py
[2025-06-08T21:30:50.477+0000] {processor.py:829} INFO - Processing file /opt/airflow/dags/redditdag.py for tasks to queue
[2025-06-08T21:30:50.483+0000] {logging_mixin.py:151} INFO - [2025-06-08T21:30:50.482+0000] {dagbag.py:536} INFO - Filling up the DagBag from /opt/airflow/dags/redditdag.py
[2025-06-08T21:30:50.491+0000] {logging_mixin.py:151} INFO - [2025-06-08T21:30:50.489+0000] {dagbag.py:346} ERROR - Failed to import: /opt/airflow/dags/redditdag.py
Traceback (most recent call last):
  File "/home/airflow/.local/lib/python3.9/site-packages/airflow/models/dagbag.py", line 342, in parse
    loader.exec_module(new_module)
  File "<frozen importlib._bootstrap_external>", line 850, in exec_module
  File "<frozen importlib._bootstrap>", line 228, in _call_with_frames_removed
  File "/opt/airflow/dags/redditdag.py", line 5, in <module>
    from airflow.providers.standard.operators.python import PythonOperator
ModuleNotFoundError: No module named 'airflow.providers.standard'
[2025-06-08T21:30:50.492+0000] {processor.py:841} WARNING - No viable dags retrieved from /opt/airflow/dags/redditdag.py
[2025-06-08T21:30:50.514+0000] {processor.py:179} INFO - Processing /opt/airflow/dags/redditdag.py took 0.054 seconds
[2025-06-08T22:00:35.115+0000] {processor.py:157} INFO - Started process (PID=836) to work on /opt/airflow/dags/redditdag.py
[2025-06-08T22:00:35.120+0000] {processor.py:829} INFO - Processing file /opt/airflow/dags/redditdag.py for tasks to queue
[2025-06-08T22:00:35.132+0000] {logging_mixin.py:151} INFO - [2025-06-08T22:00:35.131+0000] {dagbag.py:536} INFO - Filling up the DagBag from /opt/airflow/dags/redditdag.py
[2025-06-08T22:00:35.147+0000] {logging_mixin.py:151} INFO - [2025-06-08T22:00:35.141+0000] {dagbag.py:346} ERROR - Failed to import: /opt/airflow/dags/redditdag.py
Traceback (most recent call last):
  File "/home/airflow/.local/lib/python3.9/site-packages/airflow/models/dagbag.py", line 342, in parse
    loader.exec_module(new_module)
  File "<frozen importlib._bootstrap_external>", line 850, in exec_module
  File "<frozen importlib._bootstrap>", line 228, in _call_with_frames_removed
  File "/opt/airflow/dags/redditdag.py", line 5, in <module>
    from airflow.providers.standard.operators.python import PythonOperator
ModuleNotFoundError: No module named 'airflow.providers.standard'
[2025-06-08T22:00:35.147+0000] {processor.py:841} WARNING - No viable dags retrieved from /opt/airflow/dags/redditdag.py
[2025-06-08T22:00:35.187+0000] {processor.py:179} INFO - Processing /opt/airflow/dags/redditdag.py took 0.085 seconds
[2025-06-08T23:10:58.672+0000] {processor.py:157} INFO - Started process (PID=837) to work on /opt/airflow/dags/redditdag.py
[2025-06-08T23:10:58.677+0000] {processor.py:829} INFO - Processing file /opt/airflow/dags/redditdag.py for tasks to queue
[2025-06-08T23:10:58.684+0000] {logging_mixin.py:151} INFO - [2025-06-08T23:10:58.683+0000] {dagbag.py:536} INFO - Filling up the DagBag from /opt/airflow/dags/redditdag.py
[2025-06-08T23:10:58.695+0000] {logging_mixin.py:151} INFO - [2025-06-08T23:10:58.693+0000] {dagbag.py:346} ERROR - Failed to import: /opt/airflow/dags/redditdag.py
Traceback (most recent call last):
  File "/home/airflow/.local/lib/python3.9/site-packages/airflow/models/dagbag.py", line 342, in parse
    loader.exec_module(new_module)
  File "<frozen importlib._bootstrap_external>", line 850, in exec_module
  File "<frozen importlib._bootstrap>", line 228, in _call_with_frames_removed
  File "/opt/airflow/dags/redditdag.py", line 5, in <module>
    from airflow.providers.standard.operators.python import PythonOperator
ModuleNotFoundError: No module named 'airflow.providers.standard'
[2025-06-08T23:10:58.696+0000] {processor.py:841} WARNING - No viable dags retrieved from /opt/airflow/dags/redditdag.py
[2025-06-08T23:10:58.730+0000] {processor.py:179} INFO - Processing /opt/airflow/dags/redditdag.py took 0.071 seconds
[2025-06-08T23:11:36.013+0000] {processor.py:157} INFO - Started process (PID=838) to work on /opt/airflow/dags/redditdag.py
[2025-06-08T23:11:36.021+0000] {processor.py:829} INFO - Processing file /opt/airflow/dags/redditdag.py for tasks to queue
[2025-06-08T23:11:36.031+0000] {logging_mixin.py:151} INFO - [2025-06-08T23:11:36.030+0000] {dagbag.py:536} INFO - Filling up the DagBag from /opt/airflow/dags/redditdag.py
[2025-06-08T23:11:36.046+0000] {logging_mixin.py:151} INFO - [2025-06-08T23:11:36.043+0000] {dagbag.py:346} ERROR - Failed to import: /opt/airflow/dags/redditdag.py
Traceback (most recent call last):
  File "/home/airflow/.local/lib/python3.9/site-packages/airflow/models/dagbag.py", line 342, in parse
    loader.exec_module(new_module)
  File "<frozen importlib._bootstrap_external>", line 850, in exec_module
  File "<frozen importlib._bootstrap>", line 228, in _call_with_frames_removed
  File "/opt/airflow/dags/redditdag.py", line 5, in <module>
    from airflow.providers.standard.operators.python import PythonOperator
ModuleNotFoundError: No module named 'airflow.providers.standard'
[2025-06-08T23:11:36.047+0000] {processor.py:841} WARNING - No viable dags retrieved from /opt/airflow/dags/redditdag.py
[2025-06-08T23:11:36.107+0000] {processor.py:179} INFO - Processing /opt/airflow/dags/redditdag.py took 0.136 seconds
